This is XeTeX, Version 3.14159265-2.6-0.99999 (TeX Live 2018) (preloaded format=xelatex 2023.7.1)  28 NOV 2023 00:31
entering extended mode
 restricted \write18 enabled.
 %&-line parsing enabled.
**Shifting_Baselines.tex
(./Shifting_Baselines.tex
LaTeX2e <2017-04-15>
Babel <3.17> and hyphenation patterns for 3 language(s) loaded.

! LaTeX Error: File `tufte-handout.cls' not found.

Type X to quit or <RETURN> to proceed,
or enter new name. (Default extension: cls)

Enter file name: 
! Emergency stop.
<read *> 
         
l.2 ^^M
        
Here is how much of TeX's memory you used:
 9 strings out of 494986
 167 string characters out of 6178606
 53504 words of memory out of 5000000
 3950 multiletter control sequences out of 15000+600000
 3640 words of font info for 14 fonts, out of 8000000 for 9000
 14 hyphenation exceptions out of 8191
 10i,0n,7p,56b,8s stack positions out of 5000i,500n,10000p,200000b,80000s

No pages of output.
