<<<<<<< HEAD
This is pdfTeX, Version 3.14159265-2.6-1.40.19 (TeX Live 2018) (preloaded format=pdflatex 2022.9.19)  18 NOV 2022 06:43
=======
This is pdfTeX, Version 3.1415926-2.5-1.40.14 (TeX Live 2013) (format=pdflatex 2020.5.9)  16 SEP 2022 05:40
>>>>>>> b702cd0195f3d723e21a95c11e760e95ca313294
entering extended mode
 restricted \write18 enabled.
 %&-line parsing enabled.
**IntroR.tex
(./IntroR.tex
<<<<<<< HEAD
LaTeX2e <2017-04-15>
Babel <3.17> and hyphenation patterns for 3 language(s) loaded.
=======
LaTeX2e <2011/06/27>
Babel <v3.8m> and hyphenation patterns for english, dumylang, nohyphenation, uk
rainian, russian, bulgarian, loaded.
>>>>>>> b702cd0195f3d723e21a95c11e760e95ca313294
(./tufte-handout.cls
Document Class: tufte-handout 2015/06/21 v3.5.2 Tufte-handout class
(./tufte-common.def
File: tufte-common.def 2015/06/21 v3.5.2 Common code for the Tufte-LaTeX styles


(/usr/share/texlive/texmf-dist/tex/latex/xkeyval/xkeyval.sty
<<<<<<< HEAD
Package: xkeyval 2014/12/03 v2.7a package option processing (HA)

(/usr/share/texlive/texmf-dist/tex/generic/xkeyval/xkeyval.tex
(/usr/share/texlive/texmf-dist/tex/generic/xkeyval/xkvutils.tex
\XKV@toks=\toks14
\XKV@tempa@toks=\toks15

(/usr/share/texlive/texmf-dist/tex/generic/xkeyval/keyval.tex))
\XKV@depth=\count79
File: xkeyval.tex 2014/12/03 v2.7a key=value parser (HA)
))
(/usr/share/texlive/texmf-dist/tex/latex/xifthen/xifthen.sty
Package: xifthen 2015/11/05 v1.4.0 Extended ifthen features

(/usr/share/texlive/texmf-dist/tex/latex/tools/calc.sty
Package: calc 2014/10/28 v4.3 Infix arithmetic (KKT,FJ)
\calc@Acount=\count80
\calc@Bcount=\count81
=======
Package: xkeyval 2012/10/14 v2.6b package option processing (HA)

(/usr/share/texlive/texmf-dist/tex/generic/xkeyval/xkeyval.tex
\XKV@toks=\toks14
\XKV@tempa@toks=\toks15
\XKV@depth=\count79
File: xkeyval.tex 2012/10/14 v2.6b key=value parser (HA)

(/usr/share/texlive/texmf-dist/tex/generic/xkeyval/keyval.tex)))
(/usr/share/texlive/texmf-dist/tex/latex/xifthen/xifthen.sty
Package: xifthen 2009/04/17 v1.3 Extended ifthen features

(/usr/share/texlive/texmf-dist/tex/latex/etex-pkg/etex.sty
Package: etex 1998/03/26 v2.0 eTeX basic definition package (PEB)
\et@xins=\count80
)
(/usr/share/texlive/texmf-dist/tex/latex/tools/calc.sty
Package: calc 2007/08/22 v4.3 Infix arithmetic (KKT,FJ)
\calc@Acount=\count81
\calc@Bcount=\count82
>>>>>>> b702cd0195f3d723e21a95c11e760e95ca313294
\calc@Adimen=\dimen102
\calc@Bdimen=\dimen103
\calc@Askip=\skip41
\calc@Bskip=\skip42
<<<<<<< HEAD
LaTeX Info: Redefining \setlength on input line 80.
LaTeX Info: Redefining \addtolength on input line 81.
\calc@Ccount=\count82
\calc@Cskip=\skip43
)
(/usr/share/texlive/texmf-dist/tex/latex/base/ifthen.sty
Package: ifthen 2014/09/29 v1.1c Standard LaTeX ifthen package (DPC)
=======
LaTeX Info: Redefining \setlength on input line 76.
LaTeX Info: Redefining \addtolength on input line 77.
\calc@Ccount=\count83
\calc@Cskip=\skip43
)
(/usr/share/texlive/texmf-dist/tex/latex/base/ifthen.sty
Package: ifthen 2001/05/26 v1.1c Standard LaTeX ifthen package (DPC)
>>>>>>> b702cd0195f3d723e21a95c11e760e95ca313294
)
(/usr/share/texlive/texmf-dist/tex/latex/ifmtarg/ifmtarg.sty
Package: ifmtarg 2009/09/02 v1.2a check for an empty argument
)) (./hardwrap.sty
Package: hardwrap 2011/02/12 v0.2 Hard wrap messages

(/usr/share/texlive/texmf-dist/tex/latex/ifplatform/ifplatform.sty
<<<<<<< HEAD
Package: ifplatform 2017/10/13 v0.4a Testing for the operating system

(/usr/share/texlive/texmf-dist/tex/latex/tools/shellesc.sty
Package: shellesc 2016/06/07 v0.02a unified shell escape interface for LaTeX
Package shellesc Info: Restricted shell escape enabled on input line 69.
)
(/usr/share/texlive/texmf-dist/tex/generic/oberdiek/pdftexcmds.sty
Package: pdftexcmds 2017/03/19 v0.25 Utility functions of pdfTeX for LuaTeX (HO
)

(/usr/share/texlive/texmf-dist/tex/generic/oberdiek/infwarerr.sty
Package: infwarerr 2016/05/16 v1.4 Providing info/warning/error messages (HO)
)
(/usr/share/texlive/texmf-dist/tex/generic/oberdiek/ifluatex.sty
Package: ifluatex 2016/05/16 v1.4 Provides the ifluatex switch (HO)
Package ifluatex Info: LuaTeX not detected.
)
(/usr/share/texlive/texmf-dist/tex/generic/oberdiek/ltxcmds.sty
Package: ltxcmds 2016/05/16 v1.23 LaTeX kernel commands for general use (HO)
)
(/usr/share/texlive/texmf-dist/tex/generic/oberdiek/ifpdf.sty
Package: ifpdf 2017/03/15 v3.2 Provides the ifpdf switch
=======
Package: ifplatform 2010/10/22 v0.4 Testing for the operating system

(/usr/share/texlive/texmf-dist/tex/generic/oberdiek/pdftexcmds.sty
Package: pdftexcmds 2011/11/29 v0.20 Utility functions of pdfTeX for LuaTeX (HO
)

(/usr/share/texlive/texmf-dist/tex/generic/oberdiek/infwarerr.sty
Package: infwarerr 2010/04/08 v1.3 Providing info/warning/error messages (HO)
)
(/usr/share/texlive/texmf-dist/tex/generic/oberdiek/ifluatex.sty
Package: ifluatex 2010/03/01 v1.3 Provides the ifluatex switch (HO)
Package ifluatex Info: LuaTeX not detected.
)
(/usr/share/texlive/texmf-dist/tex/generic/oberdiek/ltxcmds.sty
Package: ltxcmds 2011/11/09 v1.22 LaTeX kernel commands for general use (HO)
)
(/usr/share/texlive/texmf-dist/tex/generic/oberdiek/ifpdf.sty
Package: ifpdf 2011/01/30 v2.3 Provides the ifpdf switch (HO)
Package ifpdf Info: pdfTeX in PDF mode is detected.
>>>>>>> b702cd0195f3d723e21a95c11e760e95ca313294
)
Package pdftexcmds Info: LuaTeX not detected.
Package pdftexcmds Info: \pdf@primitive is available.
Package pdftexcmds Info: \pdf@ifprimitive is available.
Package pdftexcmds Info: \pdfdraftmode found.
)
(/usr/share/texlive/texmf-dist/tex/generic/oberdiek/catchfile.sty
<<<<<<< HEAD
Package: catchfile 2016/05/16 v1.7 Catch the contents of a file (HO)

(/usr/share/texlive/texmf-dist/tex/generic/oberdiek/etexcmds.sty
Package: etexcmds 2016/05/16 v1.6 Avoid name clashes with e-TeX commands (HO)
=======
Package: catchfile 2011/03/01 v1.6 Catch the contents of a file (HO)

(/usr/share/texlive/texmf-dist/tex/generic/oberdiek/etexcmds.sty
Package: etexcmds 2011/02/16 v1.5 Avoid name clashes with e-TeX commands (HO)
>>>>>>> b702cd0195f3d723e21a95c11e760e95ca313294
Package etexcmds Info: Could not find \expanded.
(etexcmds)             That can mean that you are not using pdfTeX 1.50 or
(etexcmds)             that some package has redefined \expanded.
(etexcmds)             In the latter case, load this package earlier.
))

Package ifplatform Warning: 
    shell escape is disabled, so I can only detect \ifwindows.

) (/usr/share/texlive/texmf-dist/tex/generic/ifxetex/ifxetex.sty
Package: ifxetex 2010/09/12 v0.6 Provides ifxetex conditional
)
<<<<<<< HEAD
\hw@charcount=\count83
\hw@wordcount=\count84
\hw@maxprintline=\count85

(|kpsewhich -var-value=max_print_line))
Class tufte-handout Info: Loading the base class `article'

(/usr/share/texlive/texmf-dist/tex/latex/base/article.cls
Document Class: article 2014/09/29 v1.4h Standard LaTeX document class
(/usr/share/texlive/texmf-dist/tex/latex/base/size10.clo
File: size10.clo 2014/09/29 v1.4h Standard LaTeX file (size option)
)
\c@part=\count86
\c@section=\count87
\c@subsection=\count88
\c@subsubsection=\count89
\c@paragraph=\count90
\c@subparagraph=\count91
\c@figure=\count92
\c@table=\count93
=======
\hw@charcount=\count84
\hw@wordcount=\count85
\hw@maxprintline=\count86

(/usr/share/texlive/texmf-dist/tex/generic/ifxetex/ifxetex.sty))
Class tufte-handout Info: Loading the base class `article'

(/usr/share/texlive/texmf-dist/tex/latex/base/article.cls
Document Class: article 2007/10/19 v1.4h Standard LaTeX document class
(/usr/share/texlive/texmf-dist/tex/latex/base/size10.clo
File: size10.clo 2007/10/19 v1.4h Standard LaTeX file (size option)
)
\c@part=\count87
\c@section=\count88
\c@subsection=\count89
\c@subsubsection=\count90
\c@paragraph=\count91
\c@subparagraph=\count92
\c@figure=\count93
\c@table=\count94
>>>>>>> b702cd0195f3d723e21a95c11e760e95ca313294
\abovecaptionskip=\skip44
\belowcaptionskip=\skip45
\bibindent=\dimen104
)
(/usr/share/texlive/texmf-dist/tex/latex/titlesec/titlesec.sty
<<<<<<< HEAD
Package: titlesec 2016/03/21 v2.10.2 Sectioning titles
=======
Package: titlesec 2011/12/15 v2.10.0 Sectioning titles
>>>>>>> b702cd0195f3d723e21a95c11e760e95ca313294
\ttl@box=\box26
\beforetitleunit=\skip46
\aftertitleunit=\skip47
\ttl@plus=\dimen105
\ttl@minus=\dimen106
\ttl@toksa=\toks16
\titlewidth=\dimen107
\titlewidthlast=\dimen108
\titlewidthfirst=\dimen109
)
(/usr/share/texlive/texmf-dist/tex/latex/titlesec/titletoc.sty
Package: titletoc 2011/12/15 v1.6 TOC entries
\ttl@leftsep=\dimen110
)
(/usr/share/texlive/texmf-dist/tex/latex/hyperref/hyperref.sty
<<<<<<< HEAD
Package: hyperref 2017/03/14 v6.85a Hypertext links for LaTeX

(/usr/share/texlive/texmf-dist/tex/generic/oberdiek/hobsub-hyperref.sty
Package: hobsub-hyperref 2016/05/16 v1.14 Bundle oberdiek, subset hyperref (HO)


(/usr/share/texlive/texmf-dist/tex/generic/oberdiek/hobsub-generic.sty
Package: hobsub-generic 2016/05/16 v1.14 Bundle oberdiek, subset generic (HO)
Package: hobsub 2016/05/16 v1.14 Construct package bundles (HO)
Package hobsub Info: Skipping package `infwarerr' (already loaded).
Package hobsub Info: Skipping package `ltxcmds' (already loaded).
Package hobsub Info: Skipping package `ifluatex' (already loaded).
Package: ifvtex 2016/05/16 v1.6 Detect VTeX and its facilities (HO)
Package ifvtex Info: VTeX not detected.
Package: intcalc 2016/05/16 v1.2 Expandable calculations with integers (HO)
Package hobsub Info: Skipping package `ifpdf' (already loaded).
Package hobsub Info: Skipping package `etexcmds' (already loaded).
Package: kvsetkeys 2016/05/16 v1.17 Key value parser (HO)
Package: kvdefinekeys 2016/05/16 v1.4 Define keys (HO)
Package hobsub Info: Skipping package `pdftexcmds' (already loaded).
Package: pdfescape 2016/05/16 v1.14 Implements pdfTeX's escape features (HO)
Package: bigintcalc 2016/05/16 v1.4 Expandable calculations on big integers (HO
)
Package: bitset 2016/05/16 v1.2 Handle bit-vector datatype (HO)
Package: uniquecounter 2016/05/16 v1.3 Provide unlimited unique counter (HO)
)
Package hobsub Info: Skipping package `hobsub' (already loaded).
Package: letltxmacro 2016/05/16 v1.5 Let assignment for LaTeX macros (HO)
Package: hopatch 2016/05/16 v1.3 Wrapper for package hooks (HO)
Package: xcolor-patch 2016/05/16 xcolor patch
Package: atveryend 2016/05/16 v1.9 Hooks at the very end of document (HO)
Package atveryend Info: \enddocument detected (standard20110627).
Package: atbegshi 2016/06/09 v1.18 At begin shipout hook (HO)
Package: refcount 2016/05/16 v3.5 Data extraction from label references (HO)
Package: hycolor 2016/05/16 v1.8 Color options for hyperref/bookmark (HO)
)
(/usr/share/texlive/texmf-dist/tex/latex/oberdiek/auxhook.sty
Package: auxhook 2016/05/16 v1.4 Hooks for auxiliary files (HO)
)
(/usr/share/texlive/texmf-dist/tex/latex/oberdiek/kvoptions.sty
Package: kvoptions 2016/05/16 v3.12 Key value format for package options (HO)
)
\@linkdim=\dimen111
\Hy@linkcounter=\count94
\Hy@pagecounter=\count95

(/usr/share/texlive/texmf-dist/tex/latex/hyperref/pd1enc.def
File: pd1enc.def 2017/03/14 v6.85a Hyperref: PDFDocEncoding definition (HO)
)
\Hy@SavedSpaceFactor=\count96
=======
Package: hyperref 2012/11/06 v6.83m Hypertext links for LaTeX

(/usr/share/texlive/texmf-dist/tex/generic/oberdiek/hobsub-hyperref.sty
Package: hobsub-hyperref 2012/05/28 v1.13 Bundle oberdiek, subset hyperref (HO)


(/usr/share/texlive/texmf-dist/tex/generic/oberdiek/hobsub-generic.sty
Package: hobsub-generic 2012/05/28 v1.13 Bundle oberdiek, subset generic (HO)
Package: hobsub 2012/05/28 v1.13 Construct package bundles (HO)
Package hobsub Info: Skipping package `infwarerr' (already loaded).
Package hobsub Info: Skipping package `ltxcmds' (already loaded).
Package hobsub Info: Skipping package `ifluatex' (already loaded).
Package: ifvtex 2010/03/01 v1.5 Detect VTeX and its facilities (HO)
Package ifvtex Info: VTeX not detected.
Package: intcalc 2007/09/27 v1.1 Expandable calculations with integers (HO)
Package hobsub Info: Skipping package `ifpdf' (already loaded).
Package hobsub Info: Skipping package `etexcmds' (already loaded).
Package: kvsetkeys 2012/04/25 v1.16 Key value parser (HO)
Package: kvdefinekeys 2011/04/07 v1.3 Define keys (HO)
Package hobsub Info: Skipping package `pdftexcmds' (already loaded).
Package: pdfescape 2011/11/25 v1.13 Implements pdfTeX's escape features (HO)
Package: bigintcalc 2012/04/08 v1.3 Expandable calculations on big integers (HO
)
Package: bitset 2011/01/30 v1.1 Handle bit-vector datatype (HO)
Package: uniquecounter 2011/01/30 v1.2 Provide unlimited unique counter (HO)
)
Package hobsub Info: Skipping package `hobsub' (already loaded).
Package: letltxmacro 2010/09/02 v1.4 Let assignment for LaTeX macros (HO)
Package: hopatch 2012/05/28 v1.2 Wrapper for package hooks (HO)
Package: xcolor-patch 2011/01/30 xcolor patch
Package: atveryend 2011/06/30 v1.8 Hooks at the very end of document (HO)
Package atveryend Info: \enddocument detected (standard20110627).
Package: atbegshi 2011/10/05 v1.16 At begin shipout hook (HO)
Package: refcount 2011/10/16 v3.4 Data extraction from label references (HO)
Package: hycolor 2011/01/30 v1.7 Color options for hyperref/bookmark (HO)
)
(/usr/share/texlive/texmf-dist/tex/latex/oberdiek/auxhook.sty
Package: auxhook 2011/03/04 v1.3 Hooks for auxiliary files (HO)
)
(/usr/share/texlive/texmf-dist/tex/latex/oberdiek/kvoptions.sty
Package: kvoptions 2011/06/30 v3.11 Key value format for package options (HO)
)
\@linkdim=\dimen111
\Hy@linkcounter=\count95
\Hy@pagecounter=\count96

(/usr/share/texlive/texmf-dist/tex/latex/hyperref/pd1enc.def
File: pd1enc.def 2012/11/06 v6.83m Hyperref: PDFDocEncoding definition (HO)
)
\Hy@SavedSpaceFactor=\count97
>>>>>>> b702cd0195f3d723e21a95c11e760e95ca313294

(/usr/share/texlive/texmf-dist/tex/latex/latexconfig/hyperref.cfg
File: hyperref.cfg 2002/06/06 v1.2 hyperref configuration of TeXLive
)
<<<<<<< HEAD
Package hyperref Info: Option `unicode' set `true' on input line 4374.

(/usr/share/texlive/texmf-dist/tex/latex/hyperref/puenc.def
File: puenc.def 2017/03/14 v6.85a Hyperref: PDF Unicode definition (HO)
)
Package hyperref Info: Option `hyperfootnotes' set `false' on input line 4374.
Package hyperref Info: Hyper figures OFF on input line 4498.
Package hyperref Info: Link nesting OFF on input line 4503.
Package hyperref Info: Hyper index ON on input line 4506.
Package hyperref Info: Plain pages OFF on input line 4513.
Package hyperref Info: Backreferencing OFF on input line 4518.
Package hyperref Info: Implicit mode ON; LaTeX internals redefined.
Package hyperref Info: Bookmarks ON on input line 4751.
\c@Hy@tempcnt=\count97

(/usr/share/texlive/texmf-dist/tex/latex/url/url.sty
\Urlmuskip=\muskip10
Package: url 2013/09/16  ver 3.4  Verb mode for urls, etc.
)
LaTeX Info: Redefining \url on input line 5104.
\XeTeXLinkMargin=\dimen112
\Fld@menulength=\count98
\Field@Width=\dimen113
\Fld@charsize=\dimen114
Package hyperref Info: Hyper figures OFF on input line 6358.
Package hyperref Info: Link nesting OFF on input line 6363.
Package hyperref Info: Hyper index ON on input line 6366.
Package hyperref Info: backreferencing OFF on input line 6373.
Package hyperref Info: Link coloring OFF on input line 6378.
Package hyperref Info: Link coloring with OCG OFF on input line 6383.
Package hyperref Info: PDF/A mode OFF on input line 6388.
LaTeX Info: Redefining \ref on input line 6428.
LaTeX Info: Redefining \pageref on input line 6432.
\Hy@abspage=\count99
\c@Item=\count100
=======
Package hyperref Info: Option `unicode' set `true' on input line 4319.

(/usr/share/texlive/texmf-dist/tex/latex/hyperref/puenc.def
File: puenc.def 2012/11/06 v6.83m Hyperref: PDF Unicode definition (HO)
)
Package hyperref Info: Option `hyperfootnotes' set `false' on input line 4319.
Package hyperref Info: Hyper figures OFF on input line 4443.
Package hyperref Info: Link nesting OFF on input line 4448.
Package hyperref Info: Hyper index ON on input line 4451.
Package hyperref Info: Plain pages OFF on input line 4458.
Package hyperref Info: Backreferencing OFF on input line 4463.
Package hyperref Info: Implicit mode ON; LaTeX internals redefined.
Package hyperref Info: Bookmarks ON on input line 4688.
\c@Hy@tempcnt=\count98

(/usr/share/texlive/texmf-dist/tex/latex/url/url.sty
\Urlmuskip=\muskip10
Package: url 2006/04/12  ver 3.3  Verb mode for urls, etc.
)
LaTeX Info: Redefining \url on input line 5041.
\XeTeXLinkMargin=\dimen112
\Fld@menulength=\count99
\Field@Width=\dimen113
\Fld@charsize=\dimen114
Package hyperref Info: Hyper figures OFF on input line 6295.
Package hyperref Info: Link nesting OFF on input line 6300.
Package hyperref Info: Hyper index ON on input line 6303.
Package hyperref Info: backreferencing OFF on input line 6310.
Package hyperref Info: Link coloring OFF on input line 6315.
Package hyperref Info: Link coloring with OCG OFF on input line 6320.
Package hyperref Info: PDF/A mode OFF on input line 6325.
LaTeX Info: Redefining \ref on input line 6365.
LaTeX Info: Redefining \pageref on input line 6369.
\Hy@abspage=\count100
\c@Item=\count101
>>>>>>> b702cd0195f3d723e21a95c11e760e95ca313294
)

Package hyperref Message: Driver (autodetected): hpdftex.

(/usr/share/texlive/texmf-dist/tex/latex/hyperref/hpdftex.def
<<<<<<< HEAD
File: hpdftex.def 2017/03/14 v6.85a Hyperref driver for pdfTeX
\Fld@listcount=\count101
\c@bookmark@seq@number=\count102

(/usr/share/texlive/texmf-dist/tex/latex/oberdiek/rerunfilecheck.sty
Package: rerunfilecheck 2016/05/16 v1.8 Rerun checks for auxiliary files (HO)
=======
File: hpdftex.def 2012/11/06 v6.83m Hyperref driver for pdfTeX
\Fld@listcount=\count102
\c@bookmark@seq@number=\count103

(/usr/share/texlive/texmf-dist/tex/latex/oberdiek/rerunfilecheck.sty
Package: rerunfilecheck 2011/04/15 v1.7 Rerun checks for auxiliary files (HO)
>>>>>>> b702cd0195f3d723e21a95c11e760e95ca313294
Package uniquecounter Info: New unique counter `rerunfilecheck' on input line 2
82.
)
\Hy@SectionHShift=\skip48
)
(/usr/share/texlive/texmf-dist/tex/latex/ms/ragged2e.sty
Package: ragged2e 2009/05/21 v2.1 ragged2e Package (MS)

(/usr/share/texlive/texmf-dist/tex/latex/ms/everysel.sty
Package: everysel 2011/10/28 v1.2 EverySelectfont Package (MS)
)
\CenteringLeftskip=\skip49
\RaggedLeftLeftskip=\skip50
\RaggedRightLeftskip=\skip51
\CenteringRightskip=\skip52
\RaggedLeftRightskip=\skip53
\RaggedRightRightskip=\skip54
\CenteringParfillskip=\skip55
\RaggedLeftParfillskip=\skip56
\RaggedRightParfillskip=\skip57
\JustifyingParfillskip=\skip58
\CenteringParindent=\skip59
\RaggedLeftParindent=\skip60
\RaggedRightParindent=\skip61
\JustifyingParindent=\skip62
)
(/usr/share/texlive/texmf-dist/tex/latex/geometry/geometry.sty
Package: geometry 2010/09/12 v5.6 Page Geometry
<<<<<<< HEAD
\Gm@cnth=\count103
\Gm@cntv=\count104
\c@Gm@tempcnt=\count105
=======
\Gm@cnth=\count104
\Gm@cntv=\count105
\c@Gm@tempcnt=\count106
>>>>>>> b702cd0195f3d723e21a95c11e760e95ca313294
\Gm@bindingoffset=\dimen115
\Gm@wd@mp=\dimen116
\Gm@odd@mp=\dimen117
\Gm@even@mp=\dimen118
\Gm@layoutwidth=\dimen119
\Gm@layoutheight=\dimen120
\Gm@layouthoffset=\dimen121
\Gm@layoutvoffset=\dimen122
\Gm@dimlist=\toks17
)
(/usr/share/texlive/texmf-dist/tex/latex/changepage/changepage.sty
Package: changepage 2009/10/20 v1.0c check page and change page layout
<<<<<<< HEAD
\c@cp@cntr=\count106
\cp@tempcnt=\count107
=======
\c@cp@cntr=\count107
\cp@tempcnt=\count108
>>>>>>> b702cd0195f3d723e21a95c11e760e95ca313294
)
\@tufte@overhang=\skip63
\@tufte@fullwidth=\skip64
\@tufte@caption@fill=\skip65

(/usr/share/texlive/texmf-dist/tex/latex/paralist/paralist.sty
<<<<<<< HEAD
Package: paralist 2017/01/22 v2.7 Extended list environments
=======
Package: paralist 2002/03/18 v2.3b Extended list environments (BS)
>>>>>>> b702cd0195f3d723e21a95c11e760e95ca313294
\pltopsep=\skip66
\plpartopsep=\skip67
\plitemsep=\skip68
\plparsep=\skip69
\pl@lab=\toks18
)
(/usr/share/texlive/texmf-dist/tex/latex/textcase/textcase.sty
Package: textcase 2004/10/07 v0.07 Text only upper/lower case changing (DPC)
)
(/usr/share/texlive/texmf-dist/tex/latex/microtype/letterspace.sty
<<<<<<< HEAD
Package: letterspace 2017/07/07 v2.7 Robust letterspacing (RS)
LaTeX Info: Redefining \lsstyle on input line 345.
LaTeX Info: Redefining \lslig on input line 346.
LaTeX Info: Redefining \textls on input line 371.
=======
Package: letterspace 2013/03/13 v2.5 Robust letterspacing (RS)
LaTeX Info: Redefining \lsstyle on input line 294.
LaTeX Info: Redefining \lslig on input line 295.
LaTeX Info: Redefining \textls on input line 320.
>>>>>>> b702cd0195f3d723e21a95c11e760e95ca313294
\MT@outer@kern=\dimen123
)
(/usr/share/texlive/texmf-dist/tex/latex/setspace/setspace.sty
Package: setspace 2011/12/19 v6.7a set line spacing
)
(/usr/share/texlive/texmf-dist/tex/latex/xcolor/xcolor.sty
<<<<<<< HEAD
Package: xcolor 2016/05/11 v2.12 LaTeX color extensions (UK)

(/usr/share/texlive/texmf-dist/tex/latex/graphics-cfg/color.cfg
File: color.cfg 2016/01/02 v1.6 sample color configuration
)
Package xcolor Info: Driver file: pdftex.def on input line 225.

(/usr/share/texlive/texmf-dist/tex/latex/graphics-def/pdftex.def
File: pdftex.def 2017/06/24 v1.0g Graphics/color driver for pdftex
)
Package xcolor Info: Model `cmy' substituted by `cmy0' on input line 1348.
Package xcolor Info: Model `hsb' substituted by `rgb' on input line 1352.
Package xcolor Info: Model `RGB' extended on input line 1364.
Package xcolor Info: Model `HTML' substituted by `rgb' on input line 1366.
Package xcolor Info: Model `Hsb' substituted by `hsb' on input line 1367.
Package xcolor Info: Model `tHsb' substituted by `hsb' on input line 1368.
Package xcolor Info: Model `HSB' substituted by `hsb' on input line 1369.
Package xcolor Info: Model `Gray' substituted by `gray' on input line 1370.
Package xcolor Info: Model `wave' substituted by `hsb' on input line 1371.

(/usr/share/texlive/texmf-dist/tex/latex/graphics/dvipsnam.def
File: dvipsnam.def 2016/06/17 v3.0m Driver-dependent file (DPC,SPQR)
)
(/usr/share/texlive/texmf-dist/tex/latex/xcolor/svgnam.def
File: svgnam.def 2016/05/11 v2.12 Predefined colors according to SVG 1.1 (UK)
=======
Package: xcolor 2007/01/21 v2.11 LaTeX color extensions (UK)

(/usr/share/texlive/texmf-dist/tex/latex/latexconfig/color.cfg
File: color.cfg 2007/01/18 v1.5 color configuration of teTeX/TeXLive
)
Package xcolor Info: Driver file: pdftex.def on input line 225.

(/usr/share/texlive/texmf-dist/tex/latex/pdftex-def/pdftex.def
File: pdftex.def 2011/05/27 v0.06d Graphics/color for pdfTeX
\Gread@gobject=\count109
)
Package xcolor Info: Model `cmy' substituted by `cmy0' on input line 1337.
Package xcolor Info: Model `hsb' substituted by `rgb' on input line 1341.
Package xcolor Info: Model `RGB' extended on input line 1353.
Package xcolor Info: Model `HTML' substituted by `rgb' on input line 1355.
Package xcolor Info: Model `Hsb' substituted by `hsb' on input line 1356.
Package xcolor Info: Model `tHsb' substituted by `hsb' on input line 1357.
Package xcolor Info: Model `HSB' substituted by `hsb' on input line 1358.
Package xcolor Info: Model `Gray' substituted by `gray' on input line 1359.
Package xcolor Info: Model `wave' substituted by `hsb' on input line 1360.

(/usr/share/texlive/texmf-dist/tex/latex/graphics/dvipsnam.def
File: dvipsnam.def 1999/02/16 v3.0i Driver-dependant file (DPC,SPQR)
)
(/usr/share/texlive/texmf-dist/tex/latex/xcolor/svgnam.def
File: svgnam.def 2007/01/21 v2.11 Predefined colors according to SVG 1.1 (UK)
>>>>>>> b702cd0195f3d723e21a95c11e760e95ca313294
))
(/usr/share/texlive/texmf-dist/tex/latex/natbib/natbib.sty
Package: natbib 2010/09/13 8.31b (PWD, AO)
\bibhang=\skip70
\bibsep=\skip71
LaTeX Info: Redefining \cite on input line 694.
<<<<<<< HEAD
\c@NAT@ctr=\count108
=======
\c@NAT@ctr=\count110
>>>>>>> b702cd0195f3d723e21a95c11e760e95ca313294
)
(/usr/share/texlive/texmf-dist/tex/latex/natbib/bibentry.sty
Package: bibentry 2007/10/30 1.5 (PWD)
) (./IntroR.bbl)
<<<<<<< HEAD
\c@@tufte@num@bibkeys=\count109
=======
\c@@tufte@num@bibkeys=\count111
>>>>>>> b702cd0195f3d723e21a95c11e760e95ca313294

(/usr/share/texlive/texmf-dist/tex/latex/sauerj/optparams.sty
Package: optparams 2004/08/14 v0.9 multiple optional parameters in macros
)
\@tufte@sidenote@vertical@offset=\skip72

(/usr/share/texlive/texmf-dist/tex/latex/placeins/placeins.sty
Package: placeins 2005/04/18  v 2.2
)
\@tufte@margin@floatbox=\box27
\@tufte@figure@box=\box28
\@tufte@caption@box=\box29
\@tufte@caption@vertical@offset=\skip73
\@tufte@float@contents@width=\skip74

(/usr/share/texlive/texmf-dist/tex/latex/psnfss/mathpazo.sty
Package: mathpazo 2005/04/12 PSNFSS-v9.2a Palatino w/ Pazo Math (D.Puga, WaS) 
\symupright=\mathgroup4
)
(/usr/share/texlive/texmf-dist/tex/latex/psnfss/helvet.sty
Package: helvet 2005/04/12 PSNFSS-v9.2a (WaS) 
)
(/usr/share/texlive/texmf-dist/tex/latex/bera/beramono.sty
Package: beramono 2004/01/31 (WaS)
)
(/usr/share/texlive/texmf-dist/tex/latex/base/fontenc.sty
<<<<<<< HEAD
Package: fontenc 2017/04/05 v2.0i Standard LaTeX package

(/usr/share/texlive/texmf-dist/tex/latex/base/t1enc.def
File: t1enc.def 2017/04/05 v2.0i Standard LaTeX file
LaTeX Font Info:    Redeclaring font encoding T1 on input line 48.
))
(/usr/share/texlive/texmf-dist/tex/latex/base/textcomp.sty
Package: textcomp 2017/04/05 v2.0i Standard LaTeX package
=======
Package: fontenc 2005/09/27 v1.99g Standard LaTeX package

(/usr/share/texlive/texmf-dist/tex/latex/base/t1enc.def
File: t1enc.def 2005/09/27 v1.99g Standard LaTeX file
LaTeX Font Info:    Redeclaring font encoding T1 on input line 43.
))
(/usr/share/texlive/texmf-dist/tex/latex/base/textcomp.sty
Package: textcomp 2005/09/27 v1.99g Standard LaTeX package
>>>>>>> b702cd0195f3d723e21a95c11e760e95ca313294
Package textcomp Info: Sub-encoding information:
(textcomp)               5 = only ISO-Adobe without \textcurrency
(textcomp)               4 = 5 + \texteuro
(textcomp)               3 = 4 + \textohm
(textcomp)               2 = 3 + \textestimated + \textcurrency
(textcomp)               1 = TS1 - \textcircled - \t
(textcomp)               0 = TS1 (full)
(textcomp)             Font families with sub-encoding setting implement
(textcomp)             only a restricted character set as indicated.
(textcomp)             Family '?' is the default used for unknown fonts.
(textcomp)             See the documentation for details.
<<<<<<< HEAD
Package textcomp Info: Setting ? sub-encoding to TS1/1 on input line 79.
=======
Package textcomp Info: Setting ? sub-encoding to TS1/1 on input line 71.
>>>>>>> b702cd0195f3d723e21a95c11e760e95ca313294

(/usr/share/texlive/texmf-dist/tex/latex/base/ts1enc.def
File: ts1enc.def 2001/06/05 v3.0e (jk/car/fm) Standard LaTeX file
)
<<<<<<< HEAD
LaTeX Info: Redefining \oldstylenums on input line 334.
Package textcomp Info: Setting cmr sub-encoding to TS1/0 on input line 349.
Package textcomp Info: Setting cmss sub-encoding to TS1/0 on input line 350.
Package textcomp Info: Setting cmtt sub-encoding to TS1/0 on input line 351.
Package textcomp Info: Setting cmvtt sub-encoding to TS1/0 on input line 352.
Package textcomp Info: Setting cmbr sub-encoding to TS1/0 on input line 353.
Package textcomp Info: Setting cmtl sub-encoding to TS1/0 on input line 354.
Package textcomp Info: Setting ccr sub-encoding to TS1/0 on input line 355.
Package textcomp Info: Setting ptm sub-encoding to TS1/4 on input line 356.
Package textcomp Info: Setting pcr sub-encoding to TS1/4 on input line 357.
Package textcomp Info: Setting phv sub-encoding to TS1/4 on input line 358.
Package textcomp Info: Setting ppl sub-encoding to TS1/3 on input line 359.
Package textcomp Info: Setting pag sub-encoding to TS1/4 on input line 360.
Package textcomp Info: Setting pbk sub-encoding to TS1/4 on input line 361.
Package textcomp Info: Setting pnc sub-encoding to TS1/4 on input line 362.
Package textcomp Info: Setting pzc sub-encoding to TS1/4 on input line 363.
Package textcomp Info: Setting bch sub-encoding to TS1/4 on input line 364.
Package textcomp Info: Setting put sub-encoding to TS1/5 on input line 365.
Package textcomp Info: Setting uag sub-encoding to TS1/5 on input line 366.
Package textcomp Info: Setting ugq sub-encoding to TS1/5 on input line 367.
Package textcomp Info: Setting ul8 sub-encoding to TS1/4 on input line 368.
Package textcomp Info: Setting ul9 sub-encoding to TS1/4 on input line 369.
Package textcomp Info: Setting augie sub-encoding to TS1/5 on input line 370.
Package textcomp Info: Setting dayrom sub-encoding to TS1/3 on input line 371.
Package textcomp Info: Setting dayroms sub-encoding to TS1/3 on input line 372.

Package textcomp Info: Setting pxr sub-encoding to TS1/0 on input line 373.
Package textcomp Info: Setting pxss sub-encoding to TS1/0 on input line 374.
Package textcomp Info: Setting pxtt sub-encoding to TS1/0 on input line 375.
Package textcomp Info: Setting txr sub-encoding to TS1/0 on input line 376.
Package textcomp Info: Setting txss sub-encoding to TS1/0 on input line 377.
Package textcomp Info: Setting txtt sub-encoding to TS1/0 on input line 378.
Package textcomp Info: Setting lmr sub-encoding to TS1/0 on input line 379.
Package textcomp Info: Setting lmdh sub-encoding to TS1/0 on input line 380.
Package textcomp Info: Setting lmss sub-encoding to TS1/0 on input line 381.
Package textcomp Info: Setting lmssq sub-encoding to TS1/0 on input line 382.
Package textcomp Info: Setting lmvtt sub-encoding to TS1/0 on input line 383.
Package textcomp Info: Setting lmtt sub-encoding to TS1/0 on input line 384.
Package textcomp Info: Setting qhv sub-encoding to TS1/0 on input line 385.
Package textcomp Info: Setting qag sub-encoding to TS1/0 on input line 386.
Package textcomp Info: Setting qbk sub-encoding to TS1/0 on input line 387.
Package textcomp Info: Setting qcr sub-encoding to TS1/0 on input line 388.
Package textcomp Info: Setting qcs sub-encoding to TS1/0 on input line 389.
Package textcomp Info: Setting qpl sub-encoding to TS1/0 on input line 390.
Package textcomp Info: Setting qtm sub-encoding to TS1/0 on input line 391.
Package textcomp Info: Setting qzc sub-encoding to TS1/0 on input line 392.
Package textcomp Info: Setting qhvc sub-encoding to TS1/0 on input line 393.
Package textcomp Info: Setting futs sub-encoding to TS1/4 on input line 394.
Package textcomp Info: Setting futx sub-encoding to TS1/4 on input line 395.
Package textcomp Info: Setting futj sub-encoding to TS1/4 on input line 396.
Package textcomp Info: Setting hlh sub-encoding to TS1/3 on input line 397.
Package textcomp Info: Setting hls sub-encoding to TS1/3 on input line 398.
Package textcomp Info: Setting hlst sub-encoding to TS1/3 on input line 399.
Package textcomp Info: Setting hlct sub-encoding to TS1/5 on input line 400.
Package textcomp Info: Setting hlx sub-encoding to TS1/5 on input line 401.
Package textcomp Info: Setting hlce sub-encoding to TS1/5 on input line 402.
Package textcomp Info: Setting hlcn sub-encoding to TS1/5 on input line 403.
Package textcomp Info: Setting hlcw sub-encoding to TS1/5 on input line 404.
Package textcomp Info: Setting hlcf sub-encoding to TS1/5 on input line 405.
Package textcomp Info: Setting pplx sub-encoding to TS1/3 on input line 406.
Package textcomp Info: Setting pplj sub-encoding to TS1/3 on input line 407.
Package textcomp Info: Setting ptmx sub-encoding to TS1/4 on input line 408.
Package textcomp Info: Setting ptmj sub-encoding to TS1/4 on input line 409.
)
(/usr/share/texlive/texmf-dist/tex/latex/fancyhdr/fancyhdr.sty
Package: fancyhdr 2017/06/30 v3.9a Extensive control of page headers and footer
s
\f@nch@headwidth=\skip75
\f@nch@O@elh=\skip76
\f@nch@O@erh=\skip77
\f@nch@O@olh=\skip78
\f@nch@O@orh=\skip79
\f@nch@O@elf=\skip80
\f@nch@O@erf=\skip81
\f@nch@O@olf=\skip82
\f@nch@O@orf=\skip83
=======
LaTeX Info: Redefining \oldstylenums on input line 266.
Package textcomp Info: Setting cmr sub-encoding to TS1/0 on input line 281.
Package textcomp Info: Setting cmss sub-encoding to TS1/0 on input line 282.
Package textcomp Info: Setting cmtt sub-encoding to TS1/0 on input line 283.
Package textcomp Info: Setting cmvtt sub-encoding to TS1/0 on input line 284.
Package textcomp Info: Setting cmbr sub-encoding to TS1/0 on input line 285.
Package textcomp Info: Setting cmtl sub-encoding to TS1/0 on input line 286.
Package textcomp Info: Setting ccr sub-encoding to TS1/0 on input line 287.
Package textcomp Info: Setting ptm sub-encoding to TS1/4 on input line 288.
Package textcomp Info: Setting pcr sub-encoding to TS1/4 on input line 289.
Package textcomp Info: Setting phv sub-encoding to TS1/4 on input line 290.
Package textcomp Info: Setting ppl sub-encoding to TS1/3 on input line 291.
Package textcomp Info: Setting pag sub-encoding to TS1/4 on input line 292.
Package textcomp Info: Setting pbk sub-encoding to TS1/4 on input line 293.
Package textcomp Info: Setting pnc sub-encoding to TS1/4 on input line 294.
Package textcomp Info: Setting pzc sub-encoding to TS1/4 on input line 295.
Package textcomp Info: Setting bch sub-encoding to TS1/4 on input line 296.
Package textcomp Info: Setting put sub-encoding to TS1/5 on input line 297.
Package textcomp Info: Setting uag sub-encoding to TS1/5 on input line 298.
Package textcomp Info: Setting ugq sub-encoding to TS1/5 on input line 299.
Package textcomp Info: Setting ul8 sub-encoding to TS1/4 on input line 300.
Package textcomp Info: Setting ul9 sub-encoding to TS1/4 on input line 301.
Package textcomp Info: Setting augie sub-encoding to TS1/5 on input line 302.
Package textcomp Info: Setting dayrom sub-encoding to TS1/3 on input line 303.
Package textcomp Info: Setting dayroms sub-encoding to TS1/3 on input line 304.

Package textcomp Info: Setting pxr sub-encoding to TS1/0 on input line 305.
Package textcomp Info: Setting pxss sub-encoding to TS1/0 on input line 306.
Package textcomp Info: Setting pxtt sub-encoding to TS1/0 on input line 307.
Package textcomp Info: Setting txr sub-encoding to TS1/0 on input line 308.
Package textcomp Info: Setting txss sub-encoding to TS1/0 on input line 309.
Package textcomp Info: Setting txtt sub-encoding to TS1/0 on input line 310.
Package textcomp Info: Setting lmr sub-encoding to TS1/0 on input line 311.
Package textcomp Info: Setting lmdh sub-encoding to TS1/0 on input line 312.
Package textcomp Info: Setting lmss sub-encoding to TS1/0 on input line 313.
Package textcomp Info: Setting lmssq sub-encoding to TS1/0 on input line 314.
Package textcomp Info: Setting lmvtt sub-encoding to TS1/0 on input line 315.
Package textcomp Info: Setting qhv sub-encoding to TS1/0 on input line 316.
Package textcomp Info: Setting qag sub-encoding to TS1/0 on input line 317.
Package textcomp Info: Setting qbk sub-encoding to TS1/0 on input line 318.
Package textcomp Info: Setting qcr sub-encoding to TS1/0 on input line 319.
Package textcomp Info: Setting qcs sub-encoding to TS1/0 on input line 320.
Package textcomp Info: Setting qpl sub-encoding to TS1/0 on input line 321.
Package textcomp Info: Setting qtm sub-encoding to TS1/0 on input line 322.
Package textcomp Info: Setting qzc sub-encoding to TS1/0 on input line 323.
Package textcomp Info: Setting qhvc sub-encoding to TS1/0 on input line 324.
Package textcomp Info: Setting futs sub-encoding to TS1/4 on input line 325.
Package textcomp Info: Setting futx sub-encoding to TS1/4 on input line 326.
Package textcomp Info: Setting futj sub-encoding to TS1/4 on input line 327.
Package textcomp Info: Setting hlh sub-encoding to TS1/3 on input line 328.
Package textcomp Info: Setting hls sub-encoding to TS1/3 on input line 329.
Package textcomp Info: Setting hlst sub-encoding to TS1/3 on input line 330.
Package textcomp Info: Setting hlct sub-encoding to TS1/5 on input line 331.
Package textcomp Info: Setting hlx sub-encoding to TS1/5 on input line 332.
Package textcomp Info: Setting hlce sub-encoding to TS1/5 on input line 333.
Package textcomp Info: Setting hlcn sub-encoding to TS1/5 on input line 334.
Package textcomp Info: Setting hlcw sub-encoding to TS1/5 on input line 335.
Package textcomp Info: Setting hlcf sub-encoding to TS1/5 on input line 336.
Package textcomp Info: Setting pplx sub-encoding to TS1/3 on input line 337.
Package textcomp Info: Setting pplj sub-encoding to TS1/3 on input line 338.
Package textcomp Info: Setting ptmx sub-encoding to TS1/4 on input line 339.
Package textcomp Info: Setting ptmj sub-encoding to TS1/4 on input line 340.
)
(/usr/share/texlive/texmf-dist/tex/latex/fancyhdr/fancyhdr.sty
\fancy@headwidth=\skip75
\f@ncyO@elh=\skip76
\f@ncyO@erh=\skip77
\f@ncyO@olh=\skip78
\f@ncyO@orh=\skip79
\f@ncyO@elf=\skip80
\f@ncyO@erf=\skip81
\f@ncyO@olf=\skip82
\f@ncyO@orf=\skip83
>>>>>>> b702cd0195f3d723e21a95c11e760e95ca313294
)
\tufteskipamount=\skip84

(/usr/share/texlive/texmf-dist/tex/latex/tools/multicol.sty
<<<<<<< HEAD
Package: multicol 2017/04/11 v1.8q multicolumn formatting (FMi)
\c@tracingmulticols=\count110
\mult@box=\box30
\multicol@leftmargin=\dimen124
\c@unbalance=\count111
\c@collectmore=\count112
\doublecol@number=\count113
\multicoltolerance=\count114
\multicolpretolerance=\count115
=======
Package: multicol 2011/06/27 v1.7a multicolumn formatting (FMi)
\c@tracingmulticols=\count112
\mult@box=\box30
\multicol@leftmargin=\dimen124
\c@unbalance=\count113
\c@collectmore=\count114
\doublecol@number=\count115
\multicoltolerance=\count116
\multicolpretolerance=\count117
>>>>>>> b702cd0195f3d723e21a95c11e760e95ca313294
\full@width=\dimen125
\page@free=\dimen126
\premulticols=\dimen127
\postmulticols=\dimen128
\multicolsep=\skip85
\multicolbaselineskip=\skip86
\partial@page=\box31
\last@line=\box32
<<<<<<< HEAD
\maxbalancingoverflow=\dimen129
=======
>>>>>>> b702cd0195f3d723e21a95c11e760e95ca313294
\mult@rightbox=\box33
\mult@grightbox=\box34
\mult@gfirstbox=\box35
\mult@firstbox=\box36
\@tempa=\box37
\@tempa=\box38
\@tempa=\box39
\@tempa=\box40
\@tempa=\box41
\@tempa=\box42
\@tempa=\box43
\@tempa=\box44
\@tempa=\box45
\@tempa=\box46
\@tempa=\box47
\@tempa=\box48
\@tempa=\box49
\@tempa=\box50
\@tempa=\box51
\@tempa=\box52
\@tempa=\box53
<<<<<<< HEAD
\c@columnbadness=\count116
\c@finalcolumnbadness=\count117
\last@try=\dimen130
\multicolovershoot=\dimen131
\multicolundershoot=\dimen132
\mult@nat@firstbox=\box54
\colbreak@box=\box55
\mc@col@check@num=\count118
)))
(/usr/share/texlive/texmf-dist/tex/latex/graphics/graphicx.sty
Package: graphicx 2017/06/01 v1.1a Enhanced LaTeX Graphics (DPC,SPQR)

(/usr/share/texlive/texmf-dist/tex/latex/graphics/graphics.sty
Package: graphics 2017/06/25 v1.2c Standard LaTeX Graphics (DPC,SPQR)

(/usr/share/texlive/texmf-dist/tex/latex/graphics/trig.sty
Package: trig 2016/01/03 v1.10 sin cos tan (DPC)
)
(/usr/share/texlive/texmf-dist/tex/latex/graphics-cfg/graphics.cfg
File: graphics.cfg 2016/06/04 v1.11 sample graphics configuration
)
Package graphics Info: Driver file: pdftex.def on input line 99.
)
\Gin@req@height=\dimen133
\Gin@req@width=\dimen134
=======
\c@columnbadness=\count118
\c@finalcolumnbadness=\count119
\last@try=\dimen129
\multicolovershoot=\dimen130
\multicolundershoot=\dimen131
\mult@nat@firstbox=\box54
\colbreak@box=\box55
\multicol@sort@counter=\count120
)))
(/usr/share/texlive/texmf-dist/tex/latex/graphics/graphicx.sty
Package: graphicx 1999/02/16 v1.0f Enhanced LaTeX Graphics (DPC,SPQR)

(/usr/share/texlive/texmf-dist/tex/latex/graphics/graphics.sty
Package: graphics 2009/02/05 v1.0o Standard LaTeX Graphics (DPC,SPQR)

(/usr/share/texlive/texmf-dist/tex/latex/graphics/trig.sty
Package: trig 1999/03/16 v1.09 sin cos tan (DPC)
)
(/usr/share/texlive/texmf-dist/tex/latex/latexconfig/graphics.cfg
File: graphics.cfg 2010/04/23 v1.9 graphics configuration of TeX Live
)
Package graphics Info: Driver file: pdftex.def on input line 91.
)
\Gin@req@height=\dimen132
\Gin@req@width=\dimen133
>>>>>>> b702cd0195f3d723e21a95c11e760e95ca313294
)
(/usr/share/texlive/texmf-dist/tex/latex/framed/framed.sty
Package: framed 2011/10/22 v 0.96: framed or shaded text with page breaks
\OuterFrameSep=\skip87
<<<<<<< HEAD
\fb@frw=\dimen135
\fb@frh=\dimen136
\FrameRule=\dimen137
\FrameSep=\dimen138
=======
\fb@frw=\dimen134
\fb@frh=\dimen135
\FrameRule=\dimen136
\FrameSep=\dimen137
>>>>>>> b702cd0195f3d723e21a95c11e760e95ca313294
)
(/usr/share/texlive/texmf-dist/tex/latex/base/alltt.sty
Package: alltt 1997/06/16 v2.0g defines alltt environment
)
(/usr/share/texlive/texmf-dist/tex/latex/amsmath/amsmath.sty
<<<<<<< HEAD
Package: amsmath 2017/09/02 v2.17a AMS math features
=======
Package: amsmath 2013/01/14 v2.14 AMS math features
>>>>>>> b702cd0195f3d723e21a95c11e760e95ca313294
\@mathmargin=\skip88

For additional information on amsmath, use the `?' option.
(/usr/share/texlive/texmf-dist/tex/latex/amsmath/amstext.sty
<<<<<<< HEAD
Package: amstext 2000/06/29 v2.01 AMS text

(/usr/share/texlive/texmf-dist/tex/latex/amsmath/amsgen.sty
File: amsgen.sty 1999/11/30 v2.0 generic functions
\@emptytoks=\toks19
\ex@=\dimen139
))
(/usr/share/texlive/texmf-dist/tex/latex/amsmath/amsbsy.sty
Package: amsbsy 1999/11/29 v1.2d Bold Symbols
\pmbraise@=\dimen140
)
(/usr/share/texlive/texmf-dist/tex/latex/amsmath/amsopn.sty
Package: amsopn 2016/03/08 v2.02 operator names
)
\inf@bad=\count119
LaTeX Info: Redefining \frac on input line 213.
\uproot@=\count120
\leftroot@=\count121
LaTeX Info: Redefining \overline on input line 375.
\classnum@=\count122
\DOTSCASE@=\count123
LaTeX Info: Redefining \ldots on input line 472.
LaTeX Info: Redefining \dots on input line 475.
LaTeX Info: Redefining \cdots on input line 596.
\Mathstrutbox@=\box56
\strutbox@=\box57
\big@size=\dimen141
LaTeX Font Info:    Redeclaring font encoding OML on input line 712.
LaTeX Font Info:    Redeclaring font encoding OMS on input line 713.
\macc@depth=\count124
\c@MaxMatrixCols=\count125
\dotsspace@=\muskip11
\c@parentequation=\count126
\dspbrk@lvl=\count127
\tag@help=\toks20
\row@=\count128
\column@=\count129
\maxfields@=\count130
\andhelp@=\toks21
\eqnshift@=\dimen142
\alignsep@=\dimen143
\tagshift@=\dimen144
\tagwidth@=\dimen145
\totwidth@=\dimen146
\lineht@=\dimen147
=======
Package: amstext 2000/06/29 v2.01

(/usr/share/texlive/texmf-dist/tex/latex/amsmath/amsgen.sty
File: amsgen.sty 1999/11/30 v2.0
\@emptytoks=\toks19
\ex@=\dimen138
))
(/usr/share/texlive/texmf-dist/tex/latex/amsmath/amsbsy.sty
Package: amsbsy 1999/11/29 v1.2d
\pmbraise@=\dimen139
)
(/usr/share/texlive/texmf-dist/tex/latex/amsmath/amsopn.sty
Package: amsopn 1999/12/14 v2.01 operator names
)
\inf@bad=\count121
LaTeX Info: Redefining \frac on input line 210.
\uproot@=\count122
\leftroot@=\count123
LaTeX Info: Redefining \overline on input line 306.
\classnum@=\count124
\DOTSCASE@=\count125
LaTeX Info: Redefining \ldots on input line 378.
LaTeX Info: Redefining \dots on input line 381.
LaTeX Info: Redefining \cdots on input line 466.
\Mathstrutbox@=\box56
\strutbox@=\box57
\big@size=\dimen140
LaTeX Font Info:    Redeclaring font encoding OML on input line 566.
LaTeX Font Info:    Redeclaring font encoding OMS on input line 567.
\macc@depth=\count126
\c@MaxMatrixCols=\count127
\dotsspace@=\muskip11
\c@parentequation=\count128
\dspbrk@lvl=\count129
\tag@help=\toks20
\row@=\count130
\column@=\count131
\maxfields@=\count132
\andhelp@=\toks21
\eqnshift@=\dimen141
\alignsep@=\dimen142
\tagshift@=\dimen143
\tagwidth@=\dimen144
\totwidth@=\dimen145
\lineht@=\dimen146
>>>>>>> b702cd0195f3d723e21a95c11e760e95ca313294
\@envbody=\toks22
\multlinegap=\skip89
\multlinetaggap=\skip90
\mathdisplay@stack=\toks23
<<<<<<< HEAD
LaTeX Info: Redefining \[ on input line 2817.
LaTeX Info: Redefining \] on input line 2818.
)
(/usr/share/texlive/texmf-dist/tex/latex/booktabs/booktabs.sty
Package: booktabs 2016/04/27 v1.618033 publication quality tables
\heavyrulewidth=\dimen148
\lightrulewidth=\dimen149
\cmidrulewidth=\dimen150
\belowrulesep=\dimen151
\belowbottomsep=\dimen152
\aboverulesep=\dimen153
\abovetopsep=\dimen154
\cmidrulesep=\dimen155
\cmidrulekern=\dimen156
\defaultaddspace=\dimen157
\@cmidla=\count131
\@cmidlb=\count132
\@aboverulesep=\dimen158
\@belowrulesep=\dimen159
\@thisruleclass=\count133
\@lastruleclass=\count134
\@thisrulewidth=\dimen160
=======
LaTeX Info: Redefining \[ on input line 2665.
LaTeX Info: Redefining \] on input line 2666.
)
(/usr/share/texlive/texmf-dist/tex/latex/booktabs/booktabs.sty
Package: booktabs 2005/04/14 v1.61803 publication quality tables
\heavyrulewidth=\dimen147
\lightrulewidth=\dimen148
\cmidrulewidth=\dimen149
\belowrulesep=\dimen150
\belowbottomsep=\dimen151
\aboverulesep=\dimen152
\abovetopsep=\dimen153
\cmidrulesep=\dimen154
\cmidrulekern=\dimen155
\defaultaddspace=\dimen156
\@cmidla=\count133
\@cmidlb=\count134
\@aboverulesep=\dimen157
\@belowrulesep=\dimen158
\@thisruleclass=\count135
\@lastruleclass=\count136
\@thisrulewidth=\dimen159
>>>>>>> b702cd0195f3d723e21a95c11e760e95ca313294
)
(/usr/share/texlive/texmf-dist/tex/latex/upquote/upquote.sty
Package: upquote 2012/04/19 v1.3 upright-quote and grave-accent glyphs in verba
tim
) (./IntroR.aux

LaTeX Warning: Label `fig:maunaloa' multiply defined.

)
\openout1 = `IntroR.aux'.

<<<<<<< HEAD
LaTeX Font Info:    Checking defaults for OML/cmm/m/it on input line 88.
LaTeX Font Info:    ... okay on input line 88.
LaTeX Font Info:    Checking defaults for T1/cmr/m/n on input line 88.
LaTeX Font Info:    ... okay on input line 88.
LaTeX Font Info:    Checking defaults for OT1/cmr/m/n on input line 88.
LaTeX Font Info:    ... okay on input line 88.
LaTeX Font Info:    Checking defaults for OMS/cmsy/m/n on input line 88.
LaTeX Font Info:    ... okay on input line 88.
LaTeX Font Info:    Checking defaults for OMX/cmex/m/n on input line 88.
LaTeX Font Info:    ... okay on input line 88.
LaTeX Font Info:    Checking defaults for U/cmr/m/n on input line 88.
LaTeX Font Info:    ... okay on input line 88.
LaTeX Font Info:    Checking defaults for PD1/pdf/m/n on input line 88.
LaTeX Font Info:    ... okay on input line 88.
LaTeX Font Info:    Checking defaults for PU/pdf/m/n on input line 88.
LaTeX Font Info:    ... okay on input line 88.
LaTeX Font Info:    Checking defaults for TS1/cmr/m/n on input line 88.
LaTeX Font Info:    Try loading font information for TS1+cmr on input line 88.
 (/usr/share/texlive/texmf-dist/tex/latex/base/ts1cmr.fd
File: ts1cmr.fd 2014/09/29 v2.5h Standard LaTeX font definitions
)
LaTeX Font Info:    ... okay on input line 88.
LaTeX Font Info:    Try loading font information for T1+pplj on input line 88.
=======
LaTeX Font Info:    Checking defaults for OML/cmm/m/it on input line 99.
LaTeX Font Info:    ... okay on input line 99.
LaTeX Font Info:    Checking defaults for T1/cmr/m/n on input line 99.
LaTeX Font Info:    ... okay on input line 99.
LaTeX Font Info:    Checking defaults for OT1/cmr/m/n on input line 99.
LaTeX Font Info:    ... okay on input line 99.
LaTeX Font Info:    Checking defaults for OMS/cmsy/m/n on input line 99.
LaTeX Font Info:    ... okay on input line 99.
LaTeX Font Info:    Checking defaults for OMX/cmex/m/n on input line 99.
LaTeX Font Info:    ... okay on input line 99.
LaTeX Font Info:    Checking defaults for U/cmr/m/n on input line 99.
LaTeX Font Info:    ... okay on input line 99.
LaTeX Font Info:    Checking defaults for PD1/pdf/m/n on input line 99.
LaTeX Font Info:    ... okay on input line 99.
LaTeX Font Info:    Checking defaults for PU/pdf/m/n on input line 99.
LaTeX Font Info:    ... okay on input line 99.
LaTeX Font Info:    Checking defaults for TS1/cmr/m/n on input line 99.
LaTeX Font Info:    Try loading font information for TS1+cmr on input line 99.
 (/usr/share/texlive/texmf-dist/tex/latex/base/ts1cmr.fd
File: ts1cmr.fd 1999/05/25 v2.5h Standard LaTeX font definitions
)
LaTeX Font Info:    ... okay on input line 99.
LaTeX Font Info:    Try loading font information for T1+pplj on input line 99.
>>>>>>> b702cd0195f3d723e21a95c11e760e95ca313294

(/usr/share/texlive/texmf-dist/tex/latex/psnfss/t1pplj.fd
File: t1pplj.fd 2004/09/06 font definitions for T1/pplj.
)
\AtBeginShipoutBox=\box58
<<<<<<< HEAD
Package hyperref Info: Link coloring OFF on input line 88.

(/usr/share/texlive/texmf-dist/tex/latex/hyperref/nameref.sty
Package: nameref 2016/05/21 v2.44 Cross-referencing by name of section

(/usr/share/texlive/texmf-dist/tex/generic/oberdiek/gettitlestring.sty
Package: gettitlestring 2016/05/16 v1.5 Cleanup title references (HO)
)
\c@section@level=\count135
)
LaTeX Info: Redefining \ref on input line 88.
LaTeX Info: Redefining \pageref on input line 88.
LaTeX Info: Redefining \nameref on input line 88.
=======
Package hyperref Info: Link coloring OFF on input line 99.

(/usr/share/texlive/texmf-dist/tex/latex/hyperref/nameref.sty
Package: nameref 2012/10/27 v2.43 Cross-referencing by name of section

(/usr/share/texlive/texmf-dist/tex/generic/oberdiek/gettitlestring.sty
Package: gettitlestring 2010/12/03 v1.4 Cleanup title references (HO)
)
\c@section@level=\count137
)
LaTeX Info: Redefining \ref on input line 99.
LaTeX Info: Redefining \pageref on input line 99.
LaTeX Info: Redefining \nameref on input line 99.
>>>>>>> b702cd0195f3d723e21a95c11e760e95ca313294
\@outlinefile=\write3
\openout3 = `IntroR.out'.


ABD: EverySelectfont initializing macros
<<<<<<< HEAD
LaTeX Info: Redefining \selectfont on input line 88.
=======
LaTeX Info: Redefining \selectfont on input line 99.
>>>>>>> b702cd0195f3d723e21a95c11e760e95ca313294

*geometry* driver: auto-detecting
*geometry* detected driver: pdftex
*geometry* verbose mode - [ preamble ] result:
* driver: pdftex
* paper: letterpaper
* layout: <same size as paper>
* layoutoffset:(h,v)=(0.0pt,0.0pt)
* modes: twoside asymmetric 
* h-part:(L,W,R)=(72.26999pt, 312.0pt, 230.02501pt)
* v-part:(T,H,B)=(72.26999pt, 616.0pt, 106.7pt)
* \paperwidth=614.295pt
* \paperheight=794.96999pt
* \textwidth=312.0pt
* \textheight=616.0pt
* \oddsidemargin=0.0pt
* \evensidemargin=0.0pt
* \topmargin=-42.0pt
* \headheight=14.0pt
* \headsep=28.0pt
* \topskip=10.0pt
* \footskip=30.0pt
* \marginparwidth=144.0pt
* \marginparsep=24.0pt
* \columnsep=10.0pt
* \skip\footins=9.0pt plus 4.0pt minus 2.0pt
* \hoffset=0.0pt
* \voffset=0.0pt
* \mag=1000
* \@twocolumnfalse
* \@twosidetrue
* \@mparswitchfalse
* \@reversemarginfalse
* (1in=72.27pt=25.4mm, 1cm=28.453pt)

<<<<<<< HEAD
(/usr/share/texlive/texmf-dist/tex/context/base/mkii/supp-pdf.mkii
[Loading MPS to PDF converter (version 2006.09.02).]
\scratchcounter=\count136
\scratchdimen=\dimen161
\scratchbox=\box59
\nofMPsegments=\count137
\nofMParguments=\count138
\everyMPshowfont=\toks24
\MPscratchCnt=\count139
\MPscratchDim=\dimen162
\MPnumerator=\count140
\makeMPintoPDFobject=\count141
\everyMPtoPDFconversion=\toks25
) (/usr/share/texlive/texmf-dist/tex/latex/oberdiek/epstopdf-base.sty
Package: epstopdf-base 2016/05/15 v2.6 Base part for package epstopdf

(/usr/share/texlive/texmf-dist/tex/latex/oberdiek/grfext.sty
Package: grfext 2016/05/16 v1.2 Manage graphics extensions (HO)
)
Package epstopdf-base Info: Redefining graphics rule for `.eps' on input line 4
38.
Package grfext Info: Graphics extension search list:
(grfext)             [.pdf,.png,.jpg,.mps,.jpeg,.jbig2,.jb2,.PDF,.PNG,.JPG,.JPE
G,.JBIG2,.JB2,.eps]
(grfext)             \AppendGraphicsExtensions on input line 456.
=======
(/usr/share/texlive/texmf-dist/tex/context/base/supp-pdf.mkii
[Loading MPS to PDF converter (version 2006.09.02).]
\scratchcounter=\count138
\scratchdimen=\dimen160
\scratchbox=\box59
\nofMPsegments=\count139
\nofMParguments=\count140
\everyMPshowfont=\toks24
\MPscratchCnt=\count141
\MPscratchDim=\dimen161
\MPnumerator=\count142
\makeMPintoPDFobject=\count143
\everyMPtoPDFconversion=\toks25
)
\langwohyphens=\language6
 (/usr/share/texlive/texmf-dist/tex/latex/oberdiek/epstopdf-base.sty
Package: epstopdf-base 2010/02/09 v2.5 Base part for package epstopdf

(/usr/share/texlive/texmf-dist/tex/latex/oberdiek/grfext.sty
Package: grfext 2010/08/19 v1.1 Manage graphics extensions (HO)
)
Package grfext Info: Graphics extension search list:
(grfext)             [.png,.pdf,.jpg,.mps,.jpeg,.jbig2,.jb2,.PNG,.PDF,.JPG,.JPE
G,.JBIG2,.JB2,.eps]
(grfext)             \AppendGraphicsExtensions on input line 452.
>>>>>>> b702cd0195f3d723e21a95c11e760e95ca313294

(/usr/share/texlive/texmf-dist/tex/latex/latexconfig/epstopdf-sys.cfg
File: epstopdf-sys.cfg 2010/07/13 v1.3 Configuration of (r)epstopdf for TeX Liv
e
))
<<<<<<< HEAD
\langwohyphens=\language3

! Undefined control sequence.
l.92 ...tional software package site licenses (\eg
=======
! Undefined control sequence.
l.103 ...ional software package site licenses (\eg
>>>>>>> b702cd0195f3d723e21a95c11e760e95ca313294
                                                   SAS, SPSS, etc).
The control sequence at the end of the top line
of your error message was never \def'ed. If you have
misspelled it (e.g., `\hobx'), type `I' and the correct
spelling (e.g., `I\hbox'). Otherwise just continue,
and I'll forget about whatever was undefined.

<<<<<<< HEAD
LaTeX Font Info:    Try loading font information for OT1+pplx on input line 94.

(/usr/share/texlive/texmf-dist/tex/latex/psnfss/ot1pplx.fd
File: ot1pplx.fd 2004/09/06 font definitions for OT1/pplx.
)
LaTeX Font Info:    Try loading font information for OML+zplm on input line 94.

=======
LaTeX Font Info:    Try loading font information for OT1+pplx on input line 105
.
(/usr/share/texlive/texmf-dist/tex/latex/psnfss/ot1pplx.fd
File: ot1pplx.fd 2004/09/06 font definitions for OT1/pplx.
)
LaTeX Font Info:    Try loading font information for OML+zplm on input line 105
.
>>>>>>> b702cd0195f3d723e21a95c11e760e95ca313294

(/usr/share/texlive/texmf-dist/tex/latex/psnfss/omlzplm.fd
File: omlzplm.fd 2002/09/08 Fontinst v1.914 font definitions for OML/zplm.
)
<<<<<<< HEAD
LaTeX Font Info:    Try loading font information for OMS+zplm on input line 94.

=======
LaTeX Font Info:    Try loading font information for OMS+zplm on input line 105
.
>>>>>>> b702cd0195f3d723e21a95c11e760e95ca313294

(/usr/share/texlive/texmf-dist/tex/latex/psnfss/omszplm.fd
File: omszplm.fd 2002/09/08 Fontinst v1.914 font definitions for OMS/zplm.
)
<<<<<<< HEAD
LaTeX Font Info:    Try loading font information for OMX+zplm on input line 94.

=======
LaTeX Font Info:    Try loading font information for OMX+zplm on input line 105
.
>>>>>>> b702cd0195f3d723e21a95c11e760e95ca313294

(/usr/share/texlive/texmf-dist/tex/latex/psnfss/omxzplm.fd
File: omxzplm.fd 2002/09/08 Fontinst v1.914 font definitions for OMX/zplm.
)
<<<<<<< HEAD
LaTeX Font Info:    Try loading font information for OT1+zplm on input line 94.

=======
LaTeX Font Info:    Try loading font information for OT1+zplm on input line 105
.
>>>>>>> b702cd0195f3d723e21a95c11e760e95ca313294

(/usr/share/texlive/texmf-dist/tex/latex/psnfss/ot1zplm.fd
File: ot1zplm.fd 2002/09/08 Fontinst v1.914 font definitions for OT1/zplm.
)
LaTeX Font Info:    Font shape `T1/pplj/bx/n' in size <8> not available
<<<<<<< HEAD
(Font)              Font shape `T1/pplj/b/n' tried instead on input line 94.


Package natbib Warning: Citation `Tufte:1983' on page 1 undefined on input line
 94.


Package natbib Warning: Citation `Tufte:1997' on page 1 undefined on input line
 94.
=======
(Font)              Font shape `T1/pplj/b/n' tried instead on input line 105.


Package natbib Warning: Citation `Tufte:1983' on page 1 undefined on input line
 105.


Package natbib Warning: Citation `Tufte:1997' on page 1 undefined on input line
 105.
>>>>>>> b702cd0195f3d723e21a95c11e760e95ca313294


LaTeX Warning: Marginpar on page 1 moved.


LaTeX Warning: Marginpar on page 1 moved.


<<<<<<< HEAD
LaTeX Warning: File `OpeningScreenShot.pdf' not found on input line 122.


! Package pdftex.def Error: File `OpeningScreenShot.pdf' not found: using draft
 setting.
=======
LaTeX Warning: File `OpeningScreenShot.pdf' not found on input line 133.


! Package pdftex.def Error: File `OpeningScreenShot.pdf' not found.
>>>>>>> b702cd0195f3d723e21a95c11e760e95ca313294

See the pdftex.def package documentation for explanation.
Type  H <return>  for immediate help.
 ...                                              
                                                  
<<<<<<< HEAD
l.122 		\includegraphics{OpeningScreenShot.pdf}
                                               
Try typing  <return>  to proceed.
If that doesn't work, type  X <return>  to quit.

LaTeX Font Info:    Try loading font information for T1+fvm on input line 122.
=======
l.133 		\includegraphics{OpeningScreenShot.pdf}
                                               
Using draft setting for this image.
Try typing  <return>  to proceed.
If that doesn't work, type  X <return>  to quit.

LaTeX Font Info:    Try loading font information for T1+fvm on input line 133.
>>>>>>> b702cd0195f3d723e21a95c11e760e95ca313294
(/usr/share/texlive/texmf-dist/tex/latex/bera/t1fvm.fd
File: t1fvm.fd 2004/09/07 scalable font definitions for T1/fvm.
)
LaTeX Font Info:    Font shape `T1/fvm/m/n' will be
<<<<<<< HEAD
(Font)              scaled to size 8.50006pt on input line 122.

Underfull \hbox (badness 10000) in paragraph at lines 122--125
=======
(Font)              scaled to size 8.50006pt on input line 133.

Underfull \hbox (badness 10000) in paragraph at lines 133--136
>>>>>>> b702cd0195f3d723e21a95c11e760e95ca313294

 []

[1

<<<<<<< HEAD
{/usr/share/texlive/texmf-dist/fonts/map/pdftex/updmap/pdftex.map}] [2]
LaTeX Font Info:    Font shape `T1/pplj/bx/n' in size <10> not available
(Font)              Font shape `T1/pplj/b/n' tried instead on input line 136.
=======
{/usr/share/texlive/texmf/fonts/map/pdftex/updmap/pdftex.map}] [2]
LaTeX Font Info:    Font shape `T1/pplj/bx/n' in size <10> not available
(Font)              Font shape `T1/pplj/b/n' tried instead on input line 147.
>>>>>>> b702cd0195f3d723e21a95c11e760e95ca313294


LaTeX Warning: Marginpar on page 3 moved.

! Undefined control sequence.
<<<<<<< HEAD
l.160 ...tions, which have a different syntax, \eg
=======
l.171 ...tions, which have a different syntax, \eg
>>>>>>> b702cd0195f3d723e21a95c11e760e95ca313294
                                                   \texttt{log()}, \texttt{e...
The control sequence at the end of the top line
of your error message was never \def'ed. If you have
misspelled it (e.g., `\hobx'), type `I' and the correct
spelling (e.g., `I\hbox'). Otherwise just continue,
and I'll forget about whatever was undefined.


LaTeX Warning: Marginpar on page 3 moved.

LaTeX Font Info:    Font shape `T1/fvm/bx/n' in size <10> not available
<<<<<<< HEAD
(Font)              Font shape `T1/fvm/b/n' tried instead on input line 165.
LaTeX Font Info:    Font shape `T1/fvm/b/n' will be
(Font)              scaled to size 8.50006pt on input line 165.
[3]
! Undefined control sequence.
l.204 ...time consuming and subject to typos, (\eg
=======
(Font)              Font shape `T1/fvm/b/n' tried instead on input line 176.
LaTeX Font Info:    Font shape `T1/fvm/b/n' will be
(Font)              scaled to size 8.50006pt on input line 176.
[3]
! Undefined control sequence.
l.215 ...time consuming and subject to typos, (\eg
>>>>>>> b702cd0195f3d723e21a95c11e760e95ca313294
                                                   it is easy to forget to p...
The control sequence at the end of the top line
of your error message was never \def'ed. If you have
misspelled it (e.g., `\hobx'), type `I' and the correct
spelling (e.g., `I\hbox'). Otherwise just continue,
and I'll forget about whatever was undefined.


LaTeX Warning: Marginpar on page 4 moved.

[4]
<<<<<<< HEAD
Overfull \hbox (0.37985pt too wide) in paragraph at lines 225--226
=======
Overfull \hbox (0.37985pt too wide) in paragraph at lines 236--237
>>>>>>> b702cd0195f3d723e21a95c11e760e95ca313294
[]\T1/pplj/m/n/10 In this case, each num-ber to be com-bined is sep-a-rated by 
a comma. 
 []


LaTeX Warning: Marginpar on page 5 moved.

! Undefined control sequence.
<<<<<<< HEAD
l.281 ...rds) and logical or binary responses, \ie
=======
l.292 ...rds) and logical or binary responses, \ie
>>>>>>> b702cd0195f3d723e21a95c11e760e95ca313294
                                                   TRUE and FALSE.
The control sequence at the end of the top line
of your error message was never \def'ed. If you have
misspelled it (e.g., `\hobx'), type `I' and the correct
spelling (e.g., `I\hbox'). Otherwise just continue,
and I'll forget about whatever was undefined.


LaTeX Warning: Marginpar on page 5 moved.

[5] [6]
<<<<<<< HEAD
Overfull \hbox (112.7139pt too wide) in paragraph at lines 344--344
=======
Overfull \hbox (112.7139pt too wide) in paragraph at lines 355--355
>>>>>>> b702cd0195f3d723e21a95c11e760e95ca313294
[][]\T1/fvm/m/n/10 treatment[] []<-[] []\T1/fvm/b/n/10 c[][]\T1/fvm/m/n/10 ([][
]\T1/fvm/b/n/10 rep[][]\T1/fvm/m/n/10 ([][]"Control"[][],[] []5[][]),[] []\T1/f
vm/b/n/10 rep[][]\T1/fvm/m/n/10 ([][]"Treatment"[][],[] []5[][]),[] []\T1/fvm/b
/n/10 rep[][]\T1/fvm/m/n/10 ([][]"Procedure Control"[][],[] []5[][]))[][] 
 []


LaTeX Warning: Marginpar on page 7 moved.


<<<<<<< HEAD
Overfull \hbox (92.24576pt too wide) in paragraph at lines 361--361
=======
Overfull \hbox (92.24576pt too wide) in paragraph at lines 372--372
>>>>>>> b702cd0195f3d723e21a95c11e760e95ca313294
[][]\T1/fvm/m/n/10 flowering_date[] []<-[] []\T1/fvm/b/n/10 c[][]\T1/fvm/m/n/10
 ([][]93[][],[] []94[][],[] []89[][],[] []87[][],[] []88[][],[] []84[][],[] []7
9[][],[] []85[][],[] []81[][],[] []82[][],[] []90[][],[] []79[][],[] []75[][],[
] []88[][],[] []90[][])[][] 
 []

[7]
<<<<<<< HEAD
Overfull \hbox (2.65977pt too wide) in paragraph at lines 392--393
=======
Overfull \hbox (2.65977pt too wide) in paragraph at lines 403--404
>>>>>>> b702cd0195f3d723e21a95c11e760e95ca313294
\T1/pplj/m/n/10 frame is dif-fi-cult to in-ter-pret for be-gin-ners, so let me 
lead you through 
 []


LaTeX Warning: Marginpar on page 8 moved.


<<<<<<< HEAD
Overfull \hbox (10.3732pt too wide) in paragraph at lines 397--397
=======
Overfull \hbox (10.3732pt too wide) in paragraph at lines 408--408
>>>>>>> b702cd0195f3d723e21a95c11e760e95ca313294
[]\T1/fvm/m/n/10 data.frame(Variable_Name1 = vector1, Variable_Names2 = vector2
)[] 
 []


<<<<<<< HEAD
Overfull \hbox (25.7243pt too wide) in paragraph at lines 408--408
=======
Overfull \hbox (25.7243pt too wide) in paragraph at lines 419--419
>>>>>>> b702cd0195f3d723e21a95c11e760e95ca313294
[][]\T1/fvm/b/n/10 data.frame[][]\T1/fvm/m/n/10 ([][]Treatment[] []= treatment,
[] []Flowering_date[] []= flowering_date)[][] 
 []

[8]
<<<<<<< HEAD
Overfull \hbox (92.24576pt too wide) in paragraph at lines 436--436
=======
Overfull \hbox (92.24576pt too wide) in paragraph at lines 447--447
>>>>>>> b702cd0195f3d723e21a95c11e760e95ca313294
[][]\T1/fvm/m/n/10 Flowering[] []<-[] []\T1/fvm/b/n/10 data.frame[][]\T1/fvm/m/
n/10 ([][]Treatment[] []= treatment,[] []Flowering_date[] []= flowering_date)[]
[] 
 []

LaTeX Font Info:    Font shape `T1/fvm/m/n' will be
<<<<<<< HEAD
(Font)              scaled to size 6.80005pt on input line 443.
=======
(Font)              scaled to size 6.80005pt on input line 454.
>>>>>>> b702cd0195f3d723e21a95c11e760e95ca313294

LaTeX Warning: Marginpar on page 9 moved.


LaTeX Warning: Marginpar on page 9 moved.


LaTeX Warning: Marginpar on page 9 moved.

[9]

LaTeX Warning: Marginpar on page 10 moved.

<<<<<<< HEAD
LaTeX Font Info:    Try loading font information for TS1+fvm on input line 545.
=======
LaTeX Font Info:    Try loading font information for TS1+fvm on input line 556.
>>>>>>> b702cd0195f3d723e21a95c11e760e95ca313294

(/usr/share/texlive/texmf-dist/tex/latex/bera/ts1fvm.fd
File: ts1fvm.fd 2004/09/07 scalable font definitions for TS1/fvm.
)
LaTeX Font Info:    Font shape `TS1/fvm/m/n' will be
<<<<<<< HEAD
(Font)              scaled to size 8.50006pt on input line 545.
 [10]
Overfull \hbox (0.13913pt too wide) in paragraph at lines 563--563
=======
(Font)              scaled to size 8.50006pt on input line 556.
 [10]
Overfull \hbox (0.13913pt too wide) in paragraph at lines 574--574
>>>>>>> b702cd0195f3d723e21a95c11e760e95ca313294
[]\T1/fvm/m/n/10 ##  [1] 0.000000 2.000000 2.400000 2.571429 2.666667 2.727273[
] 
 []


LaTeX Warning: Marginpar on page 11 moved.


<<<<<<< HEAD
Overfull \hbox (1.05975pt too wide) in paragraph at lines 576--577
=======
Overfull \hbox (1.05975pt too wide) in paragraph at lines 587--588
>>>>>>> b702cd0195f3d723e21a95c11e760e95ca313294
[]\T1/pplj/m/n/10 Let's re-turn to the Michaelis-Menten Equa-tion. What if you 
wanted 
 []

[11]

LaTeX Warning: Marginpar on page 12 moved.

LaTeX Font Info:    Font shape `T1/fvm/m/it' in size <10> not available
<<<<<<< HEAD
(Font)              Font shape `T1/fvm/m/sl' tried instead on input line 616.
LaTeX Font Info:    Font shape `T1/fvm/m/sl' will be
(Font)              scaled to size 8.50006pt on input line 616.
LaTeX Font Info:    Font shape `TS1/fvm/m/it' in size <10> not available
(Font)              Font shape `TS1/fvm/m/sl' tried instead on input line 616.
LaTeX Font Info:    Font shape `TS1/fvm/m/sl' will be
(Font)              scaled to size 8.50006pt on input line 616.

Overfull \hbox (0.13913pt too wide) in paragraph at lines 641--641
=======
(Font)              Font shape `T1/fvm/m/sl' tried instead on input line 627.
LaTeX Font Info:    Font shape `T1/fvm/m/sl' will be
(Font)              scaled to size 8.50006pt on input line 627.
LaTeX Font Info:    Font shape `TS1/fvm/m/it' in size <10> not available
(Font)              Font shape `TS1/fvm/m/sl' tried instead on input line 627.
LaTeX Font Info:    Font shape `TS1/fvm/m/sl' will be
(Font)              scaled to size 8.50006pt on input line 627.

Overfull \hbox (0.13913pt too wide) in paragraph at lines 652--652
>>>>>>> b702cd0195f3d723e21a95c11e760e95ca313294
[]\T1/fvm/m/n/10 ##  [1] 0.000000 2.000000 2.400000 2.571429 2.666667 2.727273[
] 
 []


LaTeX Warning: Marginpar on page 12 moved.

[12]
! Undefined control sequence.
<<<<<<< HEAD
l.660 ...e the file, in a convenient location, \eg
=======
l.671 ...e the file, in a convenient location, \eg
>>>>>>> b702cd0195f3d723e21a95c11e760e95ca313294
                                                   your desktop. Then you wi...
The control sequence at the end of the top line
of your error message was never \def'ed. If you have
misspelled it (e.g., `\hobx'), type `I' and the correct
spelling (e.g., `I\hbox'). Otherwise just continue,
and I'll forget about whatever was undefined.

! Undefined control sequence.
<<<<<<< HEAD
l.660 ..., hence this file as a csv extension (\ie
=======
l.671 ..., hence this file as a csv extension (\ie
>>>>>>> b702cd0195f3d723e21a95c11e760e95ca313294
                                                   comma separated values).
The control sequence at the end of the top line
of your error message was never \def'ed. If you have
misspelled it (e.g., `\hobx'), type `I' and the correct
spelling (e.g., `I\hbox'). Otherwise just continue,
and I'll forget about whatever was undefined.


LaTeX Warning: Marginpar on page 13 moved.


LaTeX Warning: Marginpar on page 13 moved.


LaTeX Warning: Marginpar on page 13 moved.


LaTeX Warning: Marginpar on page 13 moved.

[13]

LaTeX Warning: Marginpar on page 14 moved.


LaTeX Warning: Marginpar on page 14 moved.


LaTeX Warning: Marginpar on page 14 moved.


LaTeX Warning: Marginpar on page 14 moved.

[14]

LaTeX Warning: Marginpar on page 15 moved.

[15]
! Undefined control sequence.
<<<<<<< HEAD
l.774 ...e can get the number of observations, \ie
=======
l.785 ...e can get the number of observations, \ie
>>>>>>> b702cd0195f3d723e21a95c11e760e95ca313294
                                                   the length of the vector,...
The control sequence at the end of the top line
of your error message was never \def'ed. If you have
misspelled it (e.g., `\hobx'), type `I' and the correct
spelling (e.g., `I\hbox'). Otherwise just continue,
and I'll forget about whatever was undefined.


LaTeX Warning: Marginpar on page 16 moved.


LaTeX Warning: Marginpar on page 16 moved.


LaTeX Warning: Marginpar on page 16 moved.


LaTeX Warning: Marginpar on page 16 moved.


<<<<<<< HEAD
Overfull \hbox (0.13913pt too wide) in paragraph at lines 839--839
=======
Overfull \hbox (0.13913pt too wide) in paragraph at lines 850--850
>>>>>>> b702cd0195f3d723e21a95c11e760e95ca313294
[]\T1/fvm/m/n/10 ##       year          month         decimal.date     average[
] 
 []


<<<<<<< HEAD
Overfull \hbox (15.49023pt too wide) in paragraph at lines 839--839
=======
Overfull \hbox (15.49023pt too wide) in paragraph at lines 850--850
>>>>>>> b702cd0195f3d723e21a95c11e760e95ca313294
[]\T1/fvm/m/n/10 ##  Min.   :1959   Min.   : 1.000   Min.   :1960   Min.   :313
.3[] 
 []


<<<<<<< HEAD
Overfull \hbox (15.49023pt too wide) in paragraph at lines 839--839
=======
Overfull \hbox (15.49023pt too wide) in paragraph at lines 850--850
>>>>>>> b702cd0195f3d723e21a95c11e760e95ca313294
[]\T1/fvm/m/n/10 ##  1st Qu.:1975   1st Qu.: 4.000   1st Qu.:1975   1st Qu.:331
.3[] 
 []


<<<<<<< HEAD
Overfull \hbox (15.49023pt too wide) in paragraph at lines 839--839
[]\T1/fvm/m/n/10 ##  Median :1991   Median : 7.000   Median :1991   Median :355
.0[] 
 []


Overfull \hbox (15.49023pt too wide) in paragraph at lines 839--839
[]\T1/fvm/m/n/10 ##  Mean   :1991   Mean   : 6.511   Mean   :1991   Mean   :358
.5[] 
 []


Overfull \hbox (15.49023pt too wide) in paragraph at lines 839--839
[]\T1/fvm/m/n/10 ##  3rd Qu.:2006   3rd Qu.: 9.250   3rd Qu.:2007   3rd Qu.:382
.7[] 
 []


Overfull \hbox (15.49023pt too wide) in paragraph at lines 839--839
=======
Overfull \hbox (15.49023pt too wide) in paragraph at lines 850--850
[]\T1/fvm/m/n/10 ##  Median :1991   Median : 7.000   Median :1991   Median :354
.9[] 
 []


Overfull \hbox (15.49023pt too wide) in paragraph at lines 850--850
[]\T1/fvm/m/n/10 ##  Mean   :1991   Mean   : 6.503   Mean   :1991   Mean   :358
.3[] 
 []


Overfull \hbox (15.49023pt too wide) in paragraph at lines 850--850
[]\T1/fvm/m/n/10 ##  3rd Qu.:2006   3rd Qu.: 9.000   3rd Qu.:2007   3rd Qu.:382
.6[] 
 []


Overfull \hbox (15.49023pt too wide) in paragraph at lines 850--850
>>>>>>> b702cd0195f3d723e21a95c11e760e95ca313294
[]\T1/fvm/m/n/10 ##  Max.   :2022   Max.   :12.000   Max.   :2023   Max.   :421
.0[] 
 []

<<<<<<< HEAD
[16]
<figure/unnamed-chunk-44-1.pdf, id=115, pagebox=cropbox, 505.89pt x 505.89pt>
File: figure/unnamed-chunk-44-1.pdf Graphic file (type pdf)
<use figure/unnamed-chunk-44-1.pdf>
Package pdftex.def Info: figure/unnamed-chunk-44-1.pdf  used on input line 855.
 on input line 855.
Package pdftex.def Info: Requested size: 312.00435pt x 312.00435pt on input lin
e 855.

Overfull \hbox (12.00435pt too wide) in paragraph at lines 855--857
[][] 
 []

[17]
<figure/unnamed-chunk-45-1.pdf, id=120, pagebox=cropbox, 505.89pt x 505.89pt>
File: figure/unnamed-chunk-45-1.pdf Graphic file (type pdf)
<use figure/unnamed-chunk-45-1.pdf>
Package pdftex.def Info: figure/unnamed-chunk-45-1.pdf  used on input line 870.
 on input line 870.
Package pdftex.def Info: Requested size: 144.0026pt x 144.0026pt on input line 
870.
=======
[16] <figure/unnamed-chunk-44-1.pdf, id=115, 505.89pt x 505.89pt>
File: figure/unnamed-chunk-44-1.pdf Graphic file (type pdf)

<use figure/unnamed-chunk-44-1.pdf>
Package pdftex.def Info: figure/unnamed-chunk-44-1.pdf used on input line 866.
(pdftex.def)             Requested size: 312.00435pt x 312.00435pt.

Overfull \hbox (12.00435pt too wide) in paragraph at lines 866--868
[][] 
 []

[17] <figure/unnamed-chunk-45-1.pdf, id=120, 505.89pt x 505.89pt>
File: figure/unnamed-chunk-45-1.pdf Graphic file (type pdf)

<use figure/unnamed-chunk-45-1.pdf>
Package pdftex.def Info: figure/unnamed-chunk-45-1.pdf used on input line 881.
(pdftex.def)             Requested size: 144.0026pt x 144.0026pt.
>>>>>>> b702cd0195f3d723e21a95c11e760e95ca313294
 [18 <./figure/unnamed-chunk-44-1.pdf> <./figure/unnamed-chunk-45-1.pdf>]

LaTeX Warning: Marginpar on page 19 moved.

[19]
<<<<<<< HEAD
Overfull \hbox (15.49023pt too wide) in paragraph at lines 947--947
=======
Overfull \hbox (15.49023pt too wide) in paragraph at lines 958--958
>>>>>>> b702cd0195f3d723e21a95c11e760e95ca313294
[][]\T1/fvm/m/n/10 Flowering.aov[] []<-[] []\T1/fvm/b/n/10 aov[][]\T1/fvm/m/n/1
0 (Flowering_date[] []~[] []Treatment,[] []data[][]=Flowering)[][] 
 []


LaTeX Warning: Marginpar on page 20 moved.

<<<<<<< HEAD
[20]
<figure/unnamed-chunk-51-1.pdf, id=151, pagebox=cropbox, 505.89pt x 505.89pt>
File: figure/unnamed-chunk-51-1.pdf Graphic file (type pdf)
<use figure/unnamed-chunk-51-1.pdf>
Package pdftex.def Info: figure/unnamed-chunk-51-1.pdf  used on input line 990.
 on input line 990.
Package pdftex.def Info: Requested size: 312.00435pt x 312.00435pt on input lin
e 990.

Overfull \hbox (12.00435pt too wide) in paragraph at lines 990--992
[][] 
 []

<figure/unnamed-chunk-52-1.pdf, id=152, pagebox=cropbox, 505.89pt x 505.89pt>
File: figure/unnamed-chunk-52-1.pdf Graphic file (type pdf)
<use figure/unnamed-chunk-52-1.pdf>
Package pdftex.def Info: figure/unnamed-chunk-52-1.pdf  used on input line 999.
 on input line 999.
Package pdftex.def Info: Requested size: 312.00435pt x 312.00435pt on input lin
e 999.
[21 <./figure/unnamed-chunk-51-1.pdf>] [22 <./figure/unnamed-chunk-52-1.pdf>]

LaTeX Warning: Marginpar on page 23 moved.

<figure/unnamed-chunk-54-1.pdf, id=173, pagebox=cropbox, 505.89pt x 505.89pt>
File: figure/unnamed-chunk-54-1.pdf Graphic file (type pdf)
<use figure/unnamed-chunk-54-1.pdf>
Package pdftex.def Info: figure/unnamed-chunk-54-1.pdf  used on input line 1032
. on input line 1032.
Package pdftex.def Info: Requested size: 480.0061pt x 480.0061pt on input line 
1032.

Overfull \hbox (5.25616pt too wide) in paragraph at lines 1063--1063
[]\T1/fvm/m/n/10 ## F-statistic: 3.548e+04 on 1 and 758 DF,  p-value: < 2.2e-16
=======
[20] <figure/unnamed-chunk-51-1.pdf, id=151, 505.89pt x 505.89pt>
File: figure/unnamed-chunk-51-1.pdf Graphic file (type pdf)

<use figure/unnamed-chunk-51-1.pdf>
Package pdftex.def Info: figure/unnamed-chunk-51-1.pdf used on input line 1001.

(pdftex.def)             Requested size: 312.00435pt x 312.00435pt.

Overfull \hbox (12.00435pt too wide) in paragraph at lines 1001--1003
[][] 
 []

<figure/unnamed-chunk-52-1.pdf, id=152, 505.89pt x 505.89pt>
File: figure/unnamed-chunk-52-1.pdf Graphic file (type pdf)

<use figure/unnamed-chunk-52-1.pdf>
Package pdftex.def Info: figure/unnamed-chunk-52-1.pdf used on input line 1010.

(pdftex.def)             Requested size: 312.00435pt x 312.00435pt.
 [21 <./figure/unnamed-chunk-51-1.pdf>]
[22 <./figure/unnamed-chunk-52-1.pdf>]

LaTeX Warning: Marginpar on page 23 moved.

<figure/unnamed-chunk-54-1.pdf, id=173, 505.89pt x 505.89pt>
File: figure/unnamed-chunk-54-1.pdf Graphic file (type pdf)

<use figure/unnamed-chunk-54-1.pdf>
Package pdftex.def Info: figure/unnamed-chunk-54-1.pdf used on input line 1043.

(pdftex.def)             Requested size: 480.0061pt x 480.0061pt.

Overfull \hbox (5.25616pt too wide) in paragraph at lines 1074--1074
[]\T1/fvm/m/n/10 ## F-statistic: 3.523e+04 on 1 and 756 DF,  p-value: < 2.2e-16
>>>>>>> b702cd0195f3d723e21a95c11e760e95ca313294
[] 
 []

[23] [24 <./figure/unnamed-chunk-54-1.pdf>]
<<<<<<< HEAD
<figure/unnamed-chunk-57-1.pdf, id=188, pagebox=cropbox, 505.89pt x 505.89pt>
File: figure/unnamed-chunk-57-1.pdf Graphic file (type pdf)
<use figure/unnamed-chunk-57-1.pdf>
Package pdftex.def Info: figure/unnamed-chunk-57-1.pdf  used on input line 1101
. on input line 1101.
Package pdftex.def Info: Requested size: 312.00435pt x 312.00435pt on input lin
e 1101.

! Undefined control sequence.
l.1109 ...alidity of linear model assumptions (\eg
=======
<figure/unnamed-chunk-57-1.pdf, id=188, 505.89pt x 505.89pt>
File: figure/unnamed-chunk-57-1.pdf Graphic file (type pdf)

<use figure/unnamed-chunk-57-1.pdf>
Package pdftex.def Info: figure/unnamed-chunk-57-1.pdf used on input line 1112.

(pdftex.def)             Requested size: 312.00435pt x 312.00435pt.

! Undefined control sequence.
l.1120 ...alidity of linear model assumptions (\eg
>>>>>>> b702cd0195f3d723e21a95c11e760e95ca313294
                                                   normality or heterogeneit...
The control sequence at the end of the top line
of your error message was never \def'ed. If you have
misspelled it (e.g., `\hobx'), type `I' and the correct
spelling (e.g., `I\hbox'). Otherwise just continue,
and I'll forget about whatever was undefined.

! Undefined control sequence.
<<<<<<< HEAD
l.1109 ...e is a ton of unaccounted structure, \ie
=======
l.1120 ...e is a ton of unaccounted structure, \ie
>>>>>>> b702cd0195f3d723e21a95c11e760e95ca313294
                                                   variance, in the model. T...
The control sequence at the end of the top line
of your error message was never \def'ed. If you have
misspelled it (e.g., `\hobx'), type `I' and the correct
spelling (e.g., `I\hbox'). Otherwise just continue,
and I'll forget about whatever was undefined.


<<<<<<< HEAD
LaTeX Warning: File `co2_data_mlo.pdf' not found on input line 1114.


! Package pdftex.def Error: File `co2_data_mlo.pdf' not found: using draft sett
ing.
=======
LaTeX Warning: File `co2_data_mlo.pdf' not found on input line 1125.


! Package pdftex.def Error: File `co2_data_mlo.pdf' not found.
>>>>>>> b702cd0195f3d723e21a95c11e760e95ca313294

See the pdftex.def package documentation for explanation.
Type  H <return>  for immediate help.
 ...                                              
                                                  
<<<<<<< HEAD
l.1114 	\includegraphics{co2_data_mlo.pdf}
                                          
=======
l.1125 	\includegraphics{co2_data_mlo.pdf}
                                          
Using draft setting for this image.
>>>>>>> b702cd0195f3d723e21a95c11e760e95ca313294
Try typing  <return>  to proceed.
If that doesn't work, type  X <return>  to quit.


<<<<<<< HEAD
Underfull \hbox (badness 10000) in paragraph at lines 1114--1117
=======
Underfull \hbox (badness 10000) in paragraph at lines 1125--1128
>>>>>>> b702cd0195f3d723e21a95c11e760e95ca313294

 []


Package natbib Warning: Citation `Tufte:1983' on page 25 undefined on input lin
<<<<<<< HEAD
e 1124.


Package natbib Warning: Citation `Tufte:1997' on page 25 undefined on input lin
e 1124.
=======
e 1135.


Package natbib Warning: Citation `Tufte:1997' on page 25 undefined on input lin
e 1135.
>>>>>>> b702cd0195f3d723e21a95c11e760e95ca313294

[25] [26 <./figure/unnamed-chunk-57-1.pdf>] [27]

LaTeX Warning: Marginpar on page 28 moved.


<<<<<<< HEAD
Package natbib Warning: Citation `REF' on page 28 undefined on input line 1129.


! Undefined control sequence.
l.1144 ... the objects to be used in the plot, \ie
=======
Package natbib Warning: Citation `REF' on page 28 undefined on input line 1140.


! Undefined control sequence.
l.1155 ... the objects to be used in the plot, \ie
>>>>>>> b702cd0195f3d723e21a95c11e760e95ca313294
                                                   the x axis (substrate con...
The control sequence at the end of the top line
of your error message was never \def'ed. If you have
misspelled it (e.g., `\hobx'), type `I' and the correct
spelling (e.g., `I\hbox'). Otherwise just continue,
and I'll forget about whatever was undefined.

<<<<<<< HEAD
<figure/unnamed-chunk-59-1.pdf, id=211, pagebox=cropbox, 505.89pt x 505.89pt>
File: figure/unnamed-chunk-59-1.pdf Graphic file (type pdf)
<use figure/unnamed-chunk-59-1.pdf>
Package pdftex.def Info: figure/unnamed-chunk-59-1.pdf  used on input line 1165
. on input line 1165.
Package pdftex.def Info: Requested size: 312.00435pt x 312.00435pt on input lin
e 1165.

Overfull \hbox (12.00435pt too wide) in paragraph at lines 1165--1167
=======
<figure/unnamed-chunk-59-1.pdf, id=211, 505.89pt x 505.89pt>
File: figure/unnamed-chunk-59-1.pdf Graphic file (type pdf)

<use figure/unnamed-chunk-59-1.pdf>
Package pdftex.def Info: figure/unnamed-chunk-59-1.pdf used on input line 1176.

(pdftex.def)             Requested size: 312.00435pt x 312.00435pt.

Overfull \hbox (12.00435pt too wide) in paragraph at lines 1176--1178
>>>>>>> b702cd0195f3d723e21a95c11e760e95ca313294
[][] 
 []

[28]

LaTeX Warning: Marginpar on page 29 moved.


<<<<<<< HEAD
Overfull \hbox (107.59686pt too wide) in paragraph at lines 1173--1173
=======
Overfull \hbox (107.59686pt too wide) in paragraph at lines 1184--1184
>>>>>>> b702cd0195f3d723e21a95c11e760e95ca313294
[][]\T1/fvm/b/n/10 plot[][]\T1/fvm/m/n/10 ([][]x[][]=S,[] []y[][]=V_cyano,[] []
xlab[][]=[][]"Substrate Concentration"[][],[] []ylab[][]=[][]"Uptake Rate"[][],
[] []type[][]=[][]"l"[][])[][] 
 []

<<<<<<< HEAD
<figure/unnamed-chunk-60-1.pdf, id=217, pagebox=cropbox, 505.89pt x 505.89pt>
File: figure/unnamed-chunk-60-1.pdf Graphic file (type pdf)
<use figure/unnamed-chunk-60-1.pdf>
Package pdftex.def Info: figure/unnamed-chunk-60-1.pdf  used on input line 1176
. on input line 1176.
Package pdftex.def Info: Requested size: 312.00435pt x 312.00435pt on input lin
e 1176.

Overfull \hbox (12.00435pt too wide) in paragraph at lines 1176--1178
=======
<figure/unnamed-chunk-60-1.pdf, id=217, 505.89pt x 505.89pt>
File: figure/unnamed-chunk-60-1.pdf Graphic file (type pdf)

<use figure/unnamed-chunk-60-1.pdf>
Package pdftex.def Info: figure/unnamed-chunk-60-1.pdf used on input line 1187.

(pdftex.def)             Requested size: 312.00435pt x 312.00435pt.

Overfull \hbox (12.00435pt too wide) in paragraph at lines 1187--1189
>>>>>>> b702cd0195f3d723e21a95c11e760e95ca313294
[][] 
 []

[29 <./figure/unnamed-chunk-59-1.pdf>]

LaTeX Warning: Marginpar on page 30 moved.

[30 <./figure/unnamed-chunk-60-1.pdf>]
<<<<<<< HEAD
Overfull \hbox (97.3628pt too wide) in paragraph at lines 1191--1191
=======
Overfull \hbox (97.3628pt too wide) in paragraph at lines 1202--1202
>>>>>>> b702cd0195f3d723e21a95c11e760e95ca313294
[][]\T1/fvm/b/n/10 plot[][]\T1/fvm/m/n/10 (S,V_cyano,[] []xlab[][]=[][]\T1/fvm/
b/n/10 expression[][]\T1/fvm/m/n/10 ([][]\T1/fvm/b/n/10 paste[][]\T1/fvm/m/n/10
 ([][]"Available Nitrogen ("[][], mg[] []~~[] []L[][]^-[][]1[][],[] []")"[][]))
,[][] 
 []


<<<<<<< HEAD
Overfull \hbox (82.01169pt too wide) in paragraph at lines 1192--1192
=======
Overfull \hbox (82.01169pt too wide) in paragraph at lines 1203--1203
>>>>>>> b702cd0195f3d723e21a95c11e760e95ca313294
[]  []\T1/fvm/m/n/10 ylab[][]=[][]\T1/fvm/b/n/10 expression[][]\T1/fvm/m/n/10 (
[][]\T1/fvm/b/n/10 paste[][]\T1/fvm/m/n/10 ([][]"Nitrogen Uptake Rate ( "[][], 
mg[] []~~[] []g[][]^-[][]1[] []~~[] []h[][]^-[][]1[][],[] []")"[][])),[][] 
 []


<<<<<<< HEAD
Overfull \hbox (143.4161pt too wide) in paragraph at lines 1193--1193
=======
Overfull \hbox (143.4161pt too wide) in paragraph at lines 1204--1204
>>>>>>> b702cd0195f3d723e21a95c11e760e95ca313294
[]        []\T1/fvm/m/n/10 lty[][]=[][]1[][],[] []col[][]=[][]"seagreen"[][],[]
 []lwd[][]=[][]3[][],[] []ylim[][]=[][]\T1/fvm/b/n/10 c[][]\T1/fvm/m/n/10 ([][]
0[][],[][]0.2[][]),[] []xlim[][]=[][]\T1/fvm/b/n/10 c[][]\T1/fvm/m/n/10 ([][]0[
][],[][]2[][]),[] []type[][]=[][]"l"[][],[] []frame.plot[][]=F)[][] 
 []


<<<<<<< HEAD
Overfull \hbox (143.4161pt too wide) in paragraph at lines 1199--1199
=======
Overfull \hbox (143.4161pt too wide) in paragraph at lines 1210--1210
>>>>>>> b702cd0195f3d723e21a95c11e760e95ca313294
[][]\T1/fvm/m/sl/10 # Add legend(x, y, plus some text, symbols, colors, line ty
pe, line width, box, and size)[][] 
 []


<<<<<<< HEAD
Overfull \hbox (194.58646pt too wide) in paragraph at lines 1200--1200
=======
Overfull \hbox (194.58646pt too wide) in paragraph at lines 1211--1211
>>>>>>> b702cd0195f3d723e21a95c11e760e95ca313294
[][]\T1/fvm/b/n/10 legend[][]\T1/fvm/m/n/10 ([][].8[][],[] []0.05[][],[] []\T1/
fvm/b/n/10 c[][]\T1/fvm/m/n/10 ([][]"Cyanobacteria"[][],[] []"Diatoms"[][],[] [
]"Green Algae"[][]),[] []col[][]=[][]\T1/fvm/b/n/10 c[][]\T1/fvm/m/n/10 ([][]"s
eagreen"[][],[] []"blue"[][],[] []"purple"[][]),[][] 
 []

<<<<<<< HEAD
<figure/a-1.pdf, id=236, pagebox=cropbox, 505.89pt x 505.89pt>
File: figure/a-1.pdf Graphic file (type pdf)
<use figure/a-1.pdf>
Package pdftex.def Info: figure/a-1.pdf  used on input line 1204. on input line
 1204.
Package pdftex.def Info: Requested size: 312.00435pt x 312.00435pt on input lin
e 1204.

Overfull \hbox (12.00435pt too wide) in paragraph at lines 1204--1206
=======
<figure/a-1.pdf, id=236, 505.89pt x 505.89pt>
File: figure/a-1.pdf Graphic file (type pdf)
 <use figure/a-1.pdf>
Package pdftex.def Info: figure/a-1.pdf used on input line 1215.
(pdftex.def)             Requested size: 312.00435pt x 312.00435pt.

Overfull \hbox (12.00435pt too wide) in paragraph at lines 1215--1217
>>>>>>> b702cd0195f3d723e21a95c11e760e95ca313294
[][] 
 []

[31 <./figure/a-1.pdf>]
<<<<<<< HEAD
LaTeX Font Info:    Try loading font information for TS1+pplj on input line 121
0.
=======
LaTeX Font Info:    Try loading font information for TS1+pplj on input line 122
1.
>>>>>>> b702cd0195f3d723e21a95c11e760e95ca313294

(/usr/share/texlive/texmf-dist/tex/latex/psnfss/ts1pplj.fd
File: ts1pplj.fd 2004/09/06 font definitions for TS1/pplj.
)
<<<<<<< HEAD
Overfull \hbox (1.48985pt too wide) in paragraph at lines 1212--1213
=======
Overfull \hbox (1.48985pt too wide) in paragraph at lines 1223--1224
>>>>>>> b702cd0195f3d723e21a95c11e760e95ca313294
[]\T1/pplj/m/n/10 The lines can be in-ter-preted in a color and black and white
 scheme.  
 []

<<<<<<< HEAD
<figure/unnamed-chunk-63-1.pdf, id=249, pagebox=cropbox, 505.89pt x 505.89pt>
File: figure/unnamed-chunk-63-1.pdf Graphic file (type pdf)
<use figure/unnamed-chunk-63-1.pdf>
Package pdftex.def Info: figure/unnamed-chunk-63-1.pdf  used on input line 1221
. on input line 1221.
Package pdftex.def Info: Requested size: 312.00435pt x 312.00435pt on input lin
e 1221.
[32 <./figure/unnamed-chunk-63-1.pdf>] [33] (./IntroR.bbl) [34
=======
<figure/unnamed-chunk-63-1.pdf, id=249, 505.89pt x 505.89pt>
File: figure/unnamed-chunk-63-1.pdf Graphic file (type pdf)

<use figure/unnamed-chunk-63-1.pdf>
Package pdftex.def Info: figure/unnamed-chunk-63-1.pdf used on input line 1232.

(pdftex.def)             Requested size: 312.00435pt x 312.00435pt.
 [32 <./figure/unnamed-chunk-63-1.pdf>]
[33] (./IntroR.bbl) [34
>>>>>>> b702cd0195f3d723e21a95c11e760e95ca313294

] [35]

Package natbib Warning: There were undefined citations.

<<<<<<< HEAD
Package atveryend Info: Empty hook `BeforeClearDocument' on input line 1320.
[36]
Package atveryend Info: Empty hook `AfterLastShipout' on input line 1320.
 (./IntroR.aux)
Package atveryend Info: Executing hook `AtVeryEndDocument' on input line 1320.
Package atveryend Info: Executing hook `AtEndAfterFileList' on input line 1320.
=======
Package atveryend Info: Empty hook `BeforeClearDocument' on input line 1331.
[36]
Package atveryend Info: Empty hook `AfterLastShipout' on input line 1331.
 (./IntroR.aux)
Package atveryend Info: Executing hook `AtVeryEndDocument' on input line 1331.
Package atveryend Info: Executing hook `AtEndAfterFileList' on input line 1331.
>>>>>>> b702cd0195f3d723e21a95c11e760e95ca313294



Package rerunfilecheck Warning: File `IntroR.out' has changed.
(rerunfilecheck)                Rerun to get outlines right
(rerunfilecheck)                or use package `bookmark'.

Package rerunfilecheck Info: Checksums for `IntroR.out':
(rerunfilecheck)             Before: <no file>
(rerunfilecheck)             After:  4776B9F31609303EC62229FB86EC829F;2276.

LaTeX Warning: There were multiply-defined labels.

<<<<<<< HEAD
Package atveryend Info: Empty hook `AtVeryVeryEnd' on input line 1320.
 ) 
Here is how much of TeX's memory you used:
 13262 strings out of 494917
 187110 string characters out of 6180699
 287128 words of memory out of 5000000
 16192 multiletter control sequences out of 15000+600000
 77231 words of font info for 128 fonts, out of 8000000 for 9000
 14 hyphenation exceptions out of 8191
 45i,12n,45p,1677b,578s stack positions out of 5000i,500n,10000p,200000b,80000s
=======
Package atveryend Info: Empty hook `AtVeryVeryEnd' on input line 1331.
 ) 
Here is how much of TeX's memory you used:
 13329 strings out of 494820
 186956 string characters out of 3178050
 282626 words of memory out of 3000000
 16133 multiletter control sequences out of 15000+200000
 77231 words of font info for 128 fonts, out of 3000000 for 9000
 198 hyphenation exceptions out of 8191
 46i,12n,45p,1677b,581s stack positions out of 5000i,500n,10000p,200000b,50000s
>>>>>>> b702cd0195f3d723e21a95c11e760e95ca313294
{/usr/share/texlive/texmf-dist/fonts/enc/dvips/base/8r.enc}</usr/share/texliv
e/texmf-dist/fonts/type1/public/amsfonts/cm/cmr10.pfb></usr/share/texlive/texmf
-dist/fonts/type1/public/amsfonts/cm/cmsy10.pfb></usr/share/texlive/texmf-dist/
fonts/type1/public/fpl/fplbj8a.pfb></usr/share/texlive/texmf-dist/fonts/type1/p
ublic/mathpazo/fplmri.pfb></usr/share/texlive/texmf-dist/fonts/type1/public/fpl
/fplrc8a.pfb></usr/share/texlive/texmf-dist/fonts/type1/public/bera/fvmb8a.pfb>
</usr/share/texlive/texmf-dist/fonts/type1/public/bera/fvmr8a.pfb></usr/share/t
exlive/texmf-dist/fonts/type1/public/bera/fvmro8a.pfb></usr/share/texlive/texmf
-dist/fonts/type1/urw/palatino/uplb8a.pfb></usr/share/texlive/texmf-dist/fonts/
type1/urw/palatino/uplr8a.pfb></usr/share/texlive/texmf-dist/fonts/type1/urw/pa
latino/uplri8a.pfb>
<<<<<<< HEAD
Output written on IntroR.pdf (36 pages, 544941 bytes).
=======
Output written on IntroR.pdf (36 pages, 541841 bytes).
>>>>>>> b702cd0195f3d723e21a95c11e760e95ca313294
PDF statistics:
 346 PDF objects out of 1000 (max. 8388607)
 274 compressed objects within 3 object streams
 79 named destinations out of 1000 (max. 500000)
 1075 words of extra memory for PDF output out of 10000 (max. 10000000)

