This is pdfTeX, Version 3.14159265-2.6-1.40.19 (TeX Live 2018) (preloaded format=pdflatex 2023.6.21)  23 JAN 2026 08:31
entering extended mode
 restricted \write18 enabled.
 %&-line parsing enabled.
**Lab1_Climate_Data_v07.tex
(./Lab1_Climate_Data_v07.tex
LaTeX2e <2017-04-15>
Babel <3.17> and hyphenation patterns for 3 language(s) loaded.
(/usr/share/texlive/texmf-dist/tex/latex/base/article.cls
Document Class: article 2014/09/29 v1.4h Standard LaTeX document class
(/usr/share/texlive/texmf-dist/tex/latex/base/size10.clo
File: size10.clo 2014/09/29 v1.4h Standard LaTeX file (size option)
)
\c@part=\count79
\c@section=\count80
\c@subsection=\count81
\c@subsubsection=\count82
\c@paragraph=\count83
\c@subparagraph=\count84
\c@figure=\count85
\c@table=\count86
\abovecaptionskip=\skip41
\belowcaptionskip=\skip42
\bibindent=\dimen102
)
(/usr/share/texlive/texmf-dist/tex/latex/graphics/graphicx.sty
Package: graphicx 2017/06/01 v1.1a Enhanced LaTeX Graphics (DPC,SPQR)

(/usr/share/texlive/texmf-dist/tex/latex/graphics/keyval.sty
Package: keyval 2014/10/28 v1.15 key=value parser (DPC)
\KV@toks@=\toks14
)
(/usr/share/texlive/texmf-dist/tex/latex/graphics/graphics.sty
Package: graphics 2017/06/25 v1.2c Standard LaTeX Graphics (DPC,SPQR)

(/usr/share/texlive/texmf-dist/tex/latex/graphics/trig.sty
Package: trig 2016/01/03 v1.10 sin cos tan (DPC)
)
(/usr/share/texlive/texmf-dist/tex/latex/graphics-cfg/graphics.cfg
File: graphics.cfg 2016/06/04 v1.11 sample graphics configuration
)
Package graphics Info: Driver file: pdftex.def on input line 99.

(/usr/share/texlive/texmf-dist/tex/latex/graphics-def/pdftex.def
File: pdftex.def 2017/06/24 v1.0g Graphics/color driver for pdftex
))
\Gin@req@height=\dimen103
\Gin@req@width=\dimen104
)
(/usr/share/texlive/texmf-dist/tex/latex/xcolor/xcolor.sty
Package: xcolor 2016/05/11 v2.12 LaTeX color extensions (UK)

(/usr/share/texlive/texmf-dist/tex/latex/graphics-cfg/color.cfg
File: color.cfg 2016/01/02 v1.6 sample color configuration
)
Package xcolor Info: Driver file: pdftex.def on input line 225.
Package xcolor Info: Model `cmy' substituted by `cmy0' on input line 1348.
Package xcolor Info: Model `hsb' substituted by `rgb' on input line 1352.
Package xcolor Info: Model `RGB' extended on input line 1364.
Package xcolor Info: Model `HTML' substituted by `rgb' on input line 1366.
Package xcolor Info: Model `Hsb' substituted by `hsb' on input line 1367.
Package xcolor Info: Model `tHsb' substituted by `hsb' on input line 1368.
Package xcolor Info: Model `HSB' substituted by `hsb' on input line 1369.
Package xcolor Info: Model `Gray' substituted by `gray' on input line 1370.
Package xcolor Info: Model `wave' substituted by `hsb' on input line 1371.
)
(/usr/share/texlive/texmf-dist/tex/latex/framed/framed.sty
Package: framed 2011/10/22 v 0.96: framed or shaded text with page breaks
\OuterFrameSep=\skip43
\fb@frw=\dimen105
\fb@frh=\dimen106
\FrameRule=\dimen107
\FrameSep=\dimen108
)
(/usr/share/texlive/texmf-dist/tex/latex/base/alltt.sty
Package: alltt 1997/06/16 v2.0g defines alltt environment
)
(/usr/share/texlive/texmf-dist/tex/latex/hyperref/hyperref.sty
Package: hyperref 2017/03/14 v6.85a Hypertext links for LaTeX

(/usr/share/texlive/texmf-dist/tex/generic/oberdiek/hobsub-hyperref.sty
Package: hobsub-hyperref 2016/05/16 v1.14 Bundle oberdiek, subset hyperref (HO)


(/usr/share/texlive/texmf-dist/tex/generic/oberdiek/hobsub-generic.sty
Package: hobsub-generic 2016/05/16 v1.14 Bundle oberdiek, subset generic (HO)
Package: hobsub 2016/05/16 v1.14 Construct package bundles (HO)
Package: infwarerr 2016/05/16 v1.4 Providing info/warning/error messages (HO)
Package: ltxcmds 2016/05/16 v1.23 LaTeX kernel commands for general use (HO)
Package: ifluatex 2016/05/16 v1.4 Provides the ifluatex switch (HO)
Package ifluatex Info: LuaTeX not detected.
Package: ifvtex 2016/05/16 v1.6 Detect VTeX and its facilities (HO)
Package ifvtex Info: VTeX not detected.
Package: intcalc 2016/05/16 v1.2 Expandable calculations with integers (HO)
Package: ifpdf 2017/03/15 v3.2 Provides the ifpdf switch
Package: etexcmds 2016/05/16 v1.6 Avoid name clashes with e-TeX commands (HO)
Package etexcmds Info: Could not find \expanded.
(etexcmds)             That can mean that you are not using pdfTeX 1.50 or
(etexcmds)             that some package has redefined \expanded.
(etexcmds)             In the latter case, load this package earlier.
Package: kvsetkeys 2016/05/16 v1.17 Key value parser (HO)
Package: kvdefinekeys 2016/05/16 v1.4 Define keys (HO)
Package: pdftexcmds 2017/03/19 v0.25 Utility functions of pdfTeX for LuaTeX (HO
)
Package pdftexcmds Info: LuaTeX not detected.
Package pdftexcmds Info: \pdf@primitive is available.
Package pdftexcmds Info: \pdf@ifprimitive is available.
Package pdftexcmds Info: \pdfdraftmode found.
Package: pdfescape 2016/05/16 v1.14 Implements pdfTeX's escape features (HO)
Package: bigintcalc 2016/05/16 v1.4 Expandable calculations on big integers (HO
)
Package: bitset 2016/05/16 v1.2 Handle bit-vector datatype (HO)
Package: uniquecounter 2016/05/16 v1.3 Provide unlimited unique counter (HO)
)
Package hobsub Info: Skipping package `hobsub' (already loaded).
Package: letltxmacro 2016/05/16 v1.5 Let assignment for LaTeX macros (HO)
Package: hopatch 2016/05/16 v1.3 Wrapper for package hooks (HO)
Package: xcolor-patch 2016/05/16 xcolor patch
Package: atveryend 2016/05/16 v1.9 Hooks at the very end of document (HO)
Package atveryend Info: \enddocument detected (standard20110627).
Package: atbegshi 2016/06/09 v1.18 At begin shipout hook (HO)
Package: refcount 2016/05/16 v3.5 Data extraction from label references (HO)
Package: hycolor 2016/05/16 v1.8 Color options for hyperref/bookmark (HO)
)
(/usr/share/texlive/texmf-dist/tex/generic/ifxetex/ifxetex.sty
Package: ifxetex 2010/09/12 v0.6 Provides ifxetex conditional
)
(/usr/share/texlive/texmf-dist/tex/latex/oberdiek/auxhook.sty
Package: auxhook 2016/05/16 v1.4 Hooks for auxiliary files (HO)
)
(/usr/share/texlive/texmf-dist/tex/latex/oberdiek/kvoptions.sty
Package: kvoptions 2016/05/16 v3.12 Key value format for package options (HO)
)
\@linkdim=\dimen109
\Hy@linkcounter=\count87
\Hy@pagecounter=\count88

(/usr/share/texlive/texmf-dist/tex/latex/hyperref/pd1enc.def
File: pd1enc.def 2017/03/14 v6.85a Hyperref: PDFDocEncoding definition (HO)
)
\Hy@SavedSpaceFactor=\count89

(/usr/share/texlive/texmf-dist/tex/latex/latexconfig/hyperref.cfg
File: hyperref.cfg 2002/06/06 v1.2 hyperref configuration of TeXLive
)
Package hyperref Info: Hyper figures OFF on input line 4498.
Package hyperref Info: Link nesting OFF on input line 4503.
Package hyperref Info: Hyper index ON on input line 4506.
Package hyperref Info: Plain pages OFF on input line 4513.
Package hyperref Info: Backreferencing OFF on input line 4518.
Package hyperref Info: Implicit mode ON; LaTeX internals redefined.
Package hyperref Info: Bookmarks ON on input line 4751.
\c@Hy@tempcnt=\count90

(/usr/share/texlive/texmf-dist/tex/latex/url/url.sty
\Urlmuskip=\muskip10
Package: url 2013/09/16  ver 3.4  Verb mode for urls, etc.
)
LaTeX Info: Redefining \url on input line 5104.
\XeTeXLinkMargin=\dimen110
\Fld@menulength=\count91
\Field@Width=\dimen111
\Fld@charsize=\dimen112
Package hyperref Info: Hyper figures OFF on input line 6358.
Package hyperref Info: Link nesting OFF on input line 6363.
Package hyperref Info: Hyper index ON on input line 6366.
Package hyperref Info: backreferencing OFF on input line 6373.
Package hyperref Info: Link coloring OFF on input line 6378.
Package hyperref Info: Link coloring with OCG OFF on input line 6383.
Package hyperref Info: PDF/A mode OFF on input line 6388.
LaTeX Info: Redefining \ref on input line 6428.
LaTeX Info: Redefining \pageref on input line 6432.
\Hy@abspage=\count92
\c@Item=\count93
\c@Hfootnote=\count94
)

Package hyperref Message: Driver (autodetected): hpdftex.

(/usr/share/texlive/texmf-dist/tex/latex/hyperref/hpdftex.def
File: hpdftex.def 2017/03/14 v6.85a Hyperref driver for pdfTeX
\Fld@listcount=\count95
\c@bookmark@seq@number=\count96

(/usr/share/texlive/texmf-dist/tex/latex/oberdiek/rerunfilecheck.sty
Package: rerunfilecheck 2016/05/16 v1.8 Rerun checks for auxiliary files (HO)
Package uniquecounter Info: New unique counter `rerunfilecheck' on input line 2
82.
)
\Hy@SectionHShift=\skip44
)
Package hyperref Info: Option `colorlinks' set `true' on input line 53.

(/usr/share/texlive/texmf-dist/tex/latex/fancyvrb/fancyvrb.sty
Package: fancyvrb 2008/02/07

Style option: `fancyvrb' v2.7a, with DG/SPQR fixes, and firstline=lastline fix 
<2008/02/07> (tvz)
\FV@CodeLineNo=\count97
\FV@InFile=\read1
\FV@TabBox=\box26
\c@FancyVerbLine=\count98
\FV@StepNumber=\count99
\FV@OutFile=\write3
)
(/usr/share/texlive/texmf-dist/tex/latex/upquote/upquote.sty
Package: upquote 2012/04/19 v1.3 upright-quote and grave-accent glyphs in verba
tim
)
(./Lab1_Climate_Data_v07.aux)
\openout1 = `Lab1_Climate_Data_v07.aux'.

LaTeX Font Info:    Checking defaults for OML/cmm/m/it on input line 69.
LaTeX Font Info:    ... okay on input line 69.
LaTeX Font Info:    Checking defaults for T1/cmr/m/n on input line 69.
LaTeX Font Info:    ... okay on input line 69.
LaTeX Font Info:    Checking defaults for OT1/cmr/m/n on input line 69.
LaTeX Font Info:    ... okay on input line 69.
LaTeX Font Info:    Checking defaults for OMS/cmsy/m/n on input line 69.
LaTeX Font Info:    ... okay on input line 69.
LaTeX Font Info:    Checking defaults for OMX/cmex/m/n on input line 69.
LaTeX Font Info:    ... okay on input line 69.
LaTeX Font Info:    Checking defaults for U/cmr/m/n on input line 69.
LaTeX Font Info:    ... okay on input line 69.
LaTeX Font Info:    Checking defaults for PD1/pdf/m/n on input line 69.
LaTeX Font Info:    ... okay on input line 69.

(/usr/share/texlive/texmf-dist/tex/context/base/mkii/supp-pdf.mkii
[Loading MPS to PDF converter (version 2006.09.02).]
\scratchcounter=\count100
\scratchdimen=\dimen113
\scratchbox=\box27
\nofMPsegments=\count101
\nofMParguments=\count102
\everyMPshowfont=\toks15
\MPscratchCnt=\count103
\MPscratchDim=\dimen114
\MPnumerator=\count104
\makeMPintoPDFobject=\count105
\everyMPtoPDFconversion=\toks16
) (/usr/share/texlive/texmf-dist/tex/latex/oberdiek/epstopdf-base.sty
Package: epstopdf-base 2016/05/15 v2.6 Base part for package epstopdf

(/usr/share/texlive/texmf-dist/tex/latex/oberdiek/grfext.sty
Package: grfext 2016/05/16 v1.2 Manage graphics extensions (HO)
)
Package epstopdf-base Info: Redefining graphics rule for `.eps' on input line 4
38.
Package grfext Info: Graphics extension search list:
(grfext)             [.pdf,.png,.jpg,.mps,.jpeg,.jbig2,.jb2,.PDF,.PNG,.JPG,.JPE
G,.JBIG2,.JB2,.eps]
(grfext)             \AppendGraphicsExtensions on input line 456.

(/usr/share/texlive/texmf-dist/tex/latex/latexconfig/epstopdf-sys.cfg
File: epstopdf-sys.cfg 2010/07/13 v1.3 Configuration of (r)epstopdf for TeX Liv
e
))
\AtBeginShipoutBox=\box28
Package hyperref Info: Link coloring ON on input line 69.

(/usr/share/texlive/texmf-dist/tex/latex/hyperref/nameref.sty
Package: nameref 2016/05/21 v2.44 Cross-referencing by name of section

(/usr/share/texlive/texmf-dist/tex/generic/oberdiek/gettitlestring.sty
Package: gettitlestring 2016/05/16 v1.5 Cleanup title references (HO)
)
\c@section@level=\count106
)
LaTeX Info: Redefining \ref on input line 69.
LaTeX Info: Redefining \pageref on input line 69.
LaTeX Info: Redefining \nameref on input line 69.

(./Lab1_Climate_Data_v07.out) (./Lab1_Climate_Data_v07.out)
\@outlinefile=\write4
\openout4 = `Lab1_Climate_Data_v07.out'.

LaTeX Font Info:    External font `cmex10' loaded for size
(Font)              <12> on input line 71.
LaTeX Font Info:    External font `cmex10' loaded for size
(Font)              <8> on input line 71.
LaTeX Font Info:    External font `cmex10' loaded for size
(Font)              <6> on input line 71.

(./Lab1_Climate_Data_v07.toc
LaTeX Font Info:    External font `cmex10' loaded for size
(Font)              <7> on input line 2.
LaTeX Font Info:    External font `cmex10' loaded for size
(Font)              <5> on input line 2.
 [1

{/usr/share/texlive/texmf-dist/fonts/map/pdftex/updmap/pdftex.map}])
\tf@toc=\write5
\openout5 = `Lab1_Climate_Data_v07.toc'.

 [2]
LaTeX Font Info:    Try loading font information for OMS+cmr on input line 80.

(/usr/share/texlive/texmf-dist/tex/latex/base/omscmr.fd
File: omscmr.fd 2014/09/29 v2.5h Standard LaTeX font definitions
)
LaTeX Font Info:    Font shape `OMS/cmr/m/n' in size <10> not available
(Font)              Font shape `OMS/cmsy/m/n' tried instead on input line 80.
 [3]
Overfull \hbox (48.74657pt too wide) in paragraph at lines 189--189
[]\OT1/cmtt/m/n/10 ##   Project path: /home/mwl04747/RTricks/05_Regional_Climat
e_Trends/2026_7[] 
 []


Overfull \hbox (69.74638pt too wide) in paragraph at lines 189--189
[]\OT1/cmtt/m/n/10 ##   [OK] Exists: /home/mwl04747/RTricks/05_Regional_Climate
_Trends/2026_7/Data[] 
 []


Overfull \hbox (80.24629pt too wide) in paragraph at lines 189--189
[]\OT1/cmtt/m/n/10 ##   [OK] Exists: /home/mwl04747/RTricks/05_Regional_Climate
_Trends/2026_7/Output[] 
 []


Overfull \hbox (85.49625pt too wide) in paragraph at lines 189--189
[]\OT1/cmtt/m/n/10 ##   [OK] Exists: /home/mwl04747/RTricks/05_Regional_Climate
_Trends/2026_7/Figures[] 
 []


Overfull \hbox (106.49606pt too wide) in paragraph at lines 189--189
[]\OT1/cmtt/m/n/10 ##      datafolder    = /home/mwl04747/RTricks/05_Regional_C
limate_Trends/2026_7/Data/[] 
 []


Overfull \hbox (122.24593pt too wide) in paragraph at lines 189--189
[]\OT1/cmtt/m/n/10 ##      figuresfolder = /home/mwl04747/RTricks/05_Regional_C
limate_Trends/2026_7/Figures/[] 
 []


Overfull \hbox (116.99597pt too wide) in paragraph at lines 189--189
[]\OT1/cmtt/m/n/10 ##     * datafolder     = /home/mwl04747/RTricks/05_Regional
_Climate_Trends/2026_7/Data/[] 
 []


Overfull \hbox (132.74583pt too wide) in paragraph at lines 189--189
[]\OT1/cmtt/m/n/10 ##     * figuresfolder  = /home/mwl04747/RTricks/05_Regional
_Climate_Trends/2026_7/Figures/[] 
 []

[4] [5]
Overfull \hbox (206.2452pt too wide) in paragraph at lines 245--245
[]\OT1/cmtt/m/n/10 ## [OK] Saved to: /home/mwl04747/RTricks/05_Regional_Climate
_Trends/2026_7/Data/selected_inventory_CA.csv[] 
 []


Overfull \hbox (22.4968pt too wide) in paragraph at lines 276--276
[]\OT1/cmtt/m/n/10 ##            ID                 NAME FIRSTYEAR LASTYEAR REC
ORD_LENGTH[] 
 []


Overfull \hbox (22.4968pt too wide) in paragraph at lines 276--276
[]\OT1/cmtt/m/n/10 ## 1 USC00043157           FT BIDWELL      1870     2026    
       157[] 
 []


Overfull \hbox (22.4968pt too wide) in paragraph at lines 276--276
[]\OT1/cmtt/m/n/10 ## 2 USW00023271     SACRAMENTO 5 ESE      1877     2025    
       149[] 
 []


Overfull \hbox (22.4968pt too wide) in paragraph at lines 276--276
[]\OT1/cmtt/m/n/10 ## 3 USC00042294 DAVIS 2 WSW EXP FARM      1893     2026    
       134[] 
 []


Overfull \hbox (22.4968pt too wide) in paragraph at lines 276--276
[]\OT1/cmtt/m/n/10 ## 4 USC00046074  NAPA STATE HOSPITAL      1893     2026    
       134[] 
 []


Overfull \hbox (22.4968pt too wide) in paragraph at lines 276--276
[]\OT1/cmtt/m/n/10 ## 5 USC00046136          NEVADA CITY      1893     2026    
       134[] 
 []


Overfull \hbox (22.4968pt too wide) in paragraph at lines 276--276
[]\OT1/cmtt/m/n/10 ## 6 USC00046719             PASADENA      1893     2026    
       134[] 
 []

[6]
LaTeX Font Info:    Font shape `OT1/cmtt/bx/n' in size <10> not available
(Font)              Font shape `OT1/cmtt/m/n' tried instead on input line 307.

Overfull \hbox (253.49478pt too wide) in paragraph at lines 397--397
[]\OT1/cmtt/m/n/10 ## [OK] Saved 50 stations to: /home/mwl04747/RTricks/05_Regi
onal_Climate_Trends/2026_7/Data/all_stations_raw.RData[] 
 []


Overfull \hbox (206.2452pt too wide) in paragraph at lines 397--397
[]\OT1/cmtt/m/n/10 ##   Saved to RData: /home/mwl04747/RTricks/05_Regional_Clim
ate_Trends/2026_7/Data/all_stations_raw.RData[] 
 []

[7]
Underfull \vbox (badness 10000) detected at line 398
 []


Underfull \vbox (badness 10000) detected at line 398
 []

[8] [9]
Overfull \hbox (69.74638pt too wide) in paragraph at lines 443--443
[]\OT1/cmtt/m/n/10 ##  [1] 18670601 18670602 18670603 18670604 18670605 1867060
6 18670607 18670608[] 
 []

[10] [11]
Missing character: There is no Â in font cmr10!
Missing character: There is no ° in font cmr10!
Missing character: There is no Â in font cmr10!
Missing character: There is no ° in font cmr10!
 [12] [13]
<figure/plot-basics-1.pdf, id=235, pagebox=cropbox, 578.16pt x 289.08pt>
File: figure/plot-basics-1.pdf Graphic file (type pdf)
<use figure/plot-basics-1.pdf>
Package pdftex.def Info: figure/plot-basics-1.pdf  used on input line 675. on i
nput line 675.
Package pdftex.def Info: Requested size: 345.0pt x 172.49655pt on input line 67
5.
Missing character: There is no Â in font cmtt9!
Missing character: There is no ° in font cmtt9!
 [14 <./figure/plot-basics-1.pdf>]
<figure/plot-multipanel-1.pdf, id=246, pagebox=cropbox, 578.16pt x 578.16pt>
File: figure/plot-multipanel-1.pdf Graphic file (type pdf)
<use figure/plot-multipanel-1.pdf>
Package pdftex.def Info: figure/plot-multipanel-1.pdf  used on input line 706. 
on input line 706.
Package pdftex.def Info: Requested size: 345.0pt x 344.99312pt on input line 70
6.
Missing character: There is no Â in font cmtt9!
Missing character: There is no ° in font cmtt9!
Missing character: There is no Â in font cmtt9!
Missing character: There is no ° in font cmtt9!
Missing character: There is no Â in font cmtt9!
Missing character: There is no ° in font cmtt9!
 [15 <./figure/plot-multipanel-1.pdf>] [16]
! Undefined control sequence.
l.801 \[ \text
              {Anomaly} = \text{Observed} - \text{Normal} \]
The control sequence at the end of the top line
of your error message was never \def'ed. If you have
misspelled it (e.g., `\hobx'), type `I' and the correct
spelling (e.g., `I\hbox'). Otherwise just continue,
and I'll forget about whatever was undefined.

! Undefined control sequence.
l.801 \[ \text{Anomaly} = \text
                               {Observed} - \text{Normal} \]
The control sequence at the end of the top line
of your error message was never \def'ed. If you have
misspelled it (e.g., `\hobx'), type `I' and the correct
spelling (e.g., `I\hbox'). Otherwise just continue,
and I'll forget about whatever was undefined.

! Undefined control sequence.
l.801 \[ \text{Anomaly} = \text{Observed} - \text
                                                 {Normal} \]
The control sequence at the end of the top line
of your error message was never \def'ed. If you have
misspelled it (e.g., `\hobx'), type `I' and the correct
spelling (e.g., `I\hbox'). Otherwise just continue,
and I'll forget about whatever was undefined.

[17] [18]
<figure/plot-anomalies-1.pdf, id=270, pagebox=cropbox, 578.16pt x 361.35pt>
File: figure/plot-anomalies-1.pdf Graphic file (type pdf)
<use figure/plot-anomalies-1.pdf>
Package pdftex.def Info: figure/plot-anomalies-1.pdf  used on input line 882. o
n input line 882.
Package pdftex.def Info: Requested size: 345.0pt x 215.6207pt on input line 882
.
Missing character: There is no Â in font cmtt9!
Missing character: There is no ° in font cmtt9!
 [19 <./figure/plot-anomalies-1.pdf>] [20] [21]
Missing character: There is no Â in font cmtt10!
Missing character: There is no ° in font cmtt10!
Missing character: There is no Â in font cmtt10!
Missing character: There is no ° in font cmtt10!
 [22]
Package atveryend Info: Empty hook `BeforeClearDocument' on input line 1090.
 [23]
Package atveryend Info: Empty hook `AfterLastShipout' on input line 1090.

(./Lab1_Climate_Data_v07.aux)
Package atveryend Info: Executing hook `AtVeryEndDocument' on input line 1090.
Package atveryend Info: Executing hook `AtEndAfterFileList' on input line 1090.

Package rerunfilecheck Info: File `Lab1_Climate_Data_v07.out' has not changed.
(rerunfilecheck)             Checksum: 9D25BB484339903ED144B09E9CEB2A7E;2094.
Package atveryend Info: Empty hook `AtVeryVeryEnd' on input line 1090.
 ) 
Here is how much of TeX's memory you used:
 6054 strings out of 494917
 88803 string characters out of 6180699
 179302 words of memory out of 5000000
 9261 multiletter control sequences out of 15000+600000
 8697 words of font info for 32 fonts, out of 8000000 for 9000
 14 hyphenation exceptions out of 8191
 28i,6n,35p,265b,466s stack positions out of 5000i,500n,10000p,200000b,80000s
</usr/share/texlive/texmf-dist/fonts/type1/public/amsfonts/cm/cmbx10.pfb></us
r/share/texlive/texmf-dist/fonts/type1/public/amsfonts/cm/cmbx12.pfb></usr/shar
e/texlive/texmf-dist/fonts/type1/public/amsfonts/cm/cmitt10.pfb></usr/share/tex
live/texmf-dist/fonts/type1/public/amsfonts/cm/cmmi10.pfb></usr/share/texlive/t
exmf-dist/fonts/type1/public/amsfonts/cm/cmr10.pfb></usr/share/texlive/texmf-di
st/fonts/type1/public/amsfonts/cm/cmr12.pfb></usr/share/texlive/texmf-dist/font
s/type1/public/amsfonts/cm/cmr17.pfb></usr/share/texlive/texmf-dist/fonts/type1
/public/amsfonts/cm/cmsy10.pfb></usr/share/texlive/texmf-dist/fonts/type1/publi
c/amsfonts/cm/cmtt10.pfb></usr/share/texlive/texmf-dist/fonts/type1/public/amsf
onts/cm/cmtt9.pfb>
Output written on Lab1_Climate_Data_v07.pdf (23 pages, 877037 bytes).
PDF statistics:
 355 PDF objects out of 1000 (max. 8388607)
 310 compressed objects within 4 object streams
 67 named destinations out of 1000 (max. 500000)
 272 words of extra memory for PDF output out of 10000 (max. 10000000)

