This is pdfTeX, Version 3.14159265-2.6-1.40.19 (TeX Live 2018) (preloaded format=pdflatex 2023.6.21)  8 OCT 2025 18:12
entering extended mode
 restricted \write18 enabled.
 %&-line parsing enabled.
**Groundwater_U238.tex
(./Groundwater_U238.tex
LaTeX2e <2017-04-15>
Babel <3.17> and hyphenation patterns for 3 language(s) loaded.
(/usr/share/texlive/texmf-dist/tex/latex/base/article.cls
Document Class: article 2014/09/29 v1.4h Standard LaTeX document class
(/usr/share/texlive/texmf-dist/tex/latex/base/size10.clo
File: size10.clo 2014/09/29 v1.4h Standard LaTeX file (size option)
)
\c@part=\count79
\c@section=\count80
\c@subsection=\count81
\c@subsubsection=\count82
\c@paragraph=\count83
\c@subparagraph=\count84
\c@figure=\count85
\c@table=\count86
\abovecaptionskip=\skip41
\belowcaptionskip=\skip42
\bibindent=\dimen102
)
(/usr/share/texlive/texmf-dist/tex/latex/graphics/graphicx.sty
Package: graphicx 2017/06/01 v1.1a Enhanced LaTeX Graphics (DPC,SPQR)

(/usr/share/texlive/texmf-dist/tex/latex/graphics/keyval.sty
Package: keyval 2014/10/28 v1.15 key=value parser (DPC)
\KV@toks@=\toks14
)
(/usr/share/texlive/texmf-dist/tex/latex/graphics/graphics.sty
Package: graphics 2017/06/25 v1.2c Standard LaTeX Graphics (DPC,SPQR)

(/usr/share/texlive/texmf-dist/tex/latex/graphics/trig.sty
Package: trig 2016/01/03 v1.10 sin cos tan (DPC)
)
(/usr/share/texlive/texmf-dist/tex/latex/graphics-cfg/graphics.cfg
File: graphics.cfg 2016/06/04 v1.11 sample graphics configuration
)
Package graphics Info: Driver file: pdftex.def on input line 99.

(/usr/share/texlive/texmf-dist/tex/latex/graphics-def/pdftex.def
File: pdftex.def 2017/06/24 v1.0g Graphics/color driver for pdftex
))
\Gin@req@height=\dimen103
\Gin@req@width=\dimen104
)
(/usr/share/texlive/texmf-dist/tex/latex/xcolor/xcolor.sty
Package: xcolor 2016/05/11 v2.12 LaTeX color extensions (UK)

(/usr/share/texlive/texmf-dist/tex/latex/graphics-cfg/color.cfg
File: color.cfg 2016/01/02 v1.6 sample color configuration
)
Package xcolor Info: Driver file: pdftex.def on input line 225.
Package xcolor Info: Model `cmy' substituted by `cmy0' on input line 1348.
Package xcolor Info: Model `hsb' substituted by `rgb' on input line 1352.
Package xcolor Info: Model `RGB' extended on input line 1364.
Package xcolor Info: Model `HTML' substituted by `rgb' on input line 1366.
Package xcolor Info: Model `Hsb' substituted by `hsb' on input line 1367.
Package xcolor Info: Model `tHsb' substituted by `hsb' on input line 1368.
Package xcolor Info: Model `HSB' substituted by `hsb' on input line 1369.
Package xcolor Info: Model `Gray' substituted by `gray' on input line 1370.
Package xcolor Info: Model `wave' substituted by `hsb' on input line 1371.
)
(/usr/share/texlive/texmf-dist/tex/latex/framed/framed.sty
Package: framed 2011/10/22 v 0.96: framed or shaded text with page breaks
\OuterFrameSep=\skip43
\fb@frw=\dimen105
\fb@frh=\dimen106
\FrameRule=\dimen107
\FrameSep=\dimen108
)
(/usr/share/texlive/texmf-dist/tex/latex/base/alltt.sty
Package: alltt 1997/06/16 v2.0g defines alltt environment
)
(/usr/share/texlive/texmf-dist/tex/latex/upquote/upquote.sty
Package: upquote 2012/04/19 v1.3 upright-quote and grave-accent glyphs in verba
tim
)
(./Groundwater_U238.aux)
\openout1 = `Groundwater_U238.aux'.

LaTeX Font Info:    Checking defaults for OML/cmm/m/it on input line 53.
LaTeX Font Info:    ... okay on input line 53.
LaTeX Font Info:    Checking defaults for T1/cmr/m/n on input line 53.
LaTeX Font Info:    ... okay on input line 53.
LaTeX Font Info:    Checking defaults for OT1/cmr/m/n on input line 53.
LaTeX Font Info:    ... okay on input line 53.
LaTeX Font Info:    Checking defaults for OMS/cmsy/m/n on input line 53.
LaTeX Font Info:    ... okay on input line 53.
LaTeX Font Info:    Checking defaults for OMX/cmex/m/n on input line 53.
LaTeX Font Info:    ... okay on input line 53.
LaTeX Font Info:    Checking defaults for U/cmr/m/n on input line 53.
LaTeX Font Info:    ... okay on input line 53.

(/usr/share/texlive/texmf-dist/tex/context/base/mkii/supp-pdf.mkii
[Loading MPS to PDF converter (version 2006.09.02).]
\scratchcounter=\count87
\scratchdimen=\dimen109
\scratchbox=\box26
\nofMPsegments=\count88
\nofMParguments=\count89
\everyMPshowfont=\toks15
\MPscratchCnt=\count90
\MPscratchDim=\dimen110
\MPnumerator=\count91
\makeMPintoPDFobject=\count92
\everyMPtoPDFconversion=\toks16
) (/usr/share/texlive/texmf-dist/tex/latex/oberdiek/epstopdf-base.sty
Package: epstopdf-base 2016/05/15 v2.6 Base part for package epstopdf

(/usr/share/texlive/texmf-dist/tex/generic/oberdiek/infwarerr.sty
Package: infwarerr 2016/05/16 v1.4 Providing info/warning/error messages (HO)
)
(/usr/share/texlive/texmf-dist/tex/latex/oberdiek/grfext.sty
Package: grfext 2016/05/16 v1.2 Manage graphics extensions (HO)

(/usr/share/texlive/texmf-dist/tex/generic/oberdiek/kvdefinekeys.sty
Package: kvdefinekeys 2016/05/16 v1.4 Define keys (HO)

(/usr/share/texlive/texmf-dist/tex/generic/oberdiek/ltxcmds.sty
Package: ltxcmds 2016/05/16 v1.23 LaTeX kernel commands for general use (HO)
)))
(/usr/share/texlive/texmf-dist/tex/latex/oberdiek/kvoptions.sty
Package: kvoptions 2016/05/16 v3.12 Key value format for package options (HO)

(/usr/share/texlive/texmf-dist/tex/generic/oberdiek/kvsetkeys.sty
Package: kvsetkeys 2016/05/16 v1.17 Key value parser (HO)

(/usr/share/texlive/texmf-dist/tex/generic/oberdiek/etexcmds.sty
Package: etexcmds 2016/05/16 v1.6 Avoid name clashes with e-TeX commands (HO)

(/usr/share/texlive/texmf-dist/tex/generic/oberdiek/ifluatex.sty
Package: ifluatex 2016/05/16 v1.4 Provides the ifluatex switch (HO)
Package ifluatex Info: LuaTeX not detected.
)
Package etexcmds Info: Could not find \expanded.
(etexcmds)             That can mean that you are not using pdfTeX 1.50 or
(etexcmds)             that some package has redefined \expanded.
(etexcmds)             In the latter case, load this package earlier.
)))
(/usr/share/texlive/texmf-dist/tex/generic/oberdiek/pdftexcmds.sty
Package: pdftexcmds 2017/03/19 v0.25 Utility functions of pdfTeX for LuaTeX (HO
)

(/usr/share/texlive/texmf-dist/tex/generic/oberdiek/ifpdf.sty
Package: ifpdf 2017/03/15 v3.2 Provides the ifpdf switch
)
Package pdftexcmds Info: LuaTeX not detected.
Package pdftexcmds Info: \pdf@primitive is available.
Package pdftexcmds Info: \pdf@ifprimitive is available.
Package pdftexcmds Info: \pdfdraftmode found.
)
Package epstopdf-base Info: Redefining graphics rule for `.eps' on input line 4
38.
Package grfext Info: Graphics extension search list:
(grfext)             [.pdf,.png,.jpg,.mps,.jpeg,.jbig2,.jb2,.PDF,.PNG,.JPG,.JPE
G,.JBIG2,.JB2,.eps]
(grfext)             \AppendGraphicsExtensions on input line 456.

(/usr/share/texlive/texmf-dist/tex/latex/latexconfig/epstopdf-sys.cfg
File: epstopdf-sys.cfg 2010/07/13 v1.3 Configuration of (r)epstopdf for TeX Liv
e
))
LaTeX Font Info:    Font shape `OT1/cmtt/bx/n' in size <10> not available
(Font)              Font shape `OT1/cmtt/m/n' tried instead on input line 60.

Overfull \hbox (85.49625pt too wide) in paragraph at lines 60--60
[][]\OT1/cmtt/m/n/10 required_packages[] []<-[] []c[][]([][]"gstat"[][],[] []"s
p"[][],[] []"ggplot2"[][],[] []"viridis"[][],[] []"gridExtra"[][],[] []"fields"
[][])[][] 
 []

LaTeX Font Info:    Try loading font information for OMS+cmtt on input line 62.

(/opt/R/4.2.2/lib64/R/share/texmf/tex/latex/omscmtt.fd
File: omscmtt.fd 
)
LaTeX Font Info:    Font shape `OMS/cmtt/m/n' in size <10> not available
(Font)              Font shape `OMS/cmsy/m/n' tried instead on input line 62.
Missing character: There is no Â in font cmitt10!
Missing character: There is no µ in font cmitt10!

Overfull \hbox (11.99689pt too wide) in paragraph at lines 92--92
[][]\OT1/cmtt/m/n/10 u238[] []<-[] []50[] []*[] []exp[][]([][]-[][]((x[] []-[] 
[]hotspot1_x)[][]^[][]2[] []+[] [](y[] []-[] []hotspot1_y)[][]^[][]2[][])[] []/
[] []500[][])[] []+[][] 
 []

[1

{/usr/share/texlive/texmf-dist/fonts/map/pdftex/updmap/pdftex.map}]
Overfull \hbox (85.49625pt too wide) in paragraph at lines 156--156
[][]\OT1/cmtt/m/n/10 v_fit[] []<-[] []fit.variogram[][](v,[] []vgm[][]([][]psil
l[] []=[] []100[][],[] []model[] []=[] []"Sph"[][],[] []range[] []=[] []30[][],
[] []nugget[] []=[] []1[][]))[][] 
 []


Overfull \hbox (11.99689pt too wide) in paragraph at lines 160--161
[]\OT1/cmtt/m/n/10 ## Warning in fit.variogram(v, vgm(psill = 100, model = "Sph
", range
 []


Overfull \hbox (11.99689pt too wide) in paragraph at lines 160--161
\OT1/cmtt/m/n/10 = 30, : No convergence after 200 iterations: try different ini
tial
 []


Overfull \hbox (53.99652pt too wide) in paragraph at lines 162--162
[]\OT1/cmtt/m/n/10 ## Warning in fit.variogram(object, model, fit.sills = fit.s
ills, fit.ranges
 []


Overfull \hbox (11.99689pt too wide) in paragraph at lines 162--162
\OT1/cmtt/m/n/10 = fit.ranges, : No convergence after 200 iterations: try diffe
rent
 []


Overfull \hbox (32.9967pt too wide) in paragraph at lines 163--163
[][]\OT1/cmtt/m/n/10 krige_result[] []<-[] []krige[][](u238[] []~[] []1[][], co
ntamination_data, grid,[] []model[] []= v_fit)[][] 
 []

Missing character: There is no Â in font cmitt10!
Missing character: There is no µ in font cmitt10!

Overfull \hbox (116.99597pt too wide) in paragraph at lines 207--207
[]               []\OT1/cmtt/m/n/10 breaks[] []= contour_levels,[] []color[] []
=[] []"white"[][],[] []linewidth[] []=[] []0.5[][],[] []alpha[] []=[] []0.7[][]
)[] []+[][] 
 []


Overfull \hbox (6.74693pt too wide) in paragraph at lines 209--209
[]               []\OT1/cmtt/m/n/10 breaks[] []= mcl_u238,[] []color[] []=[] []
"red"[][],[] []linewidth[] []=[] []1.2[][])[] []+[][] 
 []


Overfull \hbox (95.99615pt too wide) in paragraph at lines 211--211
[]             []\OT1/cmtt/m/n/10 color[] []=[] []"black"[][],[] []size[] []=[]
 []2.5[][],[] []shape[] []=[] []21[][],[] []fill[] []=[] []"yellow"[][],[] []st
roke[] []=[] []1[][])[] []+[][] 
 []

Missing character: There is no Â in font cmtt10!
Missing character: There is no µ in font cmtt10!

Overfull \hbox (90.49626pt too wide) in paragraph at lines 212--212
[]  []\OT1/cmtt/m/n/10 scale_fill_viridis[][]([][]name[] []=[] []"U-238\OMS/cms
y/m/n/10 n\OT1/cmtt/m/n/10 n(g/L)"[][],[] []option[] []=[] []"plasma"[][],[] []
limits[] []=[] []c[][]([][]0[][],[] []60[][]))[] []+[][] 
 []

Missing character: There is no Â in font cmtt10!
Missing character: There is no µ in font cmtt10!

Overfull \hbox (127.49588pt too wide) in paragraph at lines 214--214
[]       []\OT1/cmtt/m/n/10 subtitle[] []=[] []"Red contour = MCL threshold (30
 g/L) | Yellow points = sampling wells"[][],[][] 
 []


Overfull \hbox (11.99689pt too wide) in paragraph at lines 222--222
[]  []\OT1/cmtt/m/n/10 geom_tile[][]([][]data[] []= krige_df,[] []aes[][]([][]x
[] []= x,[] []y[] []= y,[] []fill[] []= u238_krige))[] []+[][] 
 []


Overfull \hbox (1.49698pt too wide) in paragraph at lines 223--223
[]  []\OT1/cmtt/m/n/10 geom_contour[][]([][]data[] []= krige_df,[] []aes[][]([]
[]x[] []= x,[] []y[] []= y,[] []z[] []= u238_krige),[][] 
 []


Overfull \hbox (116.99597pt too wide) in paragraph at lines 224--224
[]               []\OT1/cmtt/m/n/10 breaks[] []= contour_levels,[] []color[] []
=[] []"white"[][],[] []linewidth[] []=[] []0.5[][],[] []alpha[] []=[] []0.7[][]
)[] []+[][] 
 []


Overfull \hbox (1.49698pt too wide) in paragraph at lines 225--225
[]  []\OT1/cmtt/m/n/10 geom_contour[][]([][]data[] []= krige_df,[] []aes[][]([]
[]x[] []= x,[] []y[] []= y,[] []z[] []= u238_krige),[][] 
 []


Overfull \hbox (6.74693pt too wide) in paragraph at lines 226--226
[]               []\OT1/cmtt/m/n/10 breaks[] []= mcl_u238,[] []color[] []=[] []
"red"[][],[] []linewidth[] []=[] []1.2[][])[] []+[][] 
 []


Overfull \hbox (95.99615pt too wide) in paragraph at lines 228--228
[]             []\OT1/cmtt/m/n/10 color[] []=[] []"black"[][],[] []size[] []=[]
 []2.5[][],[] []shape[] []=[] []21[][],[] []fill[] []=[] []"yellow"[][],[] []st
roke[] []=[] []1[][])[] []+[][] 
 []

Missing character: There is no Â in font cmtt10!
Missing character: There is no µ in font cmtt10!

Overfull \hbox (90.49626pt too wide) in paragraph at lines 229--229
[]  []\OT1/cmtt/m/n/10 scale_fill_viridis[][]([][]name[] []=[] []"U-238\OMS/cms
y/m/n/10 n\OT1/cmtt/m/n/10 n(g/L)"[][],[] []option[] []=[] []"plasma"[][],[] []
limits[] []=[] []c[][]([][]0[][],[] []60[][]))[] []+[][] 
 []

Missing character: There is no Â in font cmtt10!
Missing character: There is no µ in font cmtt10!

Overfull \hbox (127.49588pt too wide) in paragraph at lines 231--231
[]       []\OT1/cmtt/m/n/10 subtitle[] []=[] []"Red contour = MCL threshold (30
 g/L) | Yellow points = sampling wells"[][],[][] 
 []


Overfull \hbox (116.99597pt too wide) in paragraph at lines 241--241
[]               []\OT1/cmtt/m/n/10 breaks[] []= contour_levels,[] []color[] []
=[] []"white"[][],[] []linewidth[] []=[] []0.5[][],[] []alpha[] []=[] []0.7[][]
)[] []+[][] 
 []


Overfull \hbox (6.74693pt too wide) in paragraph at lines 243--243
[]               []\OT1/cmtt/m/n/10 breaks[] []= mcl_u238,[] []color[] []=[] []
"red"[][],[] []linewidth[] []=[] []1.2[][])[] []+[][] 
 []


Overfull \hbox (95.99615pt too wide) in paragraph at lines 245--245
[]             []\OT1/cmtt/m/n/10 color[] []=[] []"black"[][],[] []size[] []=[]
 []2.5[][],[] []shape[] []=[] []21[][],[] []fill[] []=[] []"yellow"[][],[] []st
roke[] []=[] []1[][])[] []+[][] 
 []

Missing character: There is no Â in font cmtt10!
Missing character: There is no µ in font cmtt10!

Overfull \hbox (90.49626pt too wide) in paragraph at lines 246--246
[]  []\OT1/cmtt/m/n/10 scale_fill_viridis[][]([][]name[] []=[] []"U-238\OMS/cms
y/m/n/10 n\OT1/cmtt/m/n/10 n(g/L)"[][],[] []option[] []=[] []"plasma"[][],[] []
limits[] []=[] []c[][]([][]0[][],[] []60[][]))[] []+[][] 
 []

Missing character: There is no Â in font cmtt10!
Missing character: There is no µ in font cmtt10!

Overfull \hbox (127.49588pt too wide) in paragraph at lines 248--248
[]       []\OT1/cmtt/m/n/10 subtitle[] []=[] []"Red contour = MCL threshold (30
 g/L) | Yellow points = sampling wells"[][],[][] 
 []


Overfull \hbox (59.24648pt too wide) in paragraph at lines 256--256
[]  []\OT1/cmtt/m/n/10 geom_contour[][]([][]data[] []= idw_df,[] []aes[][]([][]
x[] []= x,[] []y[] []= y,[] []z[] []= u238_idw,[] []color[] []=[] []"IDW"[][]),
[][] 
 []


Overfull \hbox (101.24611pt too wide) in paragraph at lines 258--258
[]  []\OT1/cmtt/m/n/10 geom_contour[][]([][]data[] []= krige_df,[] []aes[][]([]
[]x[] []= x,[] []y[] []= y,[] []z[] []= u238_krige,[] []color[] []=[] []"Krigin
g"[][]),[][] 
 []


Overfull \hbox (69.74638pt too wide) in paragraph at lines 259--259
[]               []\OT1/cmtt/m/n/10 breaks[] []= contour_levels,[] []linewidth[
] []=[] []0.8[][],[] []linetype[] []=[] []"dashed"[][])[] []+[][] 
 []


Overfull \hbox (59.24648pt too wide) in paragraph at lines 260--260
[]  []\OT1/cmtt/m/n/10 geom_contour[][]([][]data[] []= tps_df,[] []aes[][]([][]
x[] []= x,[] []y[] []= y,[] []z[] []= u238_tps,[] []color[] []=[] []"TPS"[][]),
[][] 
 []


Overfull \hbox (69.74638pt too wide) in paragraph at lines 261--261
[]               []\OT1/cmtt/m/n/10 breaks[] []= contour_levels,[] []linewidth[
] []=[] []0.8[][],[] []linetype[] []=[] []"dotted"[][])[] []+[][] 
 []


Overfull \hbox (95.99615pt too wide) in paragraph at lines 263--263
[]             []\OT1/cmtt/m/n/10 color[] []=[] []"black"[][],[] []size[] []=[]
 []2.5[][],[] []shape[] []=[] []21[][],[] []fill[] []=[] []"yellow"[][],[] []st
roke[] []=[] []1[][])[] []+[][] 
 []


Overfull \hbox (153.74565pt too wide) in paragraph at lines 265--265
[]                     []\OT1/cmtt/m/n/10 values[] []=[] []c[][]([][]"IDW"[] []
=[] []"#0066CC"[][],[] []"Kriging"[] []=[] []"#CC0000"[][],[] []"TPS"[] []=[] [
]"#00CC66"[][]))[] []+[][] 
 []


Overfull \hbox (59.24648pt too wide) in paragraph at lines 267--267
[]       []\OT1/cmtt/m/n/10 subtitle[] []=[] []"Comparing three interpolation m
ethods on the same domain"[][],[][] 
 []

[2] [3]
Underfull \vbox (badness 10000) detected at line 277
 []


Underfull \vbox (badness 10000) detected at line 277
 []

[4]
<figure/unnamed-chunk-1-1.pdf, id=19, pagebox=cropbox, 505.89pt x 505.89pt>
File: figure/unnamed-chunk-1-1.pdf Graphic file (type pdf)
<use figure/unnamed-chunk-1-1.pdf>
Package pdftex.def Info: figure/unnamed-chunk-1-1.pdf  used on input line 278. 
on input line 278.
Package pdftex.def Info: Requested size: 345.0pt x 345.00414pt on input line 27
8.

Overfull \hbox (15.0pt too wide) in paragraph at lines 278--279
[][] 
 []

[5]
Missing character: There is no Â in font cmtt10!
Missing character: There is no µ in font cmtt10!

Overfull \hbox (37.99672pt too wide) in paragraph at lines 293--293
[][]\OT1/cmtt/m/n/10 cat[][]([][]sprintf[][]([][]"  Minimum: %.2f g/L\OMS/cmsy/
m/n/10 n\OT1/cmtt/m/n/10 n"[][],[] []min[][](idw_df[][]$[][]u238_idw,[] []na.rm
[] []=[] []TRUE[][])))[][] 
 []

Missing character: There is no Â in font cmtt10!
Missing character: There is no µ in font cmtt10!
Missing character: There is no Â in font cmtt10!
Missing character: There is no µ in font cmtt10!

Overfull \hbox (37.99672pt too wide) in paragraph at lines 299--299
[][]\OT1/cmtt/m/n/10 cat[][]([][]sprintf[][]([][]"  Maximum: %.2f g/L\OMS/cmsy/
m/n/10 n\OT1/cmtt/m/n/10 n"[][],[] []max[][](idw_df[][]$[][]u238_idw,[] []na.rm
[] []=[] []TRUE[][])))[][] 
 []

Missing character: There is no Â in font cmtt10!
Missing character: There is no µ in font cmtt10!
Missing character: There is no Â in font cmtt10!
Missing character: There is no µ in font cmtt10!

Overfull \hbox (43.24667pt too wide) in paragraph at lines 305--305
[][]\OT1/cmtt/m/n/10 cat[][]([][]sprintf[][]([][]"  Mean:    %.2f g/L\OMS/cmsy/
m/n/10 n\OT1/cmtt/m/n/10 n"[][],[] []mean[][](idw_df[][]$[][]u238_idw,[] []na.r
m[] []=[] []TRUE[][])))[][] 
 []

Missing character: There is no Â in font cmtt10!
Missing character: There is no µ in font cmtt10!
Missing character: There is no Â in font cmtt10!
Missing character: There is no µ in font cmtt10!

Overfull \hbox (42.99673pt too wide) in paragraph at lines 311--311
[][]\OT1/cmtt/m/n/10 cat[][]([][]sprintf[][]([][]"  Std Dev: %.2f g/L\OMS/cmsy/
m/n/10 n\OT1/cmtt/m/n/10 n\OMS/cmsy/m/n/10 n\OT1/cmtt/m/n/10 n"[][],[] []sd[][]
(idw_df[][]$[][]u238_idw,[] []na.rm[] []=[] []TRUE[][])))[][] 
 []

Missing character: There is no Â in font cmtt10!
Missing character: There is no µ in font cmtt10!
Missing character: There is no Â in font cmtt10!
Missing character: There is no µ in font cmtt10!

Overfull \hbox (58.99654pt too wide) in paragraph at lines 323--323
[][]\OT1/cmtt/m/n/10 cat[][]([][]sprintf[][]([][]"  Minimum: %.2f g/L\OMS/cmsy/
m/n/10 n\OT1/cmtt/m/n/10 n"[][],[] []min[][](krige_df[][]$[][]u238_krige,[] []n
a.rm[] []=[] []TRUE[][])))[][] 
 []

Missing character: There is no Â in font cmtt10!
Missing character: There is no µ in font cmtt10!
Missing character: There is no Â in font cmtt10!
Missing character: There is no µ in font cmtt10!

Overfull \hbox (58.99654pt too wide) in paragraph at lines 329--329
[][]\OT1/cmtt/m/n/10 cat[][]([][]sprintf[][]([][]"  Maximum: %.2f g/L\OMS/cmsy/
m/n/10 n\OT1/cmtt/m/n/10 n"[][],[] []max[][](krige_df[][]$[][]u238_krige,[] []n
a.rm[] []=[] []TRUE[][])))[][] 
 []

Missing character: There is no Â in font cmtt10!
Missing character: There is no µ in font cmtt10!
Missing character: There is no Â in font cmtt10!
Missing character: There is no µ in font cmtt10!

Overfull \hbox (64.24649pt too wide) in paragraph at lines 335--335
[][]\OT1/cmtt/m/n/10 cat[][]([][]sprintf[][]([][]"  Mean:    %.2f g/L\OMS/cmsy/
m/n/10 n\OT1/cmtt/m/n/10 n"[][],[] []mean[][](krige_df[][]$[][]u238_krige,[] []
na.rm[] []=[] []TRUE[][])))[][] 
 []

Missing character: There is no Â in font cmtt10!
Missing character: There is no µ in font cmtt10!
Missing character: There is no Â in font cmtt10!
Missing character: There is no µ in font cmtt10!

Overfull \hbox (63.99655pt too wide) in paragraph at lines 341--341
[][]\OT1/cmtt/m/n/10 cat[][]([][]sprintf[][]([][]"  Std Dev: %.2f g/L\OMS/cmsy/
m/n/10 n\OT1/cmtt/m/n/10 n\OMS/cmsy/m/n/10 n\OT1/cmtt/m/n/10 n"[][],[] []sd[][]
(krige_df[][]$[][]u238_krige,[] []na.rm[] []=[] []TRUE[][])))[][] 
 []

Missing character: There is no Â in font cmtt10!
Missing character: There is no µ in font cmtt10!
Missing character: There is no Â in font cmtt10!
Missing character: There is no µ in font cmtt10!

Overfull \hbox (37.99672pt too wide) in paragraph at lines 353--353
[][]\OT1/cmtt/m/n/10 cat[][]([][]sprintf[][]([][]"  Minimum: %.2f g/L\OMS/cmsy/
m/n/10 n\OT1/cmtt/m/n/10 n"[][],[] []min[][](tps_df[][]$[][]u238_tps,[] []na.rm
[] []=[] []TRUE[][])))[][] 
 []

Missing character: There is no Â in font cmtt10!
Missing character: There is no µ in font cmtt10!
Missing character: There is no Â in font cmtt10!
Missing character: There is no µ in font cmtt10!

Overfull \hbox (37.99672pt too wide) in paragraph at lines 359--359
[][]\OT1/cmtt/m/n/10 cat[][]([][]sprintf[][]([][]"  Maximum: %.2f g/L\OMS/cmsy/
m/n/10 n\OT1/cmtt/m/n/10 n"[][],[] []max[][](tps_df[][]$[][]u238_tps,[] []na.rm
[] []=[] []TRUE[][])))[][] 
 []

Missing character: There is no Â in font cmtt10!
Missing character: There is no µ in font cmtt10!
Missing character: There is no Â in font cmtt10!
Missing character: There is no µ in font cmtt10!

Overfull \hbox (43.24667pt too wide) in paragraph at lines 365--365
[][]\OT1/cmtt/m/n/10 cat[][]([][]sprintf[][]([][]"  Mean:    %.2f g/L\OMS/cmsy/
m/n/10 n\OT1/cmtt/m/n/10 n"[][],[] []mean[][](tps_df[][]$[][]u238_tps,[] []na.r
m[] []=[] []TRUE[][])))[][] 
 []

Missing character: There is no Â in font cmtt10!
Missing character: There is no µ in font cmtt10!
Missing character: There is no Â in font cmtt10!
Missing character: There is no µ in font cmtt10!

Overfull \hbox (42.99673pt too wide) in paragraph at lines 371--371
[][]\OT1/cmtt/m/n/10 cat[][]([][]sprintf[][]([][]"  Std Dev: %.2f g/L\OMS/cmsy/
m/n/10 n\OT1/cmtt/m/n/10 n\OMS/cmsy/m/n/10 n\OT1/cmtt/m/n/10 n"[][],[] []sd[][]
(tps_df[][]$[][]u238_tps,[] []na.rm[] []=[] []TRUE[][])))[][] 
 []

Missing character: There is no Â in font cmtt10!
Missing character: There is no µ in font cmtt10!

Overfull \hbox (74.99634pt too wide) in paragraph at lines 378--378
[][]\OT1/cmtt/m/n/10 idw_exceed[] []<-[] []sum[][](idw_df[][]$[][]u238_idw[] []
>[] []mcl_u238,[] []na.rm[] []=[] []TRUE[][])[] []/[] []nrow[][](idw_df)[] []*[
] []100[][] 
 []


Overfull \hbox (116.99597pt too wide) in paragraph at lines 379--379
[][]\OT1/cmtt/m/n/10 krige_exceed[] []<-[] []sum[][](krige_df[][]$[][]u238_krig
e[] []>[] []mcl_u238,[] []na.rm[] []=[] []TRUE[][])[] []/[] []nrow[][](krige_df
)[] []*[] []100[][] 
 []


Overfull \hbox (74.99634pt too wide) in paragraph at lines 380--380
[][]\OT1/cmtt/m/n/10 tps_exceed[] []<-[] []sum[][](tps_df[][]$[][]u238_tps[] []
>[] []mcl_u238,[] []na.rm[] []=[] []TRUE[][])[] []/[] []nrow[][](tps_df)[] []*[
] []100[][] 
 []

Missing character: There is no Â in font cmtt10!
Missing character: There is no µ in font cmtt10!
Missing character: There is no Â in font cmtt10!
Missing character: There is no µ in font cmtt10!

Overfull \hbox (90.49626pt too wide) in paragraph at lines 412--412
[][]\OT1/cmtt/m/n/10 cat[][]([][]"Note: To save plots, uncomment the ggsave() l
ine at the end of the script.\OMS/cmsy/m/n/10 n\OT1/cmtt/m/n/10 n"[][])[][] 
 []


Overfull \hbox (59.24648pt too wide) in paragraph at lines 416--416
[]\OT1/cmtt/m/n/10 ## Note: To save plots, uncomment the ggsave() line at the e
nd of the script.[] 
 []

[6 <./figure/unnamed-chunk-1-1.pdf>] [7] [8] (./Groundwater_U238.aux) ) 
Here is how much of TeX's memory you used:
 2001 strings out of 494917
 27580 string characters out of 6180699
 139253 words of memory out of 5000000
 5314 multiletter control sequences out of 15000+600000
 3976 words of font info for 16 fonts, out of 8000000 for 9000
 14 hyphenation exceptions out of 8191
 41i,5n,35p,380b,286s stack positions out of 5000i,500n,10000p,200000b,80000s
</usr/sh
are/texlive/texmf-dist/fonts/type1/public/amsfonts/cm/cmitt10.pfb></usr/share/t
exlive/texmf-dist/fonts/type1/public/amsfonts/cm/cmr10.pfb></usr/share/texlive/
texmf-dist/fonts/type1/public/amsfonts/cm/cmsy10.pfb></usr/share/texlive/texmf-
dist/fonts/type1/public/amsfonts/cm/cmtt10.pfb>
Output written on Groundwater_U238.pdf (8 pages, 152340 bytes).
PDF statistics:
 60 PDF objects out of 1000 (max. 8388607)
 40 compressed objects within 1 object stream
 0 named destinations out of 1000 (max. 500000)
 6 words of extra memory for PDF output out of 10000 (max. 10000000)

