This is pdfTeX, Version 3.14159265-2.6-1.40.19 (TeX Live 2018) (preloaded format=pdflatex 2023.6.21)  30 JAN 2024 00:47
entering extended mode
 restricted \write18 enabled.
 %&-line parsing enabled.
**0_Preparing_Regional_Weather_Data.tex
(./0_Preparing_Regional_Weather_Data.tex
LaTeX2e <2017-04-15>
Babel <3.17> and hyphenation patterns for 3 language(s) loaded.
(/usr/share/texlive/texmf-dist/tex/latex/base/article.cls
Document Class: article 2014/09/29 v1.4h Standard LaTeX document class
(/usr/share/texlive/texmf-dist/tex/latex/base/size10.clo
File: size10.clo 2014/09/29 v1.4h Standard LaTeX file (size option)
)
\c@part=\count79
\c@section=\count80
\c@subsection=\count81
\c@subsubsection=\count82
\c@paragraph=\count83
\c@subparagraph=\count84
\c@figure=\count85
\c@table=\count86
\abovecaptionskip=\skip41
\belowcaptionskip=\skip42
\bibindent=\dimen102
)
(/usr/share/texlive/texmf-dist/tex/latex/graphics/graphicx.sty
Package: graphicx 2017/06/01 v1.1a Enhanced LaTeX Graphics (DPC,SPQR)

(/usr/share/texlive/texmf-dist/tex/latex/graphics/keyval.sty
Package: keyval 2014/10/28 v1.15 key=value parser (DPC)
\KV@toks@=\toks14
)
(/usr/share/texlive/texmf-dist/tex/latex/graphics/graphics.sty
Package: graphics 2017/06/25 v1.2c Standard LaTeX Graphics (DPC,SPQR)

(/usr/share/texlive/texmf-dist/tex/latex/graphics/trig.sty
Package: trig 2016/01/03 v1.10 sin cos tan (DPC)
)
(/usr/share/texlive/texmf-dist/tex/latex/graphics-cfg/graphics.cfg
File: graphics.cfg 2016/06/04 v1.11 sample graphics configuration
)
Package graphics Info: Driver file: pdftex.def on input line 99.

(/usr/share/texlive/texmf-dist/tex/latex/graphics-def/pdftex.def
File: pdftex.def 2017/06/24 v1.0g Graphics/color driver for pdftex
))
\Gin@req@height=\dimen103
\Gin@req@width=\dimen104
)
(/usr/share/texlive/texmf-dist/tex/latex/xcolor/xcolor.sty
Package: xcolor 2016/05/11 v2.12 LaTeX color extensions (UK)

(/usr/share/texlive/texmf-dist/tex/latex/graphics-cfg/color.cfg
File: color.cfg 2016/01/02 v1.6 sample color configuration
)
Package xcolor Info: Driver file: pdftex.def on input line 225.
Package xcolor Info: Model `cmy' substituted by `cmy0' on input line 1348.
Package xcolor Info: Model `hsb' substituted by `rgb' on input line 1352.
Package xcolor Info: Model `RGB' extended on input line 1364.
Package xcolor Info: Model `HTML' substituted by `rgb' on input line 1366.
Package xcolor Info: Model `Hsb' substituted by `hsb' on input line 1367.
Package xcolor Info: Model `tHsb' substituted by `hsb' on input line 1368.
Package xcolor Info: Model `HSB' substituted by `hsb' on input line 1369.
Package xcolor Info: Model `Gray' substituted by `gray' on input line 1370.
Package xcolor Info: Model `wave' substituted by `hsb' on input line 1371.
)
(/usr/share/texlive/texmf-dist/tex/latex/framed/framed.sty
Package: framed 2011/10/22 v 0.96: framed or shaded text with page breaks
\OuterFrameSep=\skip43
\fb@frw=\dimen105
\fb@frh=\dimen106
\FrameRule=\dimen107
\FrameSep=\dimen108
)
(/usr/share/texlive/texmf-dist/tex/latex/base/alltt.sty
Package: alltt 1997/06/16 v2.0g defines alltt environment
)
(/usr/share/texlive/texmf-dist/tex/latex/upquote/upquote.sty
Package: upquote 2012/04/19 v1.3 upright-quote and grave-accent glyphs in verba
tim
)
(./0_Preparing_Regional_Weather_Data.aux)
\openout1 = `0_Preparing_Regional_Weather_Data.aux'.

LaTeX Font Info:    Checking defaults for OML/cmm/m/it on input line 57.
LaTeX Font Info:    ... okay on input line 57.
LaTeX Font Info:    Checking defaults for T1/cmr/m/n on input line 57.
LaTeX Font Info:    ... okay on input line 57.
LaTeX Font Info:    Checking defaults for OT1/cmr/m/n on input line 57.
LaTeX Font Info:    ... okay on input line 57.
LaTeX Font Info:    Checking defaults for OMS/cmsy/m/n on input line 57.
LaTeX Font Info:    ... okay on input line 57.
LaTeX Font Info:    Checking defaults for OMX/cmex/m/n on input line 57.
LaTeX Font Info:    ... okay on input line 57.
LaTeX Font Info:    Checking defaults for U/cmr/m/n on input line 57.
LaTeX Font Info:    ... okay on input line 57.

(/usr/share/texlive/texmf-dist/tex/context/base/mkii/supp-pdf.mkii
[Loading MPS to PDF converter (version 2006.09.02).]
\scratchcounter=\count87
\scratchdimen=\dimen109
\scratchbox=\box26
\nofMPsegments=\count88
\nofMParguments=\count89
\everyMPshowfont=\toks15
\MPscratchCnt=\count90
\MPscratchDim=\dimen110
\MPnumerator=\count91
\makeMPintoPDFobject=\count92
\everyMPtoPDFconversion=\toks16
) (/usr/share/texlive/texmf-dist/tex/latex/oberdiek/epstopdf-base.sty
Package: epstopdf-base 2016/05/15 v2.6 Base part for package epstopdf

(/usr/share/texlive/texmf-dist/tex/generic/oberdiek/infwarerr.sty
Package: infwarerr 2016/05/16 v1.4 Providing info/warning/error messages (HO)
)
(/usr/share/texlive/texmf-dist/tex/latex/oberdiek/grfext.sty
Package: grfext 2016/05/16 v1.2 Manage graphics extensions (HO)

(/usr/share/texlive/texmf-dist/tex/generic/oberdiek/kvdefinekeys.sty
Package: kvdefinekeys 2016/05/16 v1.4 Define keys (HO)

(/usr/share/texlive/texmf-dist/tex/generic/oberdiek/ltxcmds.sty
Package: ltxcmds 2016/05/16 v1.23 LaTeX kernel commands for general use (HO)
)))
(/usr/share/texlive/texmf-dist/tex/latex/oberdiek/kvoptions.sty
Package: kvoptions 2016/05/16 v3.12 Key value format for package options (HO)

(/usr/share/texlive/texmf-dist/tex/generic/oberdiek/kvsetkeys.sty
Package: kvsetkeys 2016/05/16 v1.17 Key value parser (HO)

(/usr/share/texlive/texmf-dist/tex/generic/oberdiek/etexcmds.sty
Package: etexcmds 2016/05/16 v1.6 Avoid name clashes with e-TeX commands (HO)

(/usr/share/texlive/texmf-dist/tex/generic/oberdiek/ifluatex.sty
Package: ifluatex 2016/05/16 v1.4 Provides the ifluatex switch (HO)
Package ifluatex Info: LuaTeX not detected.
)
Package etexcmds Info: Could not find \expanded.
(etexcmds)             That can mean that you are not using pdfTeX 1.50 or
(etexcmds)             that some package has redefined \expanded.
(etexcmds)             In the latter case, load this package earlier.
)))
(/usr/share/texlive/texmf-dist/tex/generic/oberdiek/pdftexcmds.sty
Package: pdftexcmds 2017/03/19 v0.25 Utility functions of pdfTeX for LuaTeX (HO
)

(/usr/share/texlive/texmf-dist/tex/generic/oberdiek/ifpdf.sty
Package: ifpdf 2017/03/15 v3.2 Provides the ifpdf switch
)
Package pdftexcmds Info: LuaTeX not detected.
Package pdftexcmds Info: \pdf@primitive is available.
Package pdftexcmds Info: \pdf@ifprimitive is available.
Package pdftexcmds Info: \pdfdraftmode found.
)
Package epstopdf-base Info: Redefining graphics rule for `.eps' on input line 4
38.
Package grfext Info: Graphics extension search list:
(grfext)             [.pdf,.png,.jpg,.mps,.jpeg,.jbig2,.jb2,.PDF,.PNG,.JPG,.JPE
G,.JBIG2,.JB2,.eps]
(grfext)             \AppendGraphicsExtensions on input line 456.

(/usr/share/texlive/texmf-dist/tex/latex/latexconfig/epstopdf-sys.cfg
File: epstopdf-sys.cfg 2010/07/13 v1.3 Configuration of (r)epstopdf for TeX Liv
e
))
LaTeX Font Info:    Font shape `OT1/cmtt/bx/n' in size <10> not available
(Font)              Font shape `OT1/cmtt/m/n' tried instead on input line 81.

Overfull \hbox (132.74583pt too wide) in paragraph at lines 87--87
[][]\OT1/cmtt/m/n/10 inventory[] []=[] []read.table[][]([][]"https://www.ncei.n
oaa.gov/pub/data/ghcn/daily/ghcnd-inventory.txt"[][])[][] 
 []


Overfull \hbox (80.24629pt too wide) in paragraph at lines 111--111
[]\OT1/cmtt/m/n/10 ##  $ ID       : chr  "ACW00011604" "ACW00011604" "ACW000116
04" "ACW00011604" ...[] 
 []


Overfull \hbox (48.74657pt too wide) in paragraph at lines 111--111
[]\OT1/cmtt/m/n/10 ##  $ FIRSTYEAR: int  1949 1949 1949 1949 1949 1949 1949 194
9 1949 1949 ...[] 
 []


Overfull \hbox (48.74657pt too wide) in paragraph at lines 111--111
[]\OT1/cmtt/m/n/10 ##  $ LASTYEAR : int  1949 1949 1949 1949 1949 1949 1949 194
9 1949 1949 ...[] 
 []

[1

{/usr/share/texlive/texmf-dist/fonts/map/pdftex/updmap/pdftex.map}]
Overfull \hbox (80.24629pt too wide) in paragraph at lines 133--133
[]\OT1/cmtt/m/n/10 ##  $ ID       : chr  "ACW00011604" "ACW00011647" "AE0000411
96" "AEM00041194" ...[] 
 []


Overfull \hbox (48.74657pt too wide) in paragraph at lines 133--133
[]\OT1/cmtt/m/n/10 ##  $ FIRSTYEAR: int  1949 1961 1944 1983 1983 1994 1973 197
3 1966 1973 ...[] 
 []


Overfull \hbox (48.74657pt too wide) in paragraph at lines 133--133
[]\OT1/cmtt/m/n/10 ##  $ LASTYEAR : int  1949 1961 2024 2024 2024 2024 1992 202
0 2021 2020 ...[] 
 []


Overfull \hbox (34.73282pt too wide) in paragraph at lines 137--137
[][]\OT1/cmtt/m/it/10 #plot(inventory.TMAX$LONGITUDE, inventory.TMAX$LATITUDE, 
pch=20, cex=.4)[][] 
 []


Overfull \hbox (90.7462pt too wide) in paragraph at lines 141--141
[][]\OT1/cmtt/m/n/10 inventory.TMAX[] []=[] []subset[][](inventory.TMAX,[] []su
bset[][]=LASTYEAR[][]>=[][]2022[][]);[] []str[][](inventory.TMAX)[][] 
 []


Overfull \hbox (80.24629pt too wide) in paragraph at lines 151--151
[]\OT1/cmtt/m/n/10 ##  $ ID       : chr  "AE000041196" "AEM00041194" "AEM000412
17" "AEM00041218" ...[] 
 []


Overfull \hbox (48.74657pt too wide) in paragraph at lines 151--151
[]\OT1/cmtt/m/n/10 ##  $ FIRSTYEAR: int  1944 1983 1983 1994 1940 1940 1958 188
6 1878 1880 ...[] 
 []


Overfull \hbox (48.74657pt too wide) in paragraph at lines 151--151
[]\OT1/cmtt/m/n/10 ##  $ LASTYEAR : int  2024 2024 2024 2024 2024 2024 2024 202
3 2024 2024 ...[] 
 []


Overfull \hbox (202.73135pt too wide) in paragraph at lines 153--153
[][]\OT1/cmtt/m/it/10 #plot(inventory.TMAX$LONGITUDE, inventory.TMAX$LATITUDE, 
pch=20, cex=.4, xlab="Long", ylab="Lat", las=1)[][] 
 []

<figure/unnamed-chunk-3-1.pdf, id=10, pagebox=cropbox, 505.89pt x 505.89pt>
File: figure/unnamed-chunk-3-1.pdf Graphic file (type pdf)
<use figure/unnamed-chunk-3-1.pdf>
Package pdftex.def Info: figure/unnamed-chunk-3-1.pdf  used on input line 165. 
on input line 165.
Package pdftex.def Info: Requested size: 345.0pt x 345.00414pt on input line 16
5.
[2] [3 <./figure/unnamed-chunk-3-1.pdf>]
Overfull \hbox (284.9945pt too wide) in paragraph at lines 202--202
[][]\OT1/cmtt/m/n/10 Stations[] []=[] []read.fwf[][]([][]"https://www.ncei.noaa
.gov/pub/data/ghcn/daily/ghcnd-stations.txt"[][],[] []col.names[][]=station_nam
es,[] []fill[][]=[][]2[][],[][] 
 []


Overfull \hbox (69.74638pt too wide) in paragraph at lines 203--203
[]        []\OT1/cmtt/m/n/10 widths[][]=[][]c[][]([][]11[][],[] []-[][]1[][],[]
 []8[][],[] []-[][]1[][],[] []9[][],[] []-[][]1[][],[] []6[][],[] []-[][]1[][],
[] []2[][],[] []-[][]1[][],[] []30[][],[] []-[][]1[][],[] []3[][],[] []-[][]1[]
[],[] []3[][],[] []-[][]1[][],[] []5[] []))[][] 
 []


Overfull \hbox (95.99615pt too wide) in paragraph at lines 220--220
[]\OT1/cmtt/m/n/10 ##  $ ID          : chr  "ACW00011604" "ACW00011647" "AE0000
41196" "AEM00041194" ...[] 
 []


Overfull \hbox (494.99268pt too wide) in paragraph at lines 220--220
[]\OT1/cmtt/m/n/10 ##  $ NAME        : chr  "ST JOHNS COOLIDGE FLD         " "S
T JOHNS                      " "SHARJAH INTER. AIRP           " "DUBAI INTL    
                " ...[] 
 []


Overfull \hbox (85.49625pt too wide) in paragraph at lines 220--220
[]\OT1/cmtt/m/n/10 ##  $ WMO.ID      : int  NA NA 41196 41194 41217 41218 40930
 40938 40948 40990 ...[] 
 []


Overfull \hbox (363.74382pt too wide) in paragraph at lines 228--228
[][]\OT1/cmtt/m/n/10 States[] []=[] []read.fwf[][]([][]"https://www.ncei.noaa.g
ov/pub/data/ghcn/daily/ghcnd-states.txt"[][],[] []col.names[][]=State_names,[] 
[]fill[][]=[][]2[][],[] []widths[][]=[][]c[][]([][]2[][],[] []-[][]1[][],[] []4
6[][]))[][] 
 []


Overfull \hbox (206.2452pt too wide) in paragraph at lines 237--237
[]\OT1/cmtt/m/n/10 ##  $ STATE_NAME: chr  "ALBERTA" "ALASKA" "ALABAMA          
                             " "ARKANSAS" ...[] 
 []


Overfull \hbox (150.23181pt too wide) in paragraph at lines 245--245
[][]\OT1/cmtt/m/n/10 stations.USCan[] []=[] []subset[][](temp.TMAX,[] []subset[
][]=(STATE[][]!=[][]"  "[][]))[] []\OT1/cmtt/m/it/10 # Remove Stations that STA
TE = blank![][] 
 []

[4]
Overfull \hbox (85.49625pt too wide) in paragraph at lines 269--269
[]\OT1/cmtt/m/n/10 ##  $ ID        : chr  "AQW00061705" "CA001011500" "CA001012
055" "CA001012475" ...[] 
 []


Overfull \hbox (53.99652pt too wide) in paragraph at lines 269--269
[]\OT1/cmtt/m/n/10 ##  $ FIRSTYEAR : int  1966 1979 1960 1997 1991 1991 2007 19
72 1970 1996 ...[] 
 []


Overfull \hbox (53.99652pt too wide) in paragraph at lines 269--269
[]\OT1/cmtt/m/n/10 ##  $ LASTYEAR  : int  2024 2024 2023 2024 2024 2024 2024 20
24 2022 2024 ...[] 
 []


Overfull \hbox (179.99542pt too wide) in paragraph at lines 269--269
[]\OT1/cmtt/m/n/10 ##  $ STATE_NAME: chr  "AMERICAN SAMOA" "BRITISH COLUMBIA" "
BRITISH COLUMBIA" "BRITISH COLUMBIA" ...[] 
 []


Overfull \hbox (92.48232pt too wide) in paragraph at lines 287--287
[][]\OT1/cmtt/m/it/10 #stations.active.oldest = subset(stations.active, subset=
FIRSTYEAR==min(FIRSTYEAR))[][] 
 []

LaTeX Font Info:    Try loading font information for OMS+cmtt on input line 289
.
(/opt/R/4.2.2/lib64/R/share/texmf/tex/latex/omscmtt.fd
File: omscmtt.fd 
)
LaTeX Font Info:    Font shape `OMS/cmtt/m/n' in size <10> not available
(Font)              Font shape `OMS/cmsy/m/n' tried instead on input line 289.

Overfull \hbox (6.74693pt too wide) in paragraph at lines 290--290
[]  []\OT1/cmtt/m/n/10 state.df[] []=[] []subset[][](stations.active,[] []subse
t[][]=STATE[][]==[][]States[][]$[][]STATE[i])[][] 
 []


Overfull \hbox (11.99689pt too wide) in paragraph at lines 297--297
[]    []\OT1/cmtt/m/n/10 stations.active.oldest[] []=[] []rbind[][](stations.ac
tive.oldest, state.df)[][] 
 []

[5]
Overfull \hbox (279.74455pt too wide) in paragraph at lines 309--309
[][]\OT1/cmtt/m/n/10 plot[][](stations.active.oldest[][]$[][]LONGITUDE, station
s.active.oldest[][]$[][]LATITUDE,[] []pch[][]=[][]20[][],[] []cex[][]=[][].4[][
],[] []xlab[][]=[][]"Long"[][],[] []ylab[][]=[][]"Lat"[][],[] []las[][]=[][]1[]
[])[][] 
 []

<figure/unnamed-chunk-7-1.pdf, id=28, pagebox=cropbox, 505.89pt x 505.89pt>
File: figure/unnamed-chunk-7-1.pdf Graphic file (type pdf)
<use figure/unnamed-chunk-7-1.pdf>
Package pdftex.def Info: figure/unnamed-chunk-7-1.pdf  used on input line 312. 
on input line 312.
Package pdftex.def Info: Requested size: 345.0pt x 345.00414pt on input line 31
2.

Overfull \hbox (15.0pt too wide) in paragraph at lines 312--314
[][]
 []

[6]
Overfull \hbox (174.74547pt too wide) in paragraph at lines 322--322
[][]\OT1/cmtt/m/n/10 write.csv[][](stations.active.oldest,[] []here[][]([][]"04
_Regional_Climate_Trends"[][],[] []"stations.active.oldest.csv"[][]))[][] 
 []

[7 <./figure/unnamed-chunk-7-1.pdf>] (./0_Preparing_Regional_Weather_Data.aux) 
) 
Here is how much of TeX's memory you used:
 2014 strings out of 494917
 28006 string characters out of 6180699
 93711 words of memory out of 5000000
 5324 multiletter control sequences out of 15000+600000
 5186 words of font info for 20 fonts, out of 8000000 for 9000
 14 hyphenation exceptions out of 8191
 41i,6n,35p,504b,286s stack positions out of 5000i,500n,10000p,200000b,80000s
</usr/share/texlive/texmf-dist/fonts/type1/public/amsfonts/cm/cmbx12.pfb></usr
/share/texlive/texmf-dist/fonts/type1/public/amsfonts/cm/cmitt10.pfb></usr/shar
e/texlive/texmf-dist/fonts/type1/public/amsfonts/cm/cmr10.pfb></usr/share/texli
ve/texmf-dist/fonts/type1/public/amsfonts/cm/cmsy10.pfb></usr/share/texlive/tex
mf-dist/fonts/type1/public/amsfonts/cm/cmtt10.pfb>
Output written on 0_Preparing_Regional_Weather_Data.pdf (7 pages, 635807 bytes)
.
PDF statistics:
 60 PDF objects out of 1000 (max. 8388607)
 41 compressed objects within 1 object stream
 0 named destinations out of 1000 (max. 500000)
 11 words of extra memory for PDF output out of 10000 (max. 10000000)

