This is pdfTeX, Version 3.14159265-2.6-1.40.19 (TeX Live 2018) (preloaded format=pdflatex 2023.6.21)  17 FEB 2024 12:23
entering extended mode
 restricted \write18 enabled.
 %&-line parsing enabled.
**Advection_Diffusion.tex
(./Advection_Diffusion.tex
LaTeX2e <2017-04-15>
Babel <3.17> and hyphenation patterns for 3 language(s) loaded.
(/usr/share/texlive/texmf-dist/tex/latex/base/article.cls
Document Class: article 2014/09/29 v1.4h Standard LaTeX document class
(/usr/share/texlive/texmf-dist/tex/latex/base/size10.clo
File: size10.clo 2014/09/29 v1.4h Standard LaTeX file (size option)
)
\c@part=\count79
\c@section=\count80
\c@subsection=\count81
\c@subsubsection=\count82
\c@paragraph=\count83
\c@subparagraph=\count84
\c@figure=\count85
\c@table=\count86
\abovecaptionskip=\skip41
\belowcaptionskip=\skip42
\bibindent=\dimen102
)
(/usr/share/texlive/texmf-dist/tex/latex/graphics/graphicx.sty
Package: graphicx 2017/06/01 v1.1a Enhanced LaTeX Graphics (DPC,SPQR)

(/usr/share/texlive/texmf-dist/tex/latex/graphics/keyval.sty
Package: keyval 2014/10/28 v1.15 key=value parser (DPC)
\KV@toks@=\toks14
)
(/usr/share/texlive/texmf-dist/tex/latex/graphics/graphics.sty
Package: graphics 2017/06/25 v1.2c Standard LaTeX Graphics (DPC,SPQR)

(/usr/share/texlive/texmf-dist/tex/latex/graphics/trig.sty
Package: trig 2016/01/03 v1.10 sin cos tan (DPC)
)
(/usr/share/texlive/texmf-dist/tex/latex/graphics-cfg/graphics.cfg
File: graphics.cfg 2016/06/04 v1.11 sample graphics configuration
)
Package graphics Info: Driver file: pdftex.def on input line 99.

(/usr/share/texlive/texmf-dist/tex/latex/graphics-def/pdftex.def
File: pdftex.def 2017/06/24 v1.0g Graphics/color driver for pdftex
))
\Gin@req@height=\dimen103
\Gin@req@width=\dimen104
)
(/usr/share/texlive/texmf-dist/tex/latex/xcolor/xcolor.sty
Package: xcolor 2016/05/11 v2.12 LaTeX color extensions (UK)

(/usr/share/texlive/texmf-dist/tex/latex/graphics-cfg/color.cfg
File: color.cfg 2016/01/02 v1.6 sample color configuration
)
Package xcolor Info: Driver file: pdftex.def on input line 225.
Package xcolor Info: Model `cmy' substituted by `cmy0' on input line 1348.
Package xcolor Info: Model `hsb' substituted by `rgb' on input line 1352.
Package xcolor Info: Model `RGB' extended on input line 1364.
Package xcolor Info: Model `HTML' substituted by `rgb' on input line 1366.
Package xcolor Info: Model `Hsb' substituted by `hsb' on input line 1367.
Package xcolor Info: Model `tHsb' substituted by `hsb' on input line 1368.
Package xcolor Info: Model `HSB' substituted by `hsb' on input line 1369.
Package xcolor Info: Model `Gray' substituted by `gray' on input line 1370.
Package xcolor Info: Model `wave' substituted by `hsb' on input line 1371.
)
(/usr/share/texlive/texmf-dist/tex/latex/framed/framed.sty
Package: framed 2011/10/22 v 0.96: framed or shaded text with page breaks
\OuterFrameSep=\skip43
\fb@frw=\dimen105
\fb@frh=\dimen106
\FrameRule=\dimen107
\FrameSep=\dimen108
)
(/usr/share/texlive/texmf-dist/tex/latex/base/alltt.sty
Package: alltt 1997/06/16 v2.0g defines alltt environment
)
(/usr/share/texlive/texmf-dist/tex/latex/upquote/upquote.sty
Package: upquote 2012/04/19 v1.3 upright-quote and grave-accent glyphs in verba
tim
)
(./Advection_Diffusion.aux)
\openout1 = `Advection_Diffusion.aux'.

LaTeX Font Info:    Checking defaults for OML/cmm/m/it on input line 55.
LaTeX Font Info:    ... okay on input line 55.
LaTeX Font Info:    Checking defaults for T1/cmr/m/n on input line 55.
LaTeX Font Info:    ... okay on input line 55.
LaTeX Font Info:    Checking defaults for OT1/cmr/m/n on input line 55.
LaTeX Font Info:    ... okay on input line 55.
LaTeX Font Info:    Checking defaults for OMS/cmsy/m/n on input line 55.
LaTeX Font Info:    ... okay on input line 55.
LaTeX Font Info:    Checking defaults for OMX/cmex/m/n on input line 55.
LaTeX Font Info:    ... okay on input line 55.
LaTeX Font Info:    Checking defaults for U/cmr/m/n on input line 55.
LaTeX Font Info:    ... okay on input line 55.

(/usr/share/texlive/texmf-dist/tex/context/base/mkii/supp-pdf.mkii
[Loading MPS to PDF converter (version 2006.09.02).]
\scratchcounter=\count87
\scratchdimen=\dimen109
\scratchbox=\box26
\nofMPsegments=\count88
\nofMParguments=\count89
\everyMPshowfont=\toks15
\MPscratchCnt=\count90
\MPscratchDim=\dimen110
\MPnumerator=\count91
\makeMPintoPDFobject=\count92
\everyMPtoPDFconversion=\toks16
) (/usr/share/texlive/texmf-dist/tex/latex/oberdiek/epstopdf-base.sty
Package: epstopdf-base 2016/05/15 v2.6 Base part for package epstopdf

(/usr/share/texlive/texmf-dist/tex/generic/oberdiek/infwarerr.sty
Package: infwarerr 2016/05/16 v1.4 Providing info/warning/error messages (HO)
)
(/usr/share/texlive/texmf-dist/tex/latex/oberdiek/grfext.sty
Package: grfext 2016/05/16 v1.2 Manage graphics extensions (HO)

(/usr/share/texlive/texmf-dist/tex/generic/oberdiek/kvdefinekeys.sty
Package: kvdefinekeys 2016/05/16 v1.4 Define keys (HO)

(/usr/share/texlive/texmf-dist/tex/generic/oberdiek/ltxcmds.sty
Package: ltxcmds 2016/05/16 v1.23 LaTeX kernel commands for general use (HO)
)))
(/usr/share/texlive/texmf-dist/tex/latex/oberdiek/kvoptions.sty
Package: kvoptions 2016/05/16 v3.12 Key value format for package options (HO)

(/usr/share/texlive/texmf-dist/tex/generic/oberdiek/kvsetkeys.sty
Package: kvsetkeys 2016/05/16 v1.17 Key value parser (HO)

(/usr/share/texlive/texmf-dist/tex/generic/oberdiek/etexcmds.sty
Package: etexcmds 2016/05/16 v1.6 Avoid name clashes with e-TeX commands (HO)

(/usr/share/texlive/texmf-dist/tex/generic/oberdiek/ifluatex.sty
Package: ifluatex 2016/05/16 v1.4 Provides the ifluatex switch (HO)
Package ifluatex Info: LuaTeX not detected.
)
Package etexcmds Info: Could not find \expanded.
(etexcmds)             That can mean that you are not using pdfTeX 1.50 or
(etexcmds)             that some package has redefined \expanded.
(etexcmds)             In the latter case, load this package earlier.
)))
(/usr/share/texlive/texmf-dist/tex/generic/oberdiek/pdftexcmds.sty
Package: pdftexcmds 2017/03/19 v0.25 Utility functions of pdfTeX for LuaTeX (HO
)

(/usr/share/texlive/texmf-dist/tex/generic/oberdiek/ifpdf.sty
Package: ifpdf 2017/03/15 v3.2 Provides the ifpdf switch
)
Package pdftexcmds Info: LuaTeX not detected.
Package pdftexcmds Info: \pdf@primitive is available.
Package pdftexcmds Info: \pdf@ifprimitive is available.
Package pdftexcmds Info: \pdfdraftmode found.
)
Package epstopdf-base Info: Redefining graphics rule for `.eps' on input line 4
38.
Package grfext Info: Graphics extension search list:
(grfext)             [.pdf,.png,.jpg,.mps,.jpeg,.jbig2,.jb2,.PDF,.PNG,.JPG,.JPE
G,.JBIG2,.JB2,.eps]
(grfext)             \AppendGraphicsExtensions on input line 456.

(/usr/share/texlive/texmf-dist/tex/latex/latexconfig/epstopdf-sys.cfg
File: epstopdf-sys.cfg 2010/07/13 v1.3 Configuration of (r)epstopdf for TeX Liv
e
))
LaTeX Font Info:    External font `cmex10' loaded for size
(Font)              <12> on input line 61.
LaTeX Font Info:    External font `cmex10' loaded for size
(Font)              <8> on input line 61.
LaTeX Font Info:    External font `cmex10' loaded for size
(Font)              <6> on input line 61.

[1

{/usr/share/texlive/texmf-dist/fonts/map/pdftex/updmap/pdftex.map}]
LaTeX Font Info:    External font `cmex10' loaded for size
(Font)              <7> on input line 95.
LaTeX Font Info:    External font `cmex10' loaded for size
(Font)              <5> on input line 95.

Overfull \hbox (0.36612pt too wide) in paragraph at lines 131--131
[]\OT1/cmr/bx/n/10 Advenction-Difffusion-Reaction in multi-phase sys-tems and f
or
 []

[2]
Overfull \hbox (80.24629pt too wide) in paragraph at lines 183--183
[]    \OT1/cmtt/m/n/10 dC <- D * (diff(C, lag = 2) - 2 * diff(C, lag = 1) + dif
f(C, lag = 0)) / dx^2[] 
 []

[3]
Overfull \hbox (53.99652pt too wide) in paragraph at lines 183--183
[]\OT1/cmtt/m/n/10 out <- ode(y = C0, times = times, func = advection_diffusion
, parms = parms)[] 
 []

LaTeX Font Info:    Font shape `OT1/cmtt/bx/n' in size <10> not available
(Font)              Font shape `OT1/cmtt/m/n' tried instead on input line 193.

Overfull \hbox (48.74657pt too wide) in paragraph at lines 207--207
[][]\OT1/cmtt/m/n/10 tran.1D[][]([][]C[] []=[] []1[][],[] []D[] []=[] []0[][],[
] []flux.up[] []=[] []1[][],[] []v[] []=[] []5[][],[] []A[][]=[] []1[][],[] []d
x[] []=[] []1[][],[] []full.output[] []=[] []TRUE[][])[][] 
 []

[4]
Overfull \hbox (137.99579pt too wide) in paragraph at lines 244--244
[][]\OT1/cmtt/m/n/10 out[] []<-[] []steady.1D[][]([][]func[] []= advModel,[] []
y[] []=[] []runif[][]([][]25[][]),[] []params[] []= parms,[] []nspace[][]=[] []
1[][],[] []positive[] []=[] []TRUE[][])[][] 
 []

LaTeX Font Info:    Try loading font information for OMS+cmtt on input line 258
.
(/opt/R/4.2.2/lib64/R/share/texmf/tex/latex/omscmtt.fd
File: omscmtt.fd 
)
LaTeX Font Info:    Font shape `OMS/cmtt/m/n' in size <10> not available
(Font)              Font shape `OMS/cmsy/m/n' tried instead on input line 258.

Overfull \hbox (122.24593pt too wide) in paragraph at lines 260--260
[]    []\OT1/cmtt/m/n/10 dC[] []<-[] []D[] []*[] []([][]diff[][](C,[] []lag[] [
]=[] []2[][])[] []-[] []2[] []*[] []diff[][](C,[] []lag[] []=[] []1[][])[] []+[
] []diff[][](C,[] []lag[] []=[] []0[][]))[] []/[] []dx[][]^[][]2[] []-[] []k[] 
[]*[] []C[][] 
 []


Overfull \hbox (101.24611pt too wide) in paragraph at lines 281--281
[][]\OT1/cmtt/m/n/10 out[] []<-[] []ode[][]([][]y[] []= C0,[] []times[] []= tim
es,[] []func[] []= advection_diffusion_reaction,[] []parms[] []= parms)[][] 
 []

[5]
Overfull \hbox (200.99524pt too wide) in paragraph at lines 303--303
[]    []\OT1/cmtt/m/n/10 return[][]([][]list[][]([][]dC[] []= dC,[] []Consumpti
on[] []= Consumption,[] []flux.up[] []= Tran[][]$[][]flux.up,[] []flux.down[] [
]= Tran[][]$[][]flux.down))[][] 
 []


Overfull \hbox (127.49588pt too wide) in paragraph at lines 307--307
[][]\OT1/cmtt/m/n/10 out[] []<-[] []steady.1D[][]([][]func[] []= advModel,[] []
y[] []=[] []runif[][]([][]25[][]),[] []parms[] []= parms,[] []nspec[][]=[] []1[
][],[] []positive[] []=[] []TRUE[][])[][] 
 []


Overfull \hbox (132.74583pt too wide) in paragraph at lines 310--310
[][]\OT1/cmtt/m/n/10 out2[] []<-[] []steady.1D[][]([][]func[] []= advModel,[] [
]y[] []=[] []runif[][]([][]25[][]),[] []parms[] []= parms,[] []nspec[][]=[] []1
[][],[] []positive[] []=[] []TRUE[][])[][] 
 []


Overfull \hbox (132.74583pt too wide) in paragraph at lines 313--313
[][]\OT1/cmtt/m/n/10 out3[] []<-[] []steady.1D[][]([][]func[] []= advModel,[] [
]y[] []=[] []runif[][]([][]25[][]),[] []parms[] []= parms,[] []nspec[][]=[] []1
[][],[] []positive[] []=[] []TRUE[][])[][] 
 []


Overfull \hbox (38.24666pt too wide) in paragraph at lines 354--354
[]\OT1/cmtt/m/n/10 ##  [1] 0.90909091 0.82644628 0.75131480 0.68301346 0.620921
32 0.56447393[] 
 []


Overfull \hbox (38.24666pt too wide) in paragraph at lines 354--354
[]\OT1/cmtt/m/n/10 ##  [7] 0.51315812 0.46650738 0.42409762 0.38554329 0.350493
90 0.31863082[] 
 []


Overfull \hbox (38.24666pt too wide) in paragraph at lines 354--354
[]\OT1/cmtt/m/n/10 ## [13] 0.28966438 0.26333125 0.23939205 0.21762914 0.197844
68 0.17985880[] 
 []


Overfull \hbox (38.24666pt too wide) in paragraph at lines 354--354
[]\OT1/cmtt/m/n/10 ## [19] 0.16350800 0.14864363 0.13513058 0.12284598 0.111678
16 0.10152561[] 
 []


Overfull \hbox (69.74638pt too wide) in paragraph at lines 354--354
[]\OT1/cmtt/m/n/10 ##  [1] 0.090909091 0.082644628 0.075131480 0.068301346 0.06
2092132 0.056447393[] 
 []


Overfull \hbox (69.74638pt too wide) in paragraph at lines 354--354
[]\OT1/cmtt/m/n/10 ##  [7] 0.051315812 0.046650738 0.042409762 0.038554329 0.03
5049390 0.031863082[] 
 []


Overfull \hbox (69.74638pt too wide) in paragraph at lines 354--354
[]\OT1/cmtt/m/n/10 ## [13] 0.028966438 0.026333125 0.023939205 0.021762914 0.01
9784468 0.017985880[] 
 []


Overfull \hbox (69.74638pt too wide) in paragraph at lines 354--354
[]\OT1/cmtt/m/n/10 ## [19] 0.016350800 0.014864363 0.013513058 0.012284598 0.01
1167816 0.010152561[] 
 []

[6]
Overfull \hbox (190.49533pt too wide) in paragraph at lines 362--362
[][]\OT1/cmtt/m/n/10 plot[][](out,[] []xlab[] []=[] []"X"[][],[] []ylab[] []=[]
 []"Concentration"[][],[] []las[][]=[][]1[][],[] []main[][]=[][]"Advection-Reac
tion: Steady State Solution"[][])[][] 
 []

<figure/unnamed-chunk-7-1.pdf, id=33, pagebox=cropbox, 505.89pt x 505.89pt>
File: figure/unnamed-chunk-7-1.pdf Graphic file (type pdf)
<use figure/unnamed-chunk-7-1.pdf>
Package pdftex.def Info: figure/unnamed-chunk-7-1.pdf  used on input line 365. 
on input line 365.
Package pdftex.def Info: Requested size: 345.0pt x 345.00414pt on input line 36
5.

Overfull \hbox (15.0pt too wide) in paragraph at lines 365--366
[][] 
 []


Overfull \hbox (195.74529pt too wide) in paragraph at lines 367--367
[][]\OT1/cmtt/m/n/10 plot[][](out2,[] []xlab[] []=[] []"X"[][],[] []ylab[] []=[
] []"Concentration"[][],[] []las[][]=[][]1[][],[] []main[][]=[][]"Advection-Rea
ction: Steady State Solution"[][])[][] 
 []

[7 <./figure/unnamed-chunk-7-1.pdf>]
<figure/unnamed-chunk-7-2.pdf, id=44, pagebox=cropbox, 505.89pt x 505.89pt>
File: figure/unnamed-chunk-7-2.pdf Graphic file (type pdf)
<use figure/unnamed-chunk-7-2.pdf>
Package pdftex.def Info: figure/unnamed-chunk-7-2.pdf  used on input line 370. 
on input line 370.
Package pdftex.def Info: Requested size: 345.0pt x 345.00414pt on input line 37
0.

Overfull \hbox (15.0pt too wide) in paragraph at lines 370--371
[][] 
 []


Overfull \hbox (195.74529pt too wide) in paragraph at lines 372--372
[][]\OT1/cmtt/m/n/10 plot[][](out3,[] []xlab[] []=[] []"X"[][],[] []ylab[] []=[
] []"Concentration"[][],[] []las[][]=[][]1[][],[] []main[][]=[][]"Advection-Rea
ction: Steady State Solution"[][])[][] 
 []

<figure/unnamed-chunk-7-3.pdf, id=45, pagebox=cropbox, 505.89pt x 505.89pt>
File: figure/unnamed-chunk-7-3.pdf Graphic file (type pdf)
<use figure/unnamed-chunk-7-3.pdf>
Package pdftex.def Info: figure/unnamed-chunk-7-3.pdf  used on input line 375. 
on input line 375.
Package pdftex.def Info: Requested size: 345.0pt x 345.00414pt on input line 37
5.

Overfull \hbox (15.0pt too wide) in paragraph at lines 375--377
[][]
 []

[8 <./figure/unnamed-chunk-7-2.pdf>]

LaTeX Warning: `h' float specifier changed to `ht'.

[9 <./figure/unnamed-chunk-7-3.pdf>]
Overfull \hbox (101.23227pt too wide) in paragraph at lines 425--431
 [][] 
 []

[10]
<figure/plotO2agg-1.pdf, id=69, pagebox=cropbox, 505.89pt x 505.89pt>
File: figure/plotO2agg-1.pdf Graphic file (type pdf)
<use figure/plotO2agg-1.pdf>
Package pdftex.def Info: figure/plotO2agg-1.pdf  used on input line 462. on inp
ut line 462.
Package pdftex.def Info: Requested size: 345.0pt x 345.00414pt on input line 46
2.
<figure/circleplot-1.pdf, id=70, pagebox=cropbox, 505.89pt x 505.89pt>
File: figure/circleplot-1.pdf Graphic file (type pdf)
<use figure/circleplot-1.pdf>
Package pdftex.def Info: figure/circleplot-1.pdf  used on input line 471. on in
put line 471.
Package pdftex.def Info: Requested size: 345.0pt x 345.00414pt on input line 47
1.


LaTeX Warning: `h' float specifier changed to `ht'.


Overfull \hbox (17.24684pt too wide) in paragraph at lines 502--502
[][]\OT1/cmtt/m/n/10 Flux[] []<-[] []-[][]Dx[] []*[] []rbind[][]([][]rep[][]([]
[]0[][],n),(Conc[[][]2[][]:[][]n,][][]-[][]Conc[[][]1[][]:[][](n[][]-[][]1[][])
,]),[][]rep[][]([][]0[][],n))[][]/[][]dx[][] 
 []


Overfull \hbox (17.24684pt too wide) in paragraph at lines 506--506
[][]\OT1/cmtt/m/n/10 Flux[] []<-[] []-[][]Dy[] []*[] []cbind[][]([][]rep[][]([]
[]0[][],n),(Conc[,[][]2[][]:[][]n][][]-[][]Conc[,[][]1[][]:[][](n[][]-[][]1[][]
)]),[][]rep[][]([][]0[][],n))[][]/[][]dy[][] 
 []

[11 <./figure/plotO2agg-1.pdf>]
Underfull \vbox (badness 10000) detected at line 512
 []


Underfull \vbox (badness 10000) detected at line 512
 []

[12 <./figure/circleplot-1.pdf>]
Overfull \hbox (43.49661pt too wide) in paragraph at lines 548--548
[][]\OT1/cmtt/m/n/10 ST3[] []<-[] []steady.2D[][](Conc0,[][]func[][]=diffusion2
D,[][]parms[][]=[][]NULL[][],[][]pos[][]=[][]TRUE[][],[][]dimens[][]=[][]c[][](
n,n),[][] 
 []

<figure/unnamed-chunk-15-1.pdf, id=88, pagebox=cropbox, 505.89pt x 505.89pt>
File: figure/unnamed-chunk-15-1.pdf Graphic file (type pdf)
<use figure/unnamed-chunk-15-1.pdf>
Package pdftex.def Info: figure/unnamed-chunk-15-1.pdf  used on input line 568.
 on input line 568.
Package pdftex.def Info: Requested size: 345.0pt x 345.00414pt on input line 56
8.

Overfull \hbox (15.0pt too wide) in paragraph at lines 568--570
[][]
 []

[13] [14 <./figure/unnamed-chunk-15-1.pdf>] [15] (./Advection_Diffusion.aux) ) 
Here is how much of TeX's memory you used:
 2063 strings out of 494917
 28818 string characters out of 6180699
 89674 words of memory out of 5000000
 5358 multiletter control sequences out of 15000+600000
 8838 words of font info for 32 fonts, out of 8000000 for 9000
 14 hyphenation exceptions out of 8191
 41i,10n,35p,412b,284s stack positions out of 5000i,500n,10000p,200000b,80000s
<
/usr/share/texlive/texmf-dist/fonts/type1/public/amsfonts/cm/cmbx10.pfb></usr/s
hare/texlive/texmf-dist/fonts/type1/public/amsfonts/cm/cmbx12.pfb></usr/share/t
exlive/texmf-dist/fonts/type1/public/amsfonts/cm/cmbx9.pfb></usr/share/texlive/
texmf-dist/fonts/type1/public/amsfonts/cm/cmitt10.pfb></usr/share/texlive/texmf
-dist/fonts/type1/public/amsfonts/cm/cmmi10.pfb></usr/share/texlive/texmf-dist/
fonts/type1/public/amsfonts/cm/cmmi7.pfb></usr/share/texlive/texmf-dist/fonts/t
ype1/public/amsfonts/cm/cmr10.pfb></usr/share/texlive/texmf-dist/fonts/type1/pu
blic/amsfonts/cm/cmr12.pfb></usr/share/texlive/texmf-dist/fonts/type1/public/am
sfonts/cm/cmr17.pfb></usr/share/texlive/texmf-dist/fonts/type1/public/amsfonts/
cm/cmr7.pfb></usr/share/texlive/texmf-dist/fonts/type1/public/amsfonts/cm/cmr9.
pfb></usr/share/texlive/texmf-dist/fonts/type1/public/amsfonts/cm/cmsy10.pfb></
usr/share/texlive/texmf-dist/fonts/type1/public/amsfonts/cm/cmsy7.pfb></usr/sha
re/texlive/texmf-dist/fonts/type1/public/amsfonts/cm/cmtt10.pfb>
Output written on Advection_Diffusion.pdf (15 pages, 285775 bytes).
PDF statistics:
 151 PDF objects out of 1000 (max. 8388607)
 106 compressed objects within 2 object streams
 0 named destinations out of 1000 (max. 500000)
 31 words of extra memory for PDF output out of 10000 (max. 10000000)

