This is pdfTeX, Version 3.14159265-2.6-1.40.19 (TeX Live 2018) (preloaded format=pdflatex 2023.6.21)  19 NOV 2025 15:33
entering extended mode
 restricted \write18 enabled.
 %&-line parsing enabled.
**Marcs_Survival_Handout_v3.tex
(./Marcs_Survival_Handout_v3.tex
LaTeX2e <2017-04-15>
Babel <3.17> and hyphenation patterns for 3 language(s) loaded.
(/usr/share/texlive/texmf-dist/tex/latex/base/article.cls
Document Class: article 2014/09/29 v1.4h Standard LaTeX document class
(/usr/share/texlive/texmf-dist/tex/latex/base/size11.clo
File: size11.clo 2014/09/29 v1.4h Standard LaTeX file (size option)
)
\c@part=\count79
\c@section=\count80
\c@subsection=\count81
\c@subsubsection=\count82
\c@paragraph=\count83
\c@subparagraph=\count84
\c@figure=\count85
\c@table=\count86
\abovecaptionskip=\skip41
\belowcaptionskip=\skip42
\bibindent=\dimen102
)
(/usr/share/texlive/texmf-dist/tex/latex/graphics/graphicx.sty
Package: graphicx 2017/06/01 v1.1a Enhanced LaTeX Graphics (DPC,SPQR)

(/usr/share/texlive/texmf-dist/tex/latex/graphics/keyval.sty
Package: keyval 2014/10/28 v1.15 key=value parser (DPC)
\KV@toks@=\toks14
)
(/usr/share/texlive/texmf-dist/tex/latex/graphics/graphics.sty
Package: graphics 2017/06/25 v1.2c Standard LaTeX Graphics (DPC,SPQR)

(/usr/share/texlive/texmf-dist/tex/latex/graphics/trig.sty
Package: trig 2016/01/03 v1.10 sin cos tan (DPC)
)
(/usr/share/texlive/texmf-dist/tex/latex/graphics-cfg/graphics.cfg
File: graphics.cfg 2016/06/04 v1.11 sample graphics configuration
)
Package graphics Info: Driver file: pdftex.def on input line 99.

(/usr/share/texlive/texmf-dist/tex/latex/graphics-def/pdftex.def
File: pdftex.def 2017/06/24 v1.0g Graphics/color driver for pdftex
))
\Gin@req@height=\dimen103
\Gin@req@width=\dimen104
)
(/usr/share/texlive/texmf-dist/tex/latex/xcolor/xcolor.sty
Package: xcolor 2016/05/11 v2.12 LaTeX color extensions (UK)

(/usr/share/texlive/texmf-dist/tex/latex/graphics-cfg/color.cfg
File: color.cfg 2016/01/02 v1.6 sample color configuration
)
Package xcolor Info: Driver file: pdftex.def on input line 225.
Package xcolor Info: Model `cmy' substituted by `cmy0' on input line 1348.
Package xcolor Info: Model `hsb' substituted by `rgb' on input line 1352.
Package xcolor Info: Model `RGB' extended on input line 1364.
Package xcolor Info: Model `HTML' substituted by `rgb' on input line 1366.
Package xcolor Info: Model `Hsb' substituted by `hsb' on input line 1367.
Package xcolor Info: Model `tHsb' substituted by `hsb' on input line 1368.
Package xcolor Info: Model `HSB' substituted by `hsb' on input line 1369.
Package xcolor Info: Model `Gray' substituted by `gray' on input line 1370.
Package xcolor Info: Model `wave' substituted by `hsb' on input line 1371.
)
(/usr/share/texlive/texmf-dist/tex/latex/framed/framed.sty
Package: framed 2011/10/22 v 0.96: framed or shaded text with page breaks
\OuterFrameSep=\skip43
\fb@frw=\dimen105
\fb@frh=\dimen106
\FrameRule=\dimen107
\FrameSep=\dimen108
)
(/usr/share/texlive/texmf-dist/tex/latex/base/alltt.sty
Package: alltt 1997/06/16 v2.0g defines alltt environment
)
(/usr/share/texlive/texmf-dist/tex/latex/amsmath/amsmath.sty
Package: amsmath 2017/09/02 v2.17a AMS math features
\@mathmargin=\skip44

For additional information on amsmath, use the `?' option.
(/usr/share/texlive/texmf-dist/tex/latex/amsmath/amstext.sty
Package: amstext 2000/06/29 v2.01 AMS text

(/usr/share/texlive/texmf-dist/tex/latex/amsmath/amsgen.sty
File: amsgen.sty 1999/11/30 v2.0 generic functions
\@emptytoks=\toks15
\ex@=\dimen109
))
(/usr/share/texlive/texmf-dist/tex/latex/amsmath/amsbsy.sty
Package: amsbsy 1999/11/29 v1.2d Bold Symbols
\pmbraise@=\dimen110
)
(/usr/share/texlive/texmf-dist/tex/latex/amsmath/amsopn.sty
Package: amsopn 2016/03/08 v2.02 operator names
)
\inf@bad=\count87
LaTeX Info: Redefining \frac on input line 213.
\uproot@=\count88
\leftroot@=\count89
LaTeX Info: Redefining \overline on input line 375.
\classnum@=\count90
\DOTSCASE@=\count91
LaTeX Info: Redefining \ldots on input line 472.
LaTeX Info: Redefining \dots on input line 475.
LaTeX Info: Redefining \cdots on input line 596.
\Mathstrutbox@=\box26
\strutbox@=\box27
\big@size=\dimen111
LaTeX Font Info:    Redeclaring font encoding OML on input line 712.
LaTeX Font Info:    Redeclaring font encoding OMS on input line 713.
\macc@depth=\count92
\c@MaxMatrixCols=\count93
\dotsspace@=\muskip10
\c@parentequation=\count94
\dspbrk@lvl=\count95
\tag@help=\toks16
\row@=\count96
\column@=\count97
\maxfields@=\count98
\andhelp@=\toks17
\eqnshift@=\dimen112
\alignsep@=\dimen113
\tagshift@=\dimen114
\tagwidth@=\dimen115
\totwidth@=\dimen116
\lineht@=\dimen117
\@envbody=\toks18
\multlinegap=\skip45
\multlinetaggap=\skip46
\mathdisplay@stack=\toks19
LaTeX Info: Redefining \[ on input line 2817.
LaTeX Info: Redefining \] on input line 2818.
)
(/usr/share/texlive/texmf-dist/tex/latex/booktabs/booktabs.sty
Package: booktabs 2016/04/27 v1.618033 publication quality tables
\heavyrulewidth=\dimen118
\lightrulewidth=\dimen119
\cmidrulewidth=\dimen120
\belowrulesep=\dimen121
\belowbottomsep=\dimen122
\aboverulesep=\dimen123
\abovetopsep=\dimen124
\cmidrulesep=\dimen125
\cmidrulekern=\dimen126
\defaultaddspace=\dimen127
\@cmidla=\count99
\@cmidlb=\count100
\@aboverulesep=\dimen128
\@belowrulesep=\dimen129
\@thisruleclass=\count101
\@lastruleclass=\count102
\@thisrulewidth=\dimen130
)
(/usr/share/texlive/texmf-dist/tex/latex/hyperref/hyperref.sty
Package: hyperref 2017/03/14 v6.85a Hypertext links for LaTeX

(/usr/share/texlive/texmf-dist/tex/generic/oberdiek/hobsub-hyperref.sty
Package: hobsub-hyperref 2016/05/16 v1.14 Bundle oberdiek, subset hyperref (HO)


(/usr/share/texlive/texmf-dist/tex/generic/oberdiek/hobsub-generic.sty
Package: hobsub-generic 2016/05/16 v1.14 Bundle oberdiek, subset generic (HO)
Package: hobsub 2016/05/16 v1.14 Construct package bundles (HO)
Package: infwarerr 2016/05/16 v1.4 Providing info/warning/error messages (HO)
Package: ltxcmds 2016/05/16 v1.23 LaTeX kernel commands for general use (HO)
Package: ifluatex 2016/05/16 v1.4 Provides the ifluatex switch (HO)
Package ifluatex Info: LuaTeX not detected.
Package: ifvtex 2016/05/16 v1.6 Detect VTeX and its facilities (HO)
Package ifvtex Info: VTeX not detected.
Package: intcalc 2016/05/16 v1.2 Expandable calculations with integers (HO)
Package: ifpdf 2017/03/15 v3.2 Provides the ifpdf switch
Package: etexcmds 2016/05/16 v1.6 Avoid name clashes with e-TeX commands (HO)
Package etexcmds Info: Could not find \expanded.
(etexcmds)             That can mean that you are not using pdfTeX 1.50 or
(etexcmds)             that some package has redefined \expanded.
(etexcmds)             In the latter case, load this package earlier.
Package: kvsetkeys 2016/05/16 v1.17 Key value parser (HO)
Package: kvdefinekeys 2016/05/16 v1.4 Define keys (HO)
Package: pdftexcmds 2017/03/19 v0.25 Utility functions of pdfTeX for LuaTeX (HO
)
Package pdftexcmds Info: LuaTeX not detected.
Package pdftexcmds Info: \pdf@primitive is available.
Package pdftexcmds Info: \pdf@ifprimitive is available.
Package pdftexcmds Info: \pdfdraftmode found.
Package: pdfescape 2016/05/16 v1.14 Implements pdfTeX's escape features (HO)
Package: bigintcalc 2016/05/16 v1.4 Expandable calculations on big integers (HO
)
Package: bitset 2016/05/16 v1.2 Handle bit-vector datatype (HO)
Package: uniquecounter 2016/05/16 v1.3 Provide unlimited unique counter (HO)
)
Package hobsub Info: Skipping package `hobsub' (already loaded).
Package: letltxmacro 2016/05/16 v1.5 Let assignment for LaTeX macros (HO)
Package: hopatch 2016/05/16 v1.3 Wrapper for package hooks (HO)
Package: xcolor-patch 2016/05/16 xcolor patch
Package: atveryend 2016/05/16 v1.9 Hooks at the very end of document (HO)
Package atveryend Info: \enddocument detected (standard20110627).
Package: atbegshi 2016/06/09 v1.18 At begin shipout hook (HO)
Package: refcount 2016/05/16 v3.5 Data extraction from label references (HO)
Package: hycolor 2016/05/16 v1.8 Color options for hyperref/bookmark (HO)
)
(/usr/share/texlive/texmf-dist/tex/generic/ifxetex/ifxetex.sty
Package: ifxetex 2010/09/12 v0.6 Provides ifxetex conditional
)
(/usr/share/texlive/texmf-dist/tex/latex/oberdiek/auxhook.sty
Package: auxhook 2016/05/16 v1.4 Hooks for auxiliary files (HO)
)
(/usr/share/texlive/texmf-dist/tex/latex/oberdiek/kvoptions.sty
Package: kvoptions 2016/05/16 v3.12 Key value format for package options (HO)
)
\@linkdim=\dimen131
\Hy@linkcounter=\count103
\Hy@pagecounter=\count104

(/usr/share/texlive/texmf-dist/tex/latex/hyperref/pd1enc.def
File: pd1enc.def 2017/03/14 v6.85a Hyperref: PDFDocEncoding definition (HO)
)
\Hy@SavedSpaceFactor=\count105

(/usr/share/texlive/texmf-dist/tex/latex/latexconfig/hyperref.cfg
File: hyperref.cfg 2002/06/06 v1.2 hyperref configuration of TeXLive
)
Package hyperref Info: Hyper figures OFF on input line 4498.
Package hyperref Info: Link nesting OFF on input line 4503.
Package hyperref Info: Hyper index ON on input line 4506.
Package hyperref Info: Plain pages OFF on input line 4513.
Package hyperref Info: Backreferencing OFF on input line 4518.
Package hyperref Info: Implicit mode ON; LaTeX internals redefined.
Package hyperref Info: Bookmarks ON on input line 4751.
\c@Hy@tempcnt=\count106

(/usr/share/texlive/texmf-dist/tex/latex/url/url.sty
\Urlmuskip=\muskip11
Package: url 2013/09/16  ver 3.4  Verb mode for urls, etc.
)
LaTeX Info: Redefining \url on input line 5104.
\XeTeXLinkMargin=\dimen132
\Fld@menulength=\count107
\Field@Width=\dimen133
\Fld@charsize=\dimen134
Package hyperref Info: Hyper figures OFF on input line 6358.
Package hyperref Info: Link nesting OFF on input line 6363.
Package hyperref Info: Hyper index ON on input line 6366.
Package hyperref Info: backreferencing OFF on input line 6373.
Package hyperref Info: Link coloring OFF on input line 6378.
Package hyperref Info: Link coloring with OCG OFF on input line 6383.
Package hyperref Info: PDF/A mode OFF on input line 6388.
LaTeX Info: Redefining \ref on input line 6428.
LaTeX Info: Redefining \pageref on input line 6432.
\Hy@abspage=\count108
\c@Item=\count109
\c@Hfootnote=\count110
)

Package hyperref Message: Driver (autodetected): hpdftex.

(/usr/share/texlive/texmf-dist/tex/latex/hyperref/hpdftex.def
File: hpdftex.def 2017/03/14 v6.85a Hyperref driver for pdfTeX
\Fld@listcount=\count111
\c@bookmark@seq@number=\count112

(/usr/share/texlive/texmf-dist/tex/latex/oberdiek/rerunfilecheck.sty
Package: rerunfilecheck 2016/05/16 v1.8 Rerun checks for auxiliary files (HO)
Package uniquecounter Info: New unique counter `rerunfilecheck' on input line 2
82.
)
\Hy@SectionHShift=\skip47
)
(/usr/share/texlive/texmf-dist/tex/latex/upquote/upquote.sty
Package: upquote 2012/04/19 v1.3 upright-quote and grave-accent glyphs in verba
tim
)
(./Marcs_Survival_Handout_v3.aux)
\openout1 = `Marcs_Survival_Handout_v3.aux'.

LaTeX Font Info:    Checking defaults for OML/cmm/m/it on input line 61.
LaTeX Font Info:    ... okay on input line 61.
LaTeX Font Info:    Checking defaults for T1/cmr/m/n on input line 61.
LaTeX Font Info:    ... okay on input line 61.
LaTeX Font Info:    Checking defaults for OT1/cmr/m/n on input line 61.
LaTeX Font Info:    ... okay on input line 61.
LaTeX Font Info:    Checking defaults for OMS/cmsy/m/n on input line 61.
LaTeX Font Info:    ... okay on input line 61.
LaTeX Font Info:    Checking defaults for OMX/cmex/m/n on input line 61.
LaTeX Font Info:    ... okay on input line 61.
LaTeX Font Info:    Checking defaults for U/cmr/m/n on input line 61.
LaTeX Font Info:    ... okay on input line 61.
LaTeX Font Info:    Checking defaults for PD1/pdf/m/n on input line 61.
LaTeX Font Info:    ... okay on input line 61.

(/usr/share/texlive/texmf-dist/tex/context/base/mkii/supp-pdf.mkii
[Loading MPS to PDF converter (version 2006.09.02).]
\scratchcounter=\count113
\scratchdimen=\dimen135
\scratchbox=\box28
\nofMPsegments=\count114
\nofMParguments=\count115
\everyMPshowfont=\toks20
\MPscratchCnt=\count116
\MPscratchDim=\dimen136
\MPnumerator=\count117
\makeMPintoPDFobject=\count118
\everyMPtoPDFconversion=\toks21
) (/usr/share/texlive/texmf-dist/tex/latex/oberdiek/epstopdf-base.sty
Package: epstopdf-base 2016/05/15 v2.6 Base part for package epstopdf

(/usr/share/texlive/texmf-dist/tex/latex/oberdiek/grfext.sty
Package: grfext 2016/05/16 v1.2 Manage graphics extensions (HO)
)
Package epstopdf-base Info: Redefining graphics rule for `.eps' on input line 4
38.
Package grfext Info: Graphics extension search list:
(grfext)             [.pdf,.png,.jpg,.mps,.jpeg,.jbig2,.jb2,.PDF,.PNG,.JPG,.JPE
G,.JBIG2,.JB2,.eps]
(grfext)             \AppendGraphicsExtensions on input line 456.

(/usr/share/texlive/texmf-dist/tex/latex/latexconfig/epstopdf-sys.cfg
File: epstopdf-sys.cfg 2010/07/13 v1.3 Configuration of (r)epstopdf for TeX Liv
e
))
\AtBeginShipoutBox=\box29
Package hyperref Info: Link coloring OFF on input line 61.

(/usr/share/texlive/texmf-dist/tex/latex/hyperref/nameref.sty
Package: nameref 2016/05/21 v2.44 Cross-referencing by name of section

(/usr/share/texlive/texmf-dist/tex/generic/oberdiek/gettitlestring.sty
Package: gettitlestring 2016/05/16 v1.5 Cleanup title references (HO)
)
\c@section@level=\count119
)
LaTeX Info: Redefining \ref on input line 61.
LaTeX Info: Redefining \pageref on input line 61.
LaTeX Info: Redefining \nameref on input line 61.

(./Marcs_Survival_Handout_v3.out) (./Marcs_Survival_Handout_v3.out)
\@outlinefile=\write3
\openout3 = `Marcs_Survival_Handout_v3.out'.


(./Marcs_Survival_Handout_v3.toc)
\tf@toc=\write4
\openout4 = `Marcs_Survival_Handout_v3.toc'.

 [1

{/usr/share/texlive/texmf-dist/fonts/map/pdftex/updmap/pdftex.map}]
LaTeX Font Info:    Try loading font information for OMS+cmr on input line 74.

(/usr/share/texlive/texmf-dist/tex/latex/base/omscmr.fd
File: omscmr.fd 2014/09/29 v2.5h Standard LaTeX font definitions
)
LaTeX Font Info:    Font shape `OMS/cmr/m/n' in size <10.95> not available
(Font)              Font shape `OMS/cmsy/m/n' tried instead on input line 74.

Underfull \hbox (badness 10000) in paragraph at lines 85--85
[]\OT1/cmr/m/n/10.95 Hours un-til OD $\OMS/cmsy/m/n/10.95 ^^U$
 []


Underfull \hbox (badness 4479) in paragraph at lines 85--86
[]\OT1/cmr/m/n/10.95 The vari-able we are
 []

LaTeX Font Info:    Font shape `OT1/cmtt/bx/n' in size <10.95> not available
(Font)              Font shape `OT1/cmtt/m/n' tried instead on input line 99.

Overfull \hbox (7.91602pt too wide) in paragraph at lines 103--103
[]\OT1/cmtt/m/it/10.95 ## -- Attaching core tidyverse packages ----------------
--------
 []


Overfull \hbox (98.28539pt too wide) in paragraph at lines 103--103
\OT1/cmtt/m/it/10.95 ## -- Conflicts ------------------------------------------
 tidyverse[]conflicts()
 []


Overfull \hbox (7.91602pt too wide) in paragraph at lines 103--103
\OT1/cmtt/m/it/10.95 ## i Use the conflicted package (<http://conflicted.r-lib.
org/>)
 []

[2]
LaTeX Font Info:    Try loading font information for OMS+cmtt on input line 126
.
 (/opt/R/4.2.2/lib64/R/share/texmf/tex/latex/omscmtt.fd
File: omscmtt.fd 
)
LaTeX Font Info:    Font shape `OMS/cmtt/m/n' in size <10.95> not available
(Font)              Font shape `OMS/cmsy/m/n' tried instead on input line 126.

Overfull \hbox (283.57935pt too wide) in paragraph at lines 126--126
[][]\OT1/cmtt/m/n/10.95 make_growth[] []<-[] []function[][]([][]n[][],[] []trea
tment_label[][],[] []mu_time_to_mid[] []=[] []30[][],[] []sd_time[] []=[] []6[]
[],[] []maxOD[] []=[] []1.2[][],[] []prop_no_reach[] []=[] []0.1[][])\OMS/cmsy/
m/n/10.95 f[][] 
 []


Overfull \hbox (13.6647pt too wide) in paragraph at lines 127--127
[]    []\OT1/cmtt/m/n/10.95 tibble[][]([][]sample[] []=[] []paste0[][](treatmen
t_label,[] []"_"[][],[] []seq_len[][](n)))[] []%>%[][] 
 []


Overfull \hbox (53.90552pt too wide) in paragraph at lines 138--138
[]      []\OT1/cmtt/m/n/10.95 mu[] []=[] []plogis[][]((time[] []-[] []rnorm[][]
([][]1[][], mu_time_to_mid, sd_time))[][]/[][]7[][])[] []*[] []maxOD,[][] 
 []


Overfull \hbox (209.12009pt too wide) in paragraph at lines 147--147
[][]\OT1/cmtt/m/n/10.95 df_A[] []<-[] []make_growth[][](n_rep,[] []"A"[][],[] [
]mu_time_to_mid[] []=[] []45[][],[] []sd_time[] []=[] []6[][],[] []maxOD[] []=[
] []1.1[][],[] []prop_no_reach[] []=[] []0.2[][])[][] 
 []


Overfull \hbox (214.86877pt too wide) in paragraph at lines 148--148
[][]\OT1/cmtt/m/n/10.95 df_B[] []<-[] []make_growth[][](n_rep,[] []"B"[][],[] [
]mu_time_to_mid[] []=[] []40[][],[] []sd_time[] []=[] []7[][],[] []maxOD[] []=[
] []1.15[][],[] []prop_no_reach[] []=[] []0.2[][])[][] 
 []


Overfull \hbox (214.86877pt too wide) in paragraph at lines 149--149
[][]\OT1/cmtt/m/n/10.95 df_C[] []<-[] []make_growth[][](n_rep,[] []"C"[][],[] [
]mu_time_to_mid[] []=[] []22[][],[] []sd_time[] []=[] []5[][],[] []maxOD[] []=[
] []1.0[][],[] []prop_no_reach[] []=[] []0.08[][])[][] 
 []

[3]
Overfull \hbox (48.15683pt too wide) in paragraph at lines 174--174
[]              []\OT1/cmtt/m/n/10.95 aes[][](time, absorbance,[] []group[] []=
 sample,[] []color[] []= treatment),[][] 
 []


Overfull \hbox (174.62796pt too wide) in paragraph at lines 179--179
[]    []\OT1/cmtt/m/n/10.95 geom_hline[][]([][]yintercept[] []= threshold,[] []
linetype[] []=[] []"dashed"[][],[] []color[] []=[] []"red"[][],[] []linewidth[]
 []=[] []0.8[][])[] []+[][] 
 []


Overfull \hbox (375.83203pt too wide) in paragraph at lines 180--180
[]    []\OT1/cmtt/m/n/10.95 annotate[][]([][]"text"[][],[] []x[] []=[] []max[][
](df_raw[][]$[][]time)[][]*[][]0.7[][],[] []y[] []= threshold[] []+[] []0.04[][
],[] []label[] []=[] []paste0[][]([][]"Threshold = "[][], threshold),[] []color
[] []=[] []"red"[][])[] []+[][] 
 []


Overfull \hbox (65.4029pt too wide) in paragraph at lines 183--183
[]         []\OT1/cmtt/m/n/10.95 title[] []=[] []"Raw Growth Curves by Treatmen
t with Target Threshold"[][])[] []+[][] 
 []

[4]
<figure/rawcurves-1.pdf, id=111, pagebox=cropbox, 505.89pt x 505.89pt>
File: figure/rawcurves-1.pdf Graphic file (type pdf)
<use figure/rawcurves-1.pdf>
Package pdftex.def Info: figure/rawcurves-1.pdf  used on input line 188. on inp
ut line 188.
Package pdftex.def Info: Requested size: 360.0pt x 360.00264pt on input line 18
8.

Overfull \hbox (17.0pt too wide) in paragraph at lines 188--190
[][]
 []

[5 <./figure/rawcurves-1.pdf>]
Overfull \hbox (25.16208pt too wide) in paragraph at lines 206--206
[]        []\OT1/cmtt/m/n/10.95 if[][]([][]length[][](hit_rows)[] []==[] []0[][
])[] []NA_real_[] []else[] []time[[][]min[][](hit_rows)][][] 
 []


Overfull \hbox (107.54475pt too wide) in paragraph at lines 212--212
[]      []\OT1/cmtt/m/n/10.95 status[] []=[] []if_else[][]([][]is.na[][](event_
time),[] []0L[][],[] []1L[][]),[] []\OT1/cmtt/m/it/10.95 # 1=Event Occurred, 0=
Censored[][] 
 []


Overfull \hbox (24.69016pt too wide) in paragraph at lines 237--238
\OT1/cmr/m/n/10.95 old over time. Steeper, ear-lier drops mean faster growth. W
e use `surv.median.line
 []

[6]
Overfull \hbox (48.15683pt too wide) in paragraph at lines 242--242
[][]\OT1/cmtt/m/n/10.95 km_fit[] []<-[] []survfit[][]([][]Surv[][](time, status
)[] []~[] []treatment,[] []data[] []= time_to_event)[][] 
 []


Overfull \hbox (53.90552pt too wide) in paragraph at lines 244--244
[][]\OT1/cmtt/m/n/10.95 ggsurvplot[][](km_fit,[] []data[] []= time_to_event,[] 
[]risk.table[] []=[] []TRUE[][],[] []pval[] []=[] []TRUE[][],[][] 
 []


Overfull \hbox (94.14633pt too wide) in paragraph at lines 247--247
[]           []\OT1/cmtt/m/n/10.95 title[] []=[] []"Kaplan-Meier: Time to Reach
 Absorbance Threshold (OD 0.6)"[][],[][] 
 []

<figure/km-1.pdf, id=128, pagebox=cropbox, 505.89pt x 505.89pt>
File: figure/km-1.pdf Graphic file (type pdf)
<use figure/km-1.pdf>
Package pdftex.def Info: figure/km-1.pdf  used on input line 252. on input line
 252.
Package pdftex.def Info: Requested size: 360.0pt x 360.00264pt on input line 25
2.

Overfull \hbox (17.0pt too wide) in paragraph at lines 252--254
[][]
 []

[7]
Overfull \hbox (122.88977pt too wide) in paragraph at lines 267--267
[][]\OT1/cmtt/m/n/10.95 time_to_event[] []<-[] []time_to_event[] []%>%[] []muta
te[][]([][]treatment[] []=[] []relevel[][](treatment,[] []ref[] []=[] []"A"[][]
))[][] 
 []


Overfull \hbox (25.16208pt too wide) in paragraph at lines 268--268
[][]\OT1/cmtt/m/n/10.95 cox1[] []<-[] []coxph[][]([][]Surv[][](time, status)[] 
[]~[] []treatment,[] []data[] []= time_to_event)[][] 
 []


Overfull \hbox (53.90552pt too wide) in paragraph at lines 291--291
[]\OT1/cmtt/m/n/10.95 ## coxph(formula = Surv(time, status) ~ treatment, data =
 time_to_event)[] 
 []


Overfull \hbox (13.6647pt too wide) in paragraph at lines 291--291
[]\OT1/cmtt/m/n/10.95 ## Signif. codes:  0 ^^M***^^M 0.001 ^^M**^^M 0.01 ^^M*^^
M 0.05 ^^M.^^M 0.1 ^^M ^^M 1[] 
 []

[8 <./figure/km-1.pdf>]
Overfull \hbox (53.90552pt too wide) in paragraph at lines 306--306
[]    []\OT1/cmtt/m/n/10.95 geom_errorbar[][]([][]aes[][]([][]ymin[] []= conf.l
ow,[] []ymax[] []= conf.high),[] []width[] []=[] []0.1[][])[] []+[][] 
 []


Overfull \hbox (36.65945pt too wide) in paragraph at lines 307--307
[]    []\OT1/cmtt/m/n/10.95 geom_hline[][]([][]yintercept[] []=[] []1[][],[] []
linetype[] []=[] []"dashed"[][],[] []color[] []=[] []"blue"[][])[] []+[][] 
 []


Overfull \hbox (266.60696pt too wide) in paragraph at lines 309--309
[]    []\OT1/cmtt/m/n/10.95 labs[][]([][]y[] []=[] []"Hazard Ratio (HR)"[][],[]
 []x[] []=[] []"Coefficient"[][],[] []title[] []=[] []"Cox Model: HR and 95% CI
 (Ref: Treatment A)"[][])[] []+[][] 
 []

<figure/forest-1.pdf, id=146, pagebox=cropbox, 505.89pt x 505.89pt>
File: figure/forest-1.pdf Graphic file (type pdf)
<use figure/forest-1.pdf>
Package pdftex.def Info: figure/forest-1.pdf  used on input line 313. on input 
line 313.
Package pdftex.def Info: Requested size: 360.0pt x 360.00264pt on input line 31
3.

Overfull \hbox (17.0pt too wide) in paragraph at lines 313--315
[][]
 []

[9] [10 <./figure/forest-1.pdf>] [11]
Overfull \hbox (94.14633pt too wide) in paragraph at lines 385--385
[][]\OT1/cmtt/m/n/10.95 logis_model[] []<-[] []glm[][](success[] []~[] []treatm
ent,[] []data[] []= final_data,[] []family[] []=[] []"binomial"[][])[][] 
 []


Overfull \hbox (82.64896pt too wide) in paragraph at lines 410--410
[]\OT1/cmtt/m/n/10.95 ## glm(formula = success ~ treatment, family = "binomial"
, data = final_data)[] 
 []


Overfull \hbox (59.6542pt too wide) in paragraph at lines 421--421
[][]\OT1/cmtt/m/n/10.95 or_results[] []<-[] []tidy[][](logis_model,[] []exponen
tiate[] []=[] []TRUE[][],[] []conf.int[] []=[] []TRUE[][])[] []%>%[][] 
 []


Overfull \hbox (38.5605pt too wide) in paragraph at lines 422--422
[]    []\OT1/cmtt/m/n/10.95 filter[][](term[] []!=[] []"(Intercept)"[][])[] []\
OT1/cmtt/m/it/10.95 # Remove the intercept for the plot[][] 
 []


Overfull \hbox (48.15683pt too wide) in paragraph at lines 426--427
[]\OT1/cmtt/m/n/10.95 ## Warning: glm.fit: fitted probabilities numerically 0 o
r 1 occurred[] 
 []


Overfull \hbox (48.15683pt too wide) in paragraph at lines 428--429
[]\OT1/cmtt/m/n/10.95 ## Warning: glm.fit: fitted probabilities numerically 0 o
r 1 occurred[] 
 []


Overfull \hbox (48.15683pt too wide) in paragraph at lines 430--431
[]\OT1/cmtt/m/n/10.95 ## Warning: glm.fit: fitted probabilities numerically 0 o
r 1 occurred[] 
 []


Overfull \hbox (48.15683pt too wide) in paragraph at lines 432--433
[]\OT1/cmtt/m/n/10.95 ## Warning: glm.fit: fitted probabilities numerically 0 o
r 1 occurred[] 
 []


Overfull \hbox (48.15683pt too wide) in paragraph at lines 434--435
[]\OT1/cmtt/m/n/10.95 ## Warning: glm.fit: fitted probabilities numerically 0 o
r 1 occurred[] 
 []


Overfull \hbox (48.15683pt too wide) in paragraph at lines 436--437
[]\OT1/cmtt/m/n/10.95 ## Warning: glm.fit: fitted probabilities numerically 0 o
r 1 occurred[] 
 []


Overfull \hbox (48.15683pt too wide) in paragraph at lines 438--439
[]\OT1/cmtt/m/n/10.95 ## Warning: glm.fit: fitted probabilities numerically 0 o
r 1 occurred[] 
 []


Overfull \hbox (48.15683pt too wide) in paragraph at lines 440--441
[]\OT1/cmtt/m/n/10.95 ## Warning: glm.fit: fitted probabilities numerically 0 o
r 1 occurred[] 
 []


Overfull \hbox (48.15683pt too wide) in paragraph at lines 442--443
[]\OT1/cmtt/m/n/10.95 ## Warning: glm.fit: fitted probabilities numerically 0 o
r 1 occurred[] 
 []


Overfull \hbox (48.15683pt too wide) in paragraph at lines 444--445
[]\OT1/cmtt/m/n/10.95 ## Warning: glm.fit: fitted probabilities numerically 0 o
r 1 occurred[] 
 []


Overfull \hbox (48.15683pt too wide) in paragraph at lines 446--447
[]\OT1/cmtt/m/n/10.95 ## Warning: glm.fit: fitted probabilities numerically 0 o
r 1 occurred[] 
 []


Overfull \hbox (48.15683pt too wide) in paragraph at lines 448--449
[]\OT1/cmtt/m/n/10.95 ## Warning: glm.fit: fitted probabilities numerically 0 o
r 1 occurred[] 
 []


Overfull \hbox (48.15683pt too wide) in paragraph at lines 450--451
[]\OT1/cmtt/m/n/10.95 ## Warning: glm.fit: fitted probabilities numerically 0 o
r 1 occurred[] 
 []


Overfull \hbox (48.15683pt too wide) in paragraph at lines 452--453
[]\OT1/cmtt/m/n/10.95 ## Warning: glm.fit: fitted probabilities numerically 0 o
r 1 occurred[] 
 []


Overfull \hbox (48.15683pt too wide) in paragraph at lines 454--455
[]\OT1/cmtt/m/n/10.95 ## Warning: glm.fit: fitted probabilities numerically 0 o
r 1 occurred[] 
 []


Overfull \hbox (48.15683pt too wide) in paragraph at lines 456--457
[]\OT1/cmtt/m/n/10.95 ## Warning: glm.fit: fitted probabilities numerically 0 o
r 1 occurred[] 
 []


Overfull \hbox (48.15683pt too wide) in paragraph at lines 458--459
[]\OT1/cmtt/m/n/10.95 ## Warning: glm.fit: fitted probabilities numerically 0 o
r 1 occurred[] 
 []


Overfull \hbox (48.15683pt too wide) in paragraph at lines 460--461
[]\OT1/cmtt/m/n/10.95 ## Warning: glm.fit: fitted probabilities numerically 0 o
r 1 occurred[] 
 []


Overfull \hbox (48.15683pt too wide) in paragraph at lines 462--463
[]\OT1/cmtt/m/n/10.95 ## Warning: glm.fit: fitted probabilities numerically 0 o
r 1 occurred[] 
 []


Overfull \hbox (48.15683pt too wide) in paragraph at lines 464--465
[]\OT1/cmtt/m/n/10.95 ## Warning: glm.fit: fitted probabilities numerically 0 o
r 1 occurred[] 
 []


Overfull \hbox (48.15683pt too wide) in paragraph at lines 466--467
[]\OT1/cmtt/m/n/10.95 ## Warning: glm.fit: fitted probabilities numerically 0 o
r 1 occurred[] 
 []


Overfull \hbox (48.15683pt too wide) in paragraph at lines 468--469
[]\OT1/cmtt/m/n/10.95 ## Warning: glm.fit: fitted probabilities numerically 0 o
r 1 occurred[] 
 []


Overfull \hbox (48.15683pt too wide) in paragraph at lines 470--471
[]\OT1/cmtt/m/n/10.95 ## Warning: glm.fit: fitted probabilities numerically 0 o
r 1 occurred[] 
 []


Overfull \hbox (48.15683pt too wide) in paragraph at lines 472--473
[]\OT1/cmtt/m/n/10.95 ## Warning: glm.fit: fitted probabilities numerically 0 o
r 1 occurred[] 
 []


Overfull \hbox (48.15683pt too wide) in paragraph at lines 474--475
[]\OT1/cmtt/m/n/10.95 ## Warning: glm.fit: fitted probabilities numerically 0 o
r 1 occurred[] 
 []


Overfull \hbox (48.15683pt too wide) in paragraph at lines 476--477
[]\OT1/cmtt/m/n/10.95 ## Warning: glm.fit: fitted probabilities numerically 0 o
r 1 occurred[] 
 []


Overfull \hbox (48.15683pt too wide) in paragraph at lines 478--479
[]\OT1/cmtt/m/n/10.95 ## Warning: glm.fit: fitted probabilities numerically 0 o
r 1 occurred[] 
 []


Overfull \hbox (48.15683pt too wide) in paragraph at lines 480--481
[]\OT1/cmtt/m/n/10.95 ## Warning: glm.fit: fitted probabilities numerically 0 o
r 1 occurred[] 
 []


Overfull \hbox (48.15683pt too wide) in paragraph at lines 482--483
[]\OT1/cmtt/m/n/10.95 ## Warning: glm.fit: fitted probabilities numerically 0 o
r 1 occurred[] 
 []


Overfull \hbox (48.15683pt too wide) in paragraph at lines 484--485
[]\OT1/cmtt/m/n/10.95 ## Warning: glm.fit: fitted probabilities numerically 0 o
r 1 occurred[] 
 []


Overfull \hbox (48.15683pt too wide) in paragraph at lines 486--487
[]\OT1/cmtt/m/n/10.95 ## Warning: glm.fit: fitted probabilities numerically 0 o
r 1 occurred[] 
 []


Overfull \hbox (48.15683pt too wide) in paragraph at lines 488--489
[]\OT1/cmtt/m/n/10.95 ## Warning: glm.fit: fitted probabilities numerically 0 o
r 1 occurred[] 
 []


Overfull \hbox (48.15683pt too wide) in paragraph at lines 490--491
[]\OT1/cmtt/m/n/10.95 ## Warning: glm.fit: fitted probabilities numerically 0 o
r 1 occurred[] 
 []


Overfull \hbox (48.15683pt too wide) in paragraph at lines 492--493
[]\OT1/cmtt/m/n/10.95 ## Warning: glm.fit: fitted probabilities numerically 0 o
r 1 occurred[] 
 []


Overfull \hbox (48.15683pt too wide) in paragraph at lines 494--495
[]\OT1/cmtt/m/n/10.95 ## Warning: glm.fit: fitted probabilities numerically 0 o
r 1 occurred[] 
 []


Overfull \hbox (48.15683pt too wide) in paragraph at lines 496--497
[]\OT1/cmtt/m/n/10.95 ## Warning: glm.fit: fitted probabilities numerically 0 o
r 1 occurred[] 
 []


Overfull \hbox (48.15683pt too wide) in paragraph at lines 498--499
[]\OT1/cmtt/m/n/10.95 ## Warning: glm.fit: fitted probabilities numerically 0 o
r 1 occurred[] 
 []


Overfull \hbox (48.15683pt too wide) in paragraph at lines 500--501
[]\OT1/cmtt/m/n/10.95 ## Warning: glm.fit: fitted probabilities numerically 0 o
r 1 occurred[] 
 []


Overfull \hbox (48.15683pt too wide) in paragraph at lines 502--503
[]\OT1/cmtt/m/n/10.95 ## Warning: glm.fit: fitted probabilities numerically 0 o
r 1 occurred[] 
 []


Overfull \hbox (48.15683pt too wide) in paragraph at lines 504--505
[]\OT1/cmtt/m/n/10.95 ## Warning: glm.fit: fitted probabilities numerically 0 o
r 1 occurred[] 
 []


Overfull \hbox (48.15683pt too wide) in paragraph at lines 506--507
[]\OT1/cmtt/m/n/10.95 ## Warning: glm.fit: fitted probabilities numerically 0 o
r 1 occurred[] 
 []


Overfull \hbox (48.15683pt too wide) in paragraph at lines 508--509
[]\OT1/cmtt/m/n/10.95 ## Warning: glm.fit: fitted probabilities numerically 0 o
r 1 occurred[] 
 []


Overfull \hbox (48.15683pt too wide) in paragraph at lines 510--511
[]\OT1/cmtt/m/n/10.95 ## Warning: glm.fit: fitted probabilities numerically 0 o
r 1 occurred[] 
 []


Overfull \hbox (48.15683pt too wide) in paragraph at lines 512--513
[]\OT1/cmtt/m/n/10.95 ## Warning: glm.fit: fitted probabilities numerically 0 o
r 1 occurred[] 
 []


Overfull \hbox (48.15683pt too wide) in paragraph at lines 514--515
[]\OT1/cmtt/m/n/10.95 ## Warning: glm.fit: fitted probabilities numerically 0 o
r 1 occurred[] 
 []


Overfull \hbox (48.15683pt too wide) in paragraph at lines 516--517
[]\OT1/cmtt/m/n/10.95 ## Warning: glm.fit: fitted probabilities numerically 0 o
r 1 occurred[] 
 []


Overfull \hbox (7.91602pt too wide) in paragraph at lines 518--519
[]\OT1/cmtt/m/n/10.95 ## Warning in regularize.values(x, y, ties, missing(ties)
, na.rm
 []


Overfull \hbox (13.6647pt too wide) in paragraph at lines 520--520
[]\OT1/cmtt/m/n/10.95 ## Error in approx(sp$y, sp$x, xout = cutoff): need at le
ast two
 []


Overfull \hbox (53.90552pt too wide) in paragraph at lines 523--523
[]    []\OT1/cmtt/m/n/10.95 geom_errorbar[][]([][]aes[][]([][]ymin[] []= conf.l
ow,[] []ymax[] []= conf.high),[] []width[] []=[] []0.1[][])[] []+[][] 
 []


Overfull \hbox (36.65945pt too wide) in paragraph at lines 524--524
[]    []\OT1/cmtt/m/n/10.95 geom_hline[][]([][]yintercept[] []=[] []1[][],[] []
linetype[] []=[] []"dashed"[][],[] []color[] []=[] []"blue"[][])[] []+[][] 
 []


Overfull \hbox (352.83728pt too wide) in paragraph at lines 526--526
[]    []\OT1/cmtt/m/n/10.95 labs[][]([][]y[] []=[] []"Odds Ratio (OR)"[][],[] [
]x[] []=[] []"Coefficient"[][],[] []title[] []=[] []"Logistic Model: Odds of Su
ccess at 72 hrs (Ref: Treatment A)"[][])[] []+[][] 
 []


Overfull \hbox (29.30113pt too wide) in paragraph at lines 531--531
[]\OT1/cmtt/m/n/10.95 ## Error in ggplot(or[]results, aes(x = term, y = estimat
e)): object
 []

[12] [13]
Package atveryend Info: Empty hook `BeforeClearDocument' on input line 534.
 [14]
Package atveryend Info: Empty hook `AfterLastShipout' on input line 534.
 (./Marcs_Survival_Handout_v3.aux)
Package atveryend Info: Executing hook `AtVeryEndDocument' on input line 534.
Package atveryend Info: Executing hook `AtEndAfterFileList' on input line 534.
Package rerunfilecheck Info: File `Marcs_Survival_Handout_v3.out' has not chang
ed.
(rerunfilecheck)             Checksum: FE019005C255BFE43EE28A44DEF3AF33;1272.
Package atveryend Info: Empty hook `AtVeryVeryEnd' on input line 534.
 ) 
Here is how much of TeX's memory you used:
 6301 strings out of 494917
 90368 string characters out of 6180699
 183066 words of memory out of 5000000
 9523 multiletter control sequences out of 15000+600000
 10045 words of font info for 37 fonts, out of 8000000 for 9000
 14 hyphenation exceptions out of 8191
 28i,9n,35p,746b,380s stack positions out of 5000i,500n,10000p,200000b,80000s
</usr/share/texlive/texmf-dist/fonts/type1/public/amsfonts/cm/cmbx10.pfb></us
r/share/texlive/texmf-dist/fonts/type1/public/amsfonts/cm/cmbx12.pfb></usr/shar
e/texlive/texmf-dist/fonts/type1/public/amsfonts/cm/cmitt10.pfb></usr/share/tex
live/texmf-dist/fonts/type1/public/amsfonts/cm/cmmi10.pfb></usr/share/texlive/t
exmf-dist/fonts/type1/public/amsfonts/cm/cmr10.pfb></usr/share/texlive/texmf-di
st/fonts/type1/public/amsfonts/cm/cmr12.pfb></usr/share/texlive/texmf-dist/font
s/type1/public/amsfonts/cm/cmr17.pfb></usr/share/texlive/texmf-dist/fonts/type1
/public/amsfonts/cm/cmsy10.pfb></usr/share/texlive/texmf-dist/fonts/type1/publi
c/amsfonts/cm/cmtt10.pfb>
Output written on Marcs_Survival_Handout_v3.pdf (14 pages, 165032 bytes).
PDF statistics:
 217 PDF objects out of 1000 (max. 8388607)
 184 compressed objects within 2 object streams
 32 named destinations out of 1000 (max. 500000)
 144 words of extra memory for PDF output out of 10000 (max. 10000000)

