This is pdfTeX, Version 3.14159265-2.6-1.40.19 (TeX Live 2018) (preloaded format=pdflatex 2023.6.21)  19 NOV 2025 18:05
entering extended mode
 restricted \write18 enabled.
 %&-line parsing enabled.
**Marcs_Survival_Handout_v5.tex
(./Marcs_Survival_Handout_v5.tex
LaTeX2e <2017-04-15>
Babel <3.17> and hyphenation patterns for 3 language(s) loaded.
(/usr/share/texlive/texmf-dist/tex/latex/base/article.cls
Document Class: article 2014/09/29 v1.4h Standard LaTeX document class
(/usr/share/texlive/texmf-dist/tex/latex/base/size10.clo
File: size10.clo 2014/09/29 v1.4h Standard LaTeX file (size option)
)
\c@part=\count79
\c@section=\count80
\c@subsection=\count81
\c@subsubsection=\count82
\c@paragraph=\count83
\c@subparagraph=\count84
\c@figure=\count85
\c@table=\count86
\abovecaptionskip=\skip41
\belowcaptionskip=\skip42
\bibindent=\dimen102
)
(/usr/share/texlive/texmf-dist/tex/latex/graphics/graphicx.sty
Package: graphicx 2017/06/01 v1.1a Enhanced LaTeX Graphics (DPC,SPQR)

(/usr/share/texlive/texmf-dist/tex/latex/graphics/keyval.sty
Package: keyval 2014/10/28 v1.15 key=value parser (DPC)
\KV@toks@=\toks14
)
(/usr/share/texlive/texmf-dist/tex/latex/graphics/graphics.sty
Package: graphics 2017/06/25 v1.2c Standard LaTeX Graphics (DPC,SPQR)

(/usr/share/texlive/texmf-dist/tex/latex/graphics/trig.sty
Package: trig 2016/01/03 v1.10 sin cos tan (DPC)
)
(/usr/share/texlive/texmf-dist/tex/latex/graphics-cfg/graphics.cfg
File: graphics.cfg 2016/06/04 v1.11 sample graphics configuration
)
Package graphics Info: Driver file: pdftex.def on input line 99.

(/usr/share/texlive/texmf-dist/tex/latex/graphics-def/pdftex.def
File: pdftex.def 2017/06/24 v1.0g Graphics/color driver for pdftex
))
\Gin@req@height=\dimen103
\Gin@req@width=\dimen104
)
(/usr/share/texlive/texmf-dist/tex/latex/xcolor/xcolor.sty
Package: xcolor 2016/05/11 v2.12 LaTeX color extensions (UK)

(/usr/share/texlive/texmf-dist/tex/latex/graphics-cfg/color.cfg
File: color.cfg 2016/01/02 v1.6 sample color configuration
)
Package xcolor Info: Driver file: pdftex.def on input line 225.
Package xcolor Info: Model `cmy' substituted by `cmy0' on input line 1348.
Package xcolor Info: Model `hsb' substituted by `rgb' on input line 1352.
Package xcolor Info: Model `RGB' extended on input line 1364.
Package xcolor Info: Model `HTML' substituted by `rgb' on input line 1366.
Package xcolor Info: Model `Hsb' substituted by `hsb' on input line 1367.
Package xcolor Info: Model `tHsb' substituted by `hsb' on input line 1368.
Package xcolor Info: Model `HSB' substituted by `hsb' on input line 1369.
Package xcolor Info: Model `Gray' substituted by `gray' on input line 1370.
Package xcolor Info: Model `wave' substituted by `hsb' on input line 1371.
)
(/usr/share/texlive/texmf-dist/tex/latex/framed/framed.sty
Package: framed 2011/10/22 v 0.96: framed or shaded text with page breaks
\OuterFrameSep=\skip43
\fb@frw=\dimen105
\fb@frh=\dimen106
\FrameRule=\dimen107
\FrameSep=\dimen108
)
(/usr/share/texlive/texmf-dist/tex/latex/base/alltt.sty
Package: alltt 1997/06/16 v2.0g defines alltt environment
)
(/usr/share/texlive/texmf-dist/tex/latex/upquote/upquote.sty
Package: upquote 2012/04/19 v1.3 upright-quote and grave-accent glyphs in verba
tim
)
(./Marcs_Survival_Handout_v5.aux)
\openout1 = `Marcs_Survival_Handout_v5.aux'.

LaTeX Font Info:    Checking defaults for OML/cmm/m/it on input line 57.
LaTeX Font Info:    ... okay on input line 57.
LaTeX Font Info:    Checking defaults for T1/cmr/m/n on input line 57.
LaTeX Font Info:    ... okay on input line 57.
LaTeX Font Info:    Checking defaults for OT1/cmr/m/n on input line 57.
LaTeX Font Info:    ... okay on input line 57.
LaTeX Font Info:    Checking defaults for OMS/cmsy/m/n on input line 57.
LaTeX Font Info:    ... okay on input line 57.
LaTeX Font Info:    Checking defaults for OMX/cmex/m/n on input line 57.
LaTeX Font Info:    ... okay on input line 57.
LaTeX Font Info:    Checking defaults for U/cmr/m/n on input line 57.
LaTeX Font Info:    ... okay on input line 57.

(/usr/share/texlive/texmf-dist/tex/context/base/mkii/supp-pdf.mkii
[Loading MPS to PDF converter (version 2006.09.02).]
\scratchcounter=\count87
\scratchdimen=\dimen109
\scratchbox=\box26
\nofMPsegments=\count88
\nofMParguments=\count89
\everyMPshowfont=\toks15
\MPscratchCnt=\count90
\MPscratchDim=\dimen110
\MPnumerator=\count91
\makeMPintoPDFobject=\count92
\everyMPtoPDFconversion=\toks16
) (/usr/share/texlive/texmf-dist/tex/latex/oberdiek/epstopdf-base.sty
Package: epstopdf-base 2016/05/15 v2.6 Base part for package epstopdf

(/usr/share/texlive/texmf-dist/tex/generic/oberdiek/infwarerr.sty
Package: infwarerr 2016/05/16 v1.4 Providing info/warning/error messages (HO)
)
(/usr/share/texlive/texmf-dist/tex/latex/oberdiek/grfext.sty
Package: grfext 2016/05/16 v1.2 Manage graphics extensions (HO)

(/usr/share/texlive/texmf-dist/tex/generic/oberdiek/kvdefinekeys.sty
Package: kvdefinekeys 2016/05/16 v1.4 Define keys (HO)

(/usr/share/texlive/texmf-dist/tex/generic/oberdiek/ltxcmds.sty
Package: ltxcmds 2016/05/16 v1.23 LaTeX kernel commands for general use (HO)
)))
(/usr/share/texlive/texmf-dist/tex/latex/oberdiek/kvoptions.sty
Package: kvoptions 2016/05/16 v3.12 Key value format for package options (HO)

(/usr/share/texlive/texmf-dist/tex/generic/oberdiek/kvsetkeys.sty
Package: kvsetkeys 2016/05/16 v1.17 Key value parser (HO)

(/usr/share/texlive/texmf-dist/tex/generic/oberdiek/etexcmds.sty
Package: etexcmds 2016/05/16 v1.6 Avoid name clashes with e-TeX commands (HO)

(/usr/share/texlive/texmf-dist/tex/generic/oberdiek/ifluatex.sty
Package: ifluatex 2016/05/16 v1.4 Provides the ifluatex switch (HO)
Package ifluatex Info: LuaTeX not detected.
)
Package etexcmds Info: Could not find \expanded.
(etexcmds)             That can mean that you are not using pdfTeX 1.50 or
(etexcmds)             that some package has redefined \expanded.
(etexcmds)             In the latter case, load this package earlier.
)))
(/usr/share/texlive/texmf-dist/tex/generic/oberdiek/pdftexcmds.sty
Package: pdftexcmds 2017/03/19 v0.25 Utility functions of pdfTeX for LuaTeX (HO
)

(/usr/share/texlive/texmf-dist/tex/generic/oberdiek/ifpdf.sty
Package: ifpdf 2017/03/15 v3.2 Provides the ifpdf switch
)
Package pdftexcmds Info: LuaTeX not detected.
Package pdftexcmds Info: \pdf@primitive is available.
Package pdftexcmds Info: \pdf@ifprimitive is available.
Package pdftexcmds Info: \pdfdraftmode found.
)
Package epstopdf-base Info: Redefining graphics rule for `.eps' on input line 4
38.
Package grfext Info: Graphics extension search list:
(grfext)             [.pdf,.png,.jpg,.mps,.jpeg,.jbig2,.jb2,.PDF,.PNG,.JPG,.JPE
G,.JBIG2,.JB2,.eps]
(grfext)             \AppendGraphicsExtensions on input line 456.

(/usr/share/texlive/texmf-dist/tex/latex/latexconfig/epstopdf-sys.cfg
File: epstopdf-sys.cfg 2010/07/13 v1.3 Configuration of (r)epstopdf for TeX Liv
e
))
LaTeX Font Info:    External font `cmex10' loaded for size
(Font)              <12> on input line 59.
LaTeX Font Info:    External font `cmex10' loaded for size
(Font)              <8> on input line 59.
LaTeX Font Info:    External font `cmex10' loaded for size
(Font)              <6> on input line 59.
Missing character: There is no ‚ in font cmr10!
Missing character: There is no Ä in font cmr10!
Missing character: There is no ì in font cmr10!
LaTeX Font Info:    Try loading font information for OMS+cmr on input line 74.

(/usr/share/texlive/texmf-dist/tex/latex/base/omscmr.fd
File: omscmr.fd 2014/09/29 v2.5h Standard LaTeX font definitions
)
LaTeX Font Info:    Font shape `OMS/cmr/m/n' in size <10> not available
(Font)              Font shape `OMS/cmsy/m/n' tried instead on input line 74.

(./Marcs_Survival_Handout_v5.toc
LaTeX Font Info:    External font `cmex10' loaded for size
(Font)              <7> on input line 4.
LaTeX Font Info:    External font `cmex10' loaded for size
(Font)              <5> on input line 4.
 [1

{/usr/share/texlive/texmf-dist/fonts/map/pdftex/updmap/pdftex.map}]
Missing character: There is no ‚ in font cmr10!
Missing character: There is no Ä in font cmr10!
Missing character: There is no î in font cmr10!
Missing character: There is no ‚ in font cmr10!
Missing character: There is no Ä in font cmr10!
Missing character: There is no î in font cmr10!
Missing character: There is no ‚ in font cmr10!
Missing character: There is no Ä in font cmr10!
Missing character: There is no ì in font cmr10!
)
\tf@toc=\write3
\openout3 = `Marcs_Survival_Handout_v5.toc'.

 [2] [3]
LaTeX Font Info:    Font shape `OT1/cmtt/bx/n' in size <10> not available
(Font)              Font shape `OT1/cmtt/m/n' tried instead on input line 151.
Missing character: There is no ‚ in font cmbx12!
Missing character: There is no Ä in font cmbx12!
Missing character: There is no î in font cmbx12!
 [4]
Missing character: There is no ‚ in font cmbx12!
Missing character: There is no Ä in font cmbx12!
Missing character: There is no î in font cmbx12!
LaTeX Font Info:    Try loading font information for OMS+cmtt on input line 201
.

(/opt/R/4.2.2/lib64/R/share/texmf/tex/latex/omscmtt.fd
File: omscmtt.fd 
)
LaTeX Font Info:    Font shape `OMS/cmtt/m/n' in size <10> not available
(Font)              Font shape `OMS/cmsy/m/n' tried instead on input line 201.

Overfull \hbox (242.74493pt too wide) in paragraph at lines 201--201
[][]\OT1/cmtt/m/n/10 make_growth[] []<-[] []function[][]([][]n[][],[] []treatme
nt_label[][],[] []mu_time_to_mid[] []=[] []30[][],[] []sd_time[] []=[] []6[][],
[] []maxOD[] []=[] []1.2[][],[] []prop_no_reach[] []=[] []0.1[][])\OMS/cmsy/m/n
/10 f[][] 
 []


Overfull \hbox (87.23236pt too wide) in paragraph at lines 208--208
[]      []\OT1/cmtt/m/it/10 # for a small proportion, set very slow growth so t
hey won^^Mt reach threshold[][] 
 []


Overfull \hbox (13.733pt too wide) in paragraph at lines 218--218
[]      []\OT1/cmtt/m/it/10 # generate an underlying logistic-like growth curve
 with noise[][] 
 []


Overfull \hbox (32.9967pt too wide) in paragraph at lines 219--219
[]      []\OT1/cmtt/m/n/10 mu[] []=[] []plogis[][]((time[] []-[] []rnorm[][]([]
[]1[][], mu_time_to_mid, sd_time))[][]/[][]7[][])[] []*[] []maxOD,[][] 
 []


Overfull \hbox (179.99542pt too wide) in paragraph at lines 227--227
[][]\OT1/cmtt/m/n/10 df_A[] []<-[] []make_growth[][](n_rep,[] []"A"[][],[] []mu
_time_to_mid[] []=[] []28[][],[] []sd_time[] []=[] []6[][],[] []maxOD[] []=[] [
]1.1[][],[] []prop_no_reach[] []=[] []0.05[][])[][] 
 []


Overfull \hbox (185.24538pt too wide) in paragraph at lines 228--228
[][]\OT1/cmtt/m/n/10 df_B[] []<-[] []make_growth[][](n_rep,[] []"B"[][],[] []mu
_time_to_mid[] []=[] []34[][],[] []sd_time[] []=[] []7[][],[] []maxOD[] []=[] [
]1.15[][],[] []prop_no_reach[] []=[] []0.12[][])[][] 
 []


Overfull \hbox (179.99542pt too wide) in paragraph at lines 229--229
[][]\OT1/cmtt/m/n/10 df_C[] []<-[] []make_growth[][](n_rep,[] []"C"[][],[] []mu
_time_to_mid[] []=[] []22[][],[] []sd_time[] []=[] []5[][],[] []maxOD[] []=[] [
]1.0[][],[] []prop_no_reach[] []=[] []0.08[][])[][] 
 []

[5] [6]
Overfull \hbox (66.23254pt too wide) in paragraph at lines 274--274
[][]\OT1/cmtt/m/it/10 # Step 2: create a time-to-event dataset where the event 
is "experiment ended"[][] 
 []


Overfull \hbox (87.23236pt too wide) in paragraph at lines 275--275
[][]\OT1/cmtt/m/it/10 # All samples have the same event time (the end) and all 
are censored (status = 0)[][] 
 []


Overfull \hbox (71.4825pt too wide) in paragraph at lines 281--281
[]    []\OT1/cmtt/m/n/10 status[] []=[] []0L[][],[]      []\OT1/cmtt/m/it/10 # 
0 = censored, because the event never actually happened[][] 
 []

Missing character: There is no ‚ in font cmr10!
Missing character: There is no Ä in font cmr10!
Missing character: There is no ú in font cmr10!
Missing character: There is no ‚ in font cmr10!
Missing character: There is no Ä in font cmr10!
Missing character: There is no ù in font cmr10!
Missing character: There is no ‚ in font cmr10!
Missing character: There is no Ä in font cmr10!
Missing character: There is no ú in font cmr10!
Missing character: There is no ‚ in font cmr10!
Missing character: There is no Ä in font cmr10!
Missing character: There is no ù in font cmr10!
Missing character: There is no ‚ in font cmr10!
Missing character: There is no Ä in font cmr10!
Missing character: There is no ú in font cmr10!
Missing character: There is no ‚ in font cmr10!
Missing character: There is no Ä in font cmr10!
Missing character: There is no ù in font cmr10!
[7]
Missing character: There is no ‚ in font cmr10!
Missing character: There is no Ä in font cmr10!
Missing character: There is no ô in font cmr10!
Missing character: There is no ‚ in font cmr10!
Missing character: There is no Ä in font cmr10!
Missing character: There is no ì in font cmr10!

Overfull \hbox (27.74675pt too wide) in paragraph at lines 335--335
[][]\OT1/cmtt/m/n/10 km_fit[] []<-[] []survfit[][]([][]Surv[][](time, status)[]
 []~[] []treatment,[] []data[] []= time_to_event)[][] 
 []


Overfull \hbox (43.49661pt too wide) in paragraph at lines 341--341
[]           []\OT1/cmtt/m/n/10 title[] []=[] []"Survival curves where experime
nt-ending is censoring"[][])[][] 
 []

<figure/unnamed-chunk-2-1.pdf, id=34, pagebox=cropbox, 505.89pt x 505.89pt>
File: figure/unnamed-chunk-2-1.pdf Graphic file (type pdf)
<use figure/unnamed-chunk-2-1.pdf>
Package pdftex.def Info: figure/unnamed-chunk-2-1.pdf  used on input line 344. 
on input line 344.
Package pdftex.def Info: Requested size: 345.0pt x 345.00414pt on input line 34
4.

Overfull \hbox (15.0pt too wide) in paragraph at lines 344--346
[][]
 []

[8 <./figure/unnamed-chunk-2-1.pdf>]
Missing character: There is no ‚ in font cmr10!
Missing character: There is no Ä in font cmr10!
Missing character: There is no ú in font cmr10!
Missing character: There is no ‚ in font cmr10!
Missing character: There is no Ä in font cmr10!
Missing character: There is no ù in font cmr10!
Missing character: There is no ‚ in font cmr10!
Missing character: There is no Ä in font cmr10!
Missing character: There is no î in font cmr10!

Overfull \hbox (8.48305pt too wide) in paragraph at lines 357--357
[][]\OT1/cmtt/m/it/10 # spaghetti plot: individual curves (light) + treatment m
ean (bold)[][] 
 []


Overfull \hbox (17.24684pt too wide) in paragraph at lines 364--364
[]            []\OT1/cmtt/m/n/10 aes[][](time, absorbance,[] []group[] []= samp
le,[] []color[] []= treatment),[][] 
 []

<figure/raw-curves-1.pdf, id=46, pagebox=cropbox, 505.89pt x 505.89pt>
File: figure/raw-curves-1.pdf Graphic file (type pdf)
<use figure/raw-curves-1.pdf>
Package pdftex.def Info: figure/raw-curves-1.pdf  used on input line 377. on in
put line 377.
Package pdftex.def Info: Requested size: 345.0pt x 345.00414pt on input line 37
7.

Overfull \hbox (15.0pt too wide) in paragraph at lines 377--379
[][]
 []

[9]
Overfull \hbox (129.232pt too wide) in paragraph at lines 401--401
[]    []\OT1/cmtt/m/n/10 status[] []=[] []if_else[][]([][]is.na[][](event_time)
,[] []0L[][],[] []1L[][]),[]        []\OT1/cmtt/m/it/10 # 1 = event observed, 0
 = censored[][] 
 []

[10 <./figure/raw-curves-1.pdf>]
Overfull \hbox (227.24501pt too wide) in paragraph at lines 425--425
[]  []\OT1/cmtt/m/n/10 annotate[][]([][]"text"[][],[] []x[] []=[] []max[][](df_
raw[][]$[][]time)[][]*[][]0.7[][],[] []y[] []= threshold[] []+[] []0.04[][],[] 
[]label[] []=[] []paste0[][]([][]"threshold = "[][], threshold))[][] 
 []

<figure/threshold-plot-1.pdf, id=61, pagebox=cropbox, 505.89pt x 505.89pt>
File: figure/threshold-plot-1.pdf Graphic file (type pdf)
<use figure/threshold-plot-1.pdf>
Package pdftex.def Info: figure/threshold-plot-1.pdf  used on input line 428. o
n input line 428.
Package pdftex.def Info: Requested size: 345.0pt x 345.00414pt on input line 42
8.

Overfull \hbox (15.0pt too wide) in paragraph at lines 428--430
[][]
 []

[11]
Missing character: There is no ‚ in font cmbx12!
Missing character: There is no Ä in font cmbx12!
Missing character: There is no ì in font cmbx12!
Missing character: There is no ‚ in font cmr10!
Missing character: There is no Ä in font cmr10!
Missing character: There is no ì in font cmr10!

Overfull \hbox (27.74675pt too wide) in paragraph at lines 438--438
[][]\OT1/cmtt/m/n/10 km_fit[] []<-[] []survfit[][]([][]Surv[][](time, status)[]
 []~[] []treatment,[] []data[] []= time_to_event)[][] 
 []


Overfull \hbox (74.99634pt too wide) in paragraph at lines 461--461
[]\OT1/cmtt/m/n/10 ## Call: survfit(formula = Surv(time, status) ~ treatment, d
ata = time_to_event)[] 
 []


Overfull \hbox (1.49698pt too wide) in paragraph at lines 461--461
[]\OT1/cmtt/m/n/10 ##  time n.risk n.event survival std.err lower 95% CI upper 
95% CI[] 
 []


Overfull \hbox (1.49698pt too wide) in paragraph at lines 461--461
[]\OT1/cmtt/m/n/10 ##    24     10       2      0.8   0.126        0.587       
 1.000[] 
 []


Overfull \hbox (1.49698pt too wide) in paragraph at lines 461--461
[]\OT1/cmtt/m/n/10 ##    32      8       4      0.4   0.155        0.187       
 0.855[] 
 []


Overfull \hbox (1.49698pt too wide) in paragraph at lines 461--461
[]\OT1/cmtt/m/n/10 ##    40      4       4      0.0     NaN           NA       
    NA[] 
 []


Overfull \hbox (1.49698pt too wide) in paragraph at lines 461--461
[]\OT1/cmtt/m/n/10 ##  time n.risk n.event survival std.err lower 95% CI upper 
95% CI[] 
 []


Overfull \hbox (1.49698pt too wide) in paragraph at lines 461--461
[]\OT1/cmtt/m/n/10 ##    24     10       1      0.9  0.0949       0.7320       
 1.000[] 
 []


Overfull \hbox (1.49698pt too wide) in paragraph at lines 461--461
[]\OT1/cmtt/m/n/10 ##    32      9       8      0.1  0.0949       0.0156       
 0.642[] 
 []


Overfull \hbox (1.49698pt too wide) in paragraph at lines 461--461
[]\OT1/cmtt/m/n/10 ##    40      1       1      0.0     NaN           NA       
    NA[] 
 []


Overfull \hbox (1.49698pt too wide) in paragraph at lines 461--461
[]\OT1/cmtt/m/n/10 ##  time n.risk n.event survival std.err lower 95% CI upper 
95% CI[] 
 []


Overfull \hbox (1.49698pt too wide) in paragraph at lines 461--461
[]\OT1/cmtt/m/n/10 ##    24     10       7      0.3  0.1449       0.1164       
 0.773[] 
 []


Overfull \hbox (1.49698pt too wide) in paragraph at lines 461--461
[]\OT1/cmtt/m/n/10 ##    32      3       2      0.1  0.0949       0.0156       
 0.642[] 
 []


Overfull \hbox (1.49698pt too wide) in paragraph at lines 461--461
[]\OT1/cmtt/m/n/10 ##    40      1       1      0.0     NaN           NA       
    NA[] 
 []


Overfull \hbox (32.9967pt too wide) in paragraph at lines 463--463
[][]\OT1/cmtt/m/n/10 ggsurvplot[][](km_fit,[] []data[] []= time_to_event,[] []r
isk.table[] []=[] []TRUE[][],[] []pval[] []=[] []TRUE[][],[][] 
 []

Missing character: There is no ‚ in font cmtt10!
Missing character: There is no Ä in font cmtt10!
Missing character: There is no ì in font cmtt10!

Overfull \hbox (85.49625pt too wide) in paragraph at lines 465--465
[]           []\OT1/cmtt/m/n/10 title[] []=[] []"KaplanMeier: time to reach abs
orbance threshold by treatment"[][],[][] 
 []

[12 <./figure/threshold-plot-1.pdf>]
<figure/km-fit-1.pdf, id=76, pagebox=cropbox, 505.89pt x 505.89pt>
File: figure/km-fit-1.pdf Graphic file (type pdf)
<use figure/km-fit-1.pdf>
Package pdftex.def Info: figure/km-fit-1.pdf  used on input line 469. on input 
line 469.
Package pdftex.def Info: Requested size: 345.0pt x 345.00414pt on input line 46
9.

Overfull \hbox (15.0pt too wide) in paragraph at lines 469--471
[][]
 []

[13]
Overfull \hbox (38.24666pt too wide) in paragraph at lines 481--481
[][]\OT1/cmtt/m/n/10 logrank[] []<-[] []survdiff[][]([][]Surv[][](time, status)
[] []~[] []treatment,[] []data[] []= time_to_event)[][] 
 []


Overfull \hbox (48.74657pt too wide) in paragraph at lines 494--494
[]\OT1/cmtt/m/n/10 ## survdiff(formula = Surv(time, status) ~ treatment, data =
 time_to_event)[] 
 []

[14 <./figure/km-fit-1.pdf>]
Overfull \hbox (8.334pt too wide) in paragraph at lines 508--509
\OT1/cmr/m/n/10 com-pute pair-wise log-rank tests and ad-just p-values us-ing t
he Benjamini-Hochberg
 []


Overfull \hbox (111.74602pt too wide) in paragraph at lines 514--514
[][]\OT1/cmtt/m/n/10 pairwise_res[] []<-[] []pairwise_survdiff[][]([][]Surv[][]
(time, status)[] []~[] []treatment,[] []data[] []= time_to_event)[][] 
 []

[15]
Overfull \hbox (95.99615pt too wide) in paragraph at lines 550--550
[][]\OT1/cmtt/m/n/10 time_to_event[] []<-[] []time_to_event[] []%>%[] []mutate[
][]([][]treatment[] []=[] []relevel[][](treatment,[] []ref[] []=[] []"A"[][]))[
][] 
 []


Overfull \hbox (6.74693pt too wide) in paragraph at lines 551--551
[][]\OT1/cmtt/m/n/10 cox1[] []<-[] []coxph[][]([][]Surv[][](time, status)[] []~
[] []treatment,[] []data[] []= time_to_event)[][] 
 []


Overfull \hbox (32.9967pt too wide) in paragraph at lines 574--574
[]\OT1/cmtt/m/n/10 ## coxph(formula = Surv(time, status) ~ treatment, data = ti
me_to_event)[] 
 []

[16]
Overfull \hbox (27.74675pt too wide) in paragraph at lines 618--618
[]\OT1/cmtt/m/n/10 ##   term       estimate std.error statistic p.value conf.lo
w conf.high[] 
 []


Overfull \hbox (27.74675pt too wide) in paragraph at lines 618--618
[]\OT1/cmtt/m/n/10 ##   <chr>         <dbl>     <dbl>     <dbl>   <dbl>    <dbl
>     <dbl>[] 
 []


Overfull \hbox (27.74675pt too wide) in paragraph at lines 618--618
[]\OT1/cmtt/m/n/10 ## 1 treatmentB     1.46     0.459     0.825  0.409     0.59
4      3.59[] 
 []


Overfull \hbox (27.74675pt too wide) in paragraph at lines 618--618
[]\OT1/cmtt/m/n/10 ## 2 treatmentC     2.53     0.455     2.04   0.0411    1.04
       6.19[] 
 []


Overfull \hbox (22.4968pt too wide) in paragraph at lines 622--622
[]  []\OT1/cmtt/m/n/10 geom_errorbar[][]([][]aes[][]([][]ymin[] []= conf.low,[]
 []ymax[] []= conf.high),[] []width[] []=[] []0.1[][])[] []+[][] 
 []


Overfull \hbox (116.99597pt too wide) in paragraph at lines 625--625
[]  []\OT1/cmtt/m/n/10 labs[][]([][]y[] []=[] []"Hazard Ratio (HR)"[][],[] []x[
] []=[] []"Coefficient"[][],[] []title[] []=[] []"Cox model: HR and 95% CI"[][]
)[] []+[][] 
 []

<figure/cox-forest-1.pdf, id=99, pagebox=cropbox, 505.89pt x 505.89pt>
File: figure/cox-forest-1.pdf Graphic file (type pdf)
<use figure/cox-forest-1.pdf>
Package pdftex.def Info: figure/cox-forest-1.pdf  used on input line 629. on in
put line 629.
Package pdftex.def Info: Requested size: 345.0pt x 345.00414pt on input line 62
9.

Overfull \hbox (15.0pt too wide) in paragraph at lines 629--631
[][]
 []

[17] [18 <./figure/cox-forest-1.pdf>]
Missing character: There is no ‚ in font cmr10!
Missing character: There is no Ä in font cmr10!
Missing character: There is no ì in font cmr10!
 [19] [20]
(./Marcs_Survival_Handout_v5.aux) ) 
Here is how much of TeX's memory you used:
 2073 strings out of 494917
 28967 string characters out of 6180699
 96831 words of memory out of 5000000
 5364 multiletter control sequences out of 15000+600000
 8577 words of font info for 31 fonts, out of 8000000 for 9000
 14 hyphenation exceptions out of 8191
 41i,6n,35p,529b,282s stack positions out of 5000i,500n,10000p,200000b,80000s
</usr/share/texlive/texmf-dist/fonts/type1/p
ublic/amsfonts/cm/cmbx10.pfb></usr/share/texlive/texmf-dist/fonts/type1/public/
amsfonts/cm/cmbx12.pfb></usr/share/texlive/texmf-dist/fonts/type1/public/amsfon
ts/cm/cmitt10.pfb></usr/share/texlive/texmf-dist/fonts/type1/public/amsfonts/cm
/cmmi10.pfb></usr/share/texlive/texmf-dist/fonts/type1/public/amsfonts/cm/cmr10
.pfb></usr/share/texlive/texmf-dist/fonts/type1/public/amsfonts/cm/cmr12.pfb></
usr/share/texlive/texmf-dist/fonts/type1/public/amsfonts/cm/cmr17.pfb></usr/sha
re/texlive/texmf-dist/fonts/type1/public/amsfonts/cm/cmsy10.pfb></usr/share/tex
live/texmf-dist/fonts/type1/public/amsfonts/cm/cmti10.pfb></usr/share/texlive/t
exmf-dist/fonts/type1/public/amsfonts/cm/cmtt10.pfb>
Output written on Marcs_Survival_Handout_v5.pdf (20 pages, 191943 bytes).
PDF statistics:
 152 PDF objects out of 1000 (max. 8388607)
 108 compressed objects within 2 object streams
 0 named destinations out of 1000 (max. 500000)
 26 words of extra memory for PDF output out of 10000 (max. 10000000)

